<?xml version="1.0" encoding="UTF-8"?>
<testsuite xmlns:xsi="http://www.w3.org/2001/XMLSchema-instance" xsi:noNamespaceSchemaLocation="https://maven.apache.org/surefire/maven-surefire-plugin/xsd/surefire-test-report-3.0.xsd" version="3.0" name="com.org.EmployeemanagementSystem.EmployeemanagementSystemApplicationTests" time="4.442" tests="1" errors="0" skipped="0" failures="0">
  <properties>
    <property name="java.specification.version" value="17"/>
    <property name="sun.jnu.encoding" value="UTF-8"/>
    <property name="java.class.path" value="/home/ashutosh/Downloads/EmployeemanagementSystem/target/test-classes:/home/ashutosh/Downloads/EmployeemanagementSystem/target/classes:/home/ashutosh/.m2/repository/org/springframework/boot/spring-boot-starter-data-jpa/3.3.1/spring-boot-starter-data-jpa-3.3.1.jar:/home/ashutosh/.m2/repository/org/springframework/boot/spring-boot-starter-aop/3.3.1/spring-boot-starter-aop-3.3.1.jar:/home/ashutosh/.m2/repository/org/aspectj/aspectjweaver/1.9.22/aspectjweaver-1.9.22.jar:/home/ashutosh/.m2/repository/org/springframework/boot/spring-boot-starter-jdbc/3.3.1/spring-boot-starter-jdbc-3.3.1.jar:/home/ashutosh/.m2/repository/com/zaxxer/HikariCP/5.1.0/HikariCP-5.1.0.jar:/home/ashutosh/.m2/repository/org/springframework/spring-jdbc/6.1.10/spring-jdbc-6.1.10.jar:/home/ashutosh/.m2/repository/org/hibernate/orm/hibernate-core/6.5.2.Final/hibernate-core-6.5.2.Final.jar:/home/ashutosh/.m2/repository/jakarta/persistence/jakarta.persistence-api/3.1.0/jakarta.persistence-api-3.1.0.jar:/home/ashutosh/.m2/repository/jakarta/transaction/jakarta.transaction-api/2.0.1/jakarta.transaction-api-2.0.1.jar:/home/ashutosh/.m2/repository/org/jboss/logging/jboss-logging/3.5.3.Final/jboss-logging-3.5.3.Final.jar:/home/ashutosh/.m2/repository/org/hibernate/common/hibernate-commons-annotations/6.0.6.Final/hibernate-commons-annotations-6.0.6.Final.jar:/home/ashutosh/.m2/repository/io/smallrye/jandex/3.1.2/jandex-3.1.2.jar:/home/ashutosh/.m2/repository/com/fasterxml/classmate/1.7.0/classmate-1.7.0.jar:/home/ashutosh/.m2/repository/net/bytebuddy/byte-buddy/1.14.17/byte-buddy-1.14.17.jar:/home/ashutosh/.m2/repository/org/glassfish/jaxb/jaxb-runtime/4.0.5/jaxb-runtime-4.0.5.jar:/home/ashutosh/.m2/repository/org/glassfish/jaxb/jaxb-core/4.0.5/jaxb-core-4.0.5.jar:/home/ashutosh/.m2/repository/org/glassfish/jaxb/txw2/4.0.5/txw2-4.0.5.jar:/home/ashutosh/.m2/repository/com/sun/istack/istack-commons-runtime/4.1.2/istack-commons-runtime-4.1.2.jar:/home/ashutosh/.m2/repository/jakarta/inject/jakarta.inject-api/2.0.1/jakarta.inject-api-2.0.1.jar:/home/ashutosh/.m2/repository/org/antlr/antlr4-runtime/4.13.0/antlr4-runtime-4.13.0.jar:/home/ashutosh/.m2/repository/org/springframework/data/spring-data-jpa/3.3.1/spring-data-jpa-3.3.1.jar:/home/ashutosh/.m2/repository/org/springframework/data/spring-data-commons/3.3.1/spring-data-commons-3.3.1.jar:/home/ashutosh/.m2/repository/org/springframework/spring-orm/6.1.10/spring-orm-6.1.10.jar:/home/ashutosh/.m2/repository/org/springframework/spring-context/6.1.10/spring-context-6.1.10.jar:/home/ashutosh/.m2/repository/org/springframework/spring-tx/6.1.10/spring-tx-6.1.10.jar:/home/ashutosh/.m2/repository/org/springframework/spring-beans/6.1.10/spring-beans-6.1.10.jar:/home/ashutosh/.m2/repository/jakarta/annotation/jakarta.annotation-api/2.1.1/jakarta.annotation-api-2.1.1.jar:/home/ashutosh/.m2/repository/org/slf4j/slf4j-api/2.0.13/slf4j-api-2.0.13.jar:/home/ashutosh/.m2/repository/org/springframework/spring-aspects/6.1.10/spring-aspects-6.1.10.jar:/home/ashutosh/.m2/repository/org/springframework/boot/spring-boot-starter-thymeleaf/3.3.1/spring-boot-starter-thymeleaf-3.3.1.jar:/home/ashutosh/.m2/repository/org/springframework/boot/spring-boot-starter/3.3.1/spring-boot-starter-3.3.1.jar:/home/ashutosh/.m2/repository/org/springframework/boot/spring-boot/3.3.1/spring-boot-3.3.1.jar:/home/ashutosh/.m2/repository/org/springframework/boot/spring-boot-autoconfigure/3.3.1/spring-boot-autoconfigure-3.3.1.jar:/home/ashutosh/.m2/repository/org/springframework/boot/spring-boot-starter-logging/3.3.1/spring-boot-starter-logging-3.3.1.jar:/home/ashutosh/.m2/repository/ch/qos/logback/logback-classic/1.5.6/logback-classic-1.5.6.jar:/home/ashutosh/.m2/repository/ch/qos/logback/logback-core/1.5.6/logback-core-1.5.6.jar:/home/ashutosh/.m2/repository/org/apache/logging/log4j/log4j-to-slf4j/2.23.1/log4j-to-slf4j-2.23.1.jar:/home/ashutosh/.m2/repository/org/apache/logging/log4j/log4j-api/2.23.1/log4j-api-2.23.1.jar:/home/ashutosh/.m2/repository/org/slf4j/jul-to-slf4j/2.0.13/jul-to-slf4j-2.0.13.jar:/home/ashutosh/.m2/repository/org/yaml/snakeyaml/2.2/snakeyaml-2.2.jar:/home/ashutosh/.m2/repository/org/thymeleaf/thymeleaf-spring6/3.1.2.RELEASE/thymeleaf-spring6-3.1.2.RELEASE.jar:/home/ashutosh/.m2/repository/org/thymeleaf/thymeleaf/3.1.2.RELEASE/thymeleaf-3.1.2.RELEASE.jar:/home/ashutosh/.m2/repository/org/attoparser/attoparser/2.0.7.RELEASE/attoparser-2.0.7.RELEASE.jar:/home/ashutosh/.m2/repository/org/unbescape/unbescape/1.1.6.RELEASE/unbescape-1.1.6.RELEASE.jar:/home/ashutosh/.m2/repository/org/springframework/boot/spring-boot-starter-validation/3.3.1/spring-boot-starter-validation-3.3.1.jar:/home/ashutosh/.m2/repository/org/apache/tomcat/embed/tomcat-embed-el/10.1.25/tomcat-embed-el-10.1.25.jar:/home/ashutosh/.m2/repository/org/hibernate/validator/hibernate-validator/8.0.1.Final/hibernate-validator-8.0.1.Final.jar:/home/ashutosh/.m2/repository/jakarta/validation/jakarta.validation-api/3.0.2/jakarta.validation-api-3.0.2.jar:/home/ashutosh/.m2/repository/org/springframework/boot/spring-boot-starter-web/3.3.1/spring-boot-starter-web-3.3.1.jar:/home/ashutosh/.m2/repository/org/springframework/boot/spring-boot-starter-json/3.3.1/spring-boot-starter-json-3.3.1.jar:/home/ashutosh/.m2/repository/com/fasterxml/jackson/datatype/jackson-datatype-jdk8/2.17.1/jackson-datatype-jdk8-2.17.1.jar:/home/ashutosh/.m2/repository/com/fasterxml/jackson/datatype/jackson-datatype-jsr310/2.17.1/jackson-datatype-jsr310-2.17.1.jar:/home/ashutosh/.m2/repository/com/fasterxml/jackson/module/jackson-module-parameter-names/2.17.1/jackson-module-parameter-names-2.17.1.jar:/home/ashutosh/.m2/repository/org/springframework/boot/spring-boot-starter-tomcat/3.3.1/spring-boot-starter-tomcat-3.3.1.jar:/home/ashutosh/.m2/repository/org/apache/tomcat/embed/tomcat-embed-core/10.1.25/tomcat-embed-core-10.1.25.jar:/home/ashutosh/.m2/repository/org/apache/tomcat/embed/tomcat-embed-websocket/10.1.25/tomcat-embed-websocket-10.1.25.jar:/home/ashutosh/.m2/repository/org/springframework/spring-web/6.1.10/spring-web-6.1.10.jar:/home/ashutosh/.m2/repository/io/micrometer/micrometer-observation/1.13.1/micrometer-observation-1.13.1.jar:/home/ashutosh/.m2/repository/io/micrometer/micrometer-commons/1.13.1/micrometer-commons-1.13.1.jar:/home/ashutosh/.m2/repository/org/springframework/spring-webmvc/6.1.10/spring-webmvc-6.1.10.jar:/home/ashutosh/.m2/repository/org/springframework/spring-expression/6.1.10/spring-expression-6.1.10.jar:/home/ashutosh/.m2/repository/org/springframework/boot/spring-boot-starter-web-services/3.3.1/spring-boot-starter-web-services-3.3.1.jar:/home/ashutosh/.m2/repository/com/sun/xml/messaging/saaj/saaj-impl/3.0.4/saaj-impl-3.0.4.jar:/home/ashutosh/.m2/repository/jakarta/xml/soap/jakarta.xml.soap-api/3.0.2/jakarta.xml.soap-api-3.0.2.jar:/home/ashutosh/.m2/repository/org/jvnet/staxex/stax-ex/2.1.0/stax-ex-2.1.0.jar:/home/ashutosh/.m2/repository/jakarta/activation/jakarta.activation-api/2.1.3/jakarta.activation-api-2.1.3.jar:/home/ashutosh/.m2/repository/org/eclipse/angus/angus-activation/2.0.2/angus-activation-2.0.2.jar:/home/ashutosh/.m2/repository/jakarta/xml/ws/jakarta.xml.ws-api/4.0.2/jakarta.xml.ws-api-4.0.2.jar:/home/ashutosh/.m2/repository/org/springframework/spring-oxm/6.1.10/spring-oxm-6.1.10.jar:/home/ashutosh/.m2/repository/org/springframework/ws/spring-ws-core/4.0.11/spring-ws-core-4.0.11.jar:/home/ashutosh/.m2/repository/org/springframework/ws/spring-xml/4.0.11/spring-xml-4.0.11.jar:/home/ashutosh/.m2/repository/io/swagger/core/v3/swagger-annotations/2.2.22/swagger-annotations-2.2.22.jar:/home/ashutosh/.m2/repository/com/microsoft/sqlserver/mssql-jdbc/12.6.2.jre11/mssql-jdbc-12.6.2.jre11.jar:/home/ashutosh/.m2/repository/org/projectlombok/lombok/1.18.32/lombok-1.18.32.jar:/home/ashutosh/.m2/repository/org/springframework/boot/spring-boot-starter-test/3.3.1/spring-boot-starter-test-3.3.1.jar:/home/ashutosh/.m2/repository/org/springframework/boot/spring-boot-test/3.3.1/spring-boot-test-3.3.1.jar:/home/ashutosh/.m2/repository/org/springframework/boot/spring-boot-test-autoconfigure/3.3.1/spring-boot-test-autoconfigure-3.3.1.jar:/home/ashutosh/.m2/repository/com/jayway/jsonpath/json-path/2.9.0/json-path-2.9.0.jar:/home/ashutosh/.m2/repository/jakarta/xml/bind/jakarta.xml.bind-api/4.0.2/jakarta.xml.bind-api-4.0.2.jar:/home/ashutosh/.m2/repository/net/minidev/json-smart/2.5.1/json-smart-2.5.1.jar:/home/ashutosh/.m2/repository/net/minidev/accessors-smart/2.5.1/accessors-smart-2.5.1.jar:/home/ashutosh/.m2/repository/org/ow2/asm/asm/9.6/asm-9.6.jar:/home/ashutosh/.m2/repository/org/assertj/assertj-core/3.25.3/assertj-core-3.25.3.jar:/home/ashutosh/.m2/repository/org/awaitility/awaitility/4.2.1/awaitility-4.2.1.jar:/home/ashutosh/.m2/repository/org/hamcrest/hamcrest/2.2/hamcrest-2.2.jar:/home/ashutosh/.m2/repository/org/junit/jupiter/junit-jupiter/5.10.2/junit-jupiter-5.10.2.jar:/home/ashutosh/.m2/repository/org/junit/jupiter/junit-jupiter-api/5.10.2/junit-jupiter-api-5.10.2.jar:/home/ashutosh/.m2/repository/org/opentest4j/opentest4j/1.3.0/opentest4j-1.3.0.jar:/home/ashutosh/.m2/repository/org/junit/platform/junit-platform-commons/1.10.2/junit-platform-commons-1.10.2.jar:/home/ashutosh/.m2/repository/org/apiguardian/apiguardian-api/1.1.2/apiguardian-api-1.1.2.jar:/home/ashutosh/.m2/repository/org/junit/jupiter/junit-jupiter-params/5.10.2/junit-jupiter-params-5.10.2.jar:/home/ashutosh/.m2/repository/org/junit/jupiter/junit-jupiter-engine/5.10.2/junit-jupiter-engine-5.10.2.jar:/home/ashutosh/.m2/repository/org/junit/platform/junit-platform-engine/1.10.2/junit-platform-engine-1.10.2.jar:/home/ashutosh/.m2/repository/org/mockito/mockito-core/5.11.0/mockito-core-5.11.0.jar:/home/ashutosh/.m2/repository/net/bytebuddy/byte-buddy-agent/1.14.17/byte-buddy-agent-1.14.17.jar:/home/ashutosh/.m2/repository/org/objenesis/objenesis/3.3/objenesis-3.3.jar:/home/ashutosh/.m2/repository/org/mockito/mockito-junit-jupiter/5.11.0/mockito-junit-jupiter-5.11.0.jar:/home/ashutosh/.m2/repository/org/skyscreamer/jsonassert/1.5.1/jsonassert-1.5.1.jar:/home/ashutosh/.m2/repository/com/vaadin/external/google/android-json/0.0.20131108.vaadin1/android-json-0.0.20131108.vaadin1.jar:/home/ashutosh/.m2/repository/org/springframework/spring-core/6.1.10/spring-core-6.1.10.jar:/home/ashutosh/.m2/repository/org/springframework/spring-jcl/6.1.10/spring-jcl-6.1.10.jar:/home/ashutosh/.m2/repository/org/springframework/spring-test/6.1.10/spring-test-6.1.10.jar:/home/ashutosh/.m2/repository/org/xmlunit/xmlunit-core/2.9.1/xmlunit-core-2.9.1.jar:/home/ashutosh/.m2/repository/org/springdoc/springdoc-openapi-starter-webmvc-ui/2.5.0/springdoc-openapi-starter-webmvc-ui-2.5.0.jar:/home/ashutosh/.m2/repository/org/springdoc/springdoc-openapi-starter-webmvc-api/2.5.0/springdoc-openapi-starter-webmvc-api-2.5.0.jar:/home/ashutosh/.m2/repository/org/springdoc/springdoc-openapi-starter-common/2.5.0/springdoc-openapi-starter-common-2.5.0.jar:/home/ashutosh/.m2/repository/io/swagger/core/v3/swagger-core-jakarta/2.2.21/swagger-core-jakarta-2.2.21.jar:/home/ashutosh/.m2/repository/io/swagger/core/v3/swagger-annotations-jakarta/2.2.21/swagger-annotations-jakarta-2.2.21.jar:/home/ashutosh/.m2/repository/io/swagger/core/v3/swagger-models-jakarta/2.2.21/swagger-models-jakarta-2.2.21.jar:/home/ashutosh/.m2/repository/com/fasterxml/jackson/dataformat/jackson-dataformat-yaml/2.17.1/jackson-dataformat-yaml-2.17.1.jar:/home/ashutosh/.m2/repository/org/webjars/swagger-ui/5.13.0/swagger-ui-5.13.0.jar:/home/ashutosh/.m2/repository/com/mysql/mysql-connector-j/8.3.0/mysql-connector-j-8.3.0.jar:/home/ashutosh/.m2/repository/org/springframework/boot/spring-boot-starter-security/3.3.1/spring-boot-starter-security-3.3.1.jar:/home/ashutosh/.m2/repository/org/springframework/spring-aop/6.1.10/spring-aop-6.1.10.jar:/home/ashutosh/.m2/repository/org/springframework/security/spring-security-config/6.3.1/spring-security-config-6.3.1.jar:/home/ashutosh/.m2/repository/org/springframework/security/spring-security-core/6.3.1/spring-security-core-6.3.1.jar:/home/ashutosh/.m2/repository/org/springframework/security/spring-security-crypto/6.3.1/spring-security-crypto-6.3.1.jar:/home/ashutosh/.m2/repository/org/springframework/security/spring-security-web/6.3.1/spring-security-web-6.3.1.jar:/home/ashutosh/.m2/repository/io/jsonwebtoken/jjwt-api/0.11.5/jjwt-api-0.11.5.jar:/home/ashutosh/.m2/repository/io/jsonwebtoken/jjwt-impl/0.11.5/jjwt-impl-0.11.5.jar:/home/ashutosh/.m2/repository/io/jsonwebtoken/jjwt-jackson/0.11.5/jjwt-jackson-0.11.5.jar:/home/ashutosh/.m2/repository/com/fasterxml/jackson/core/jackson-databind/2.17.1/jackson-databind-2.17.1.jar:/home/ashutosh/.m2/repository/com/fasterxml/jackson/core/jackson-annotations/2.17.1/jackson-annotations-2.17.1.jar:/home/ashutosh/.m2/repository/com/fasterxml/jackson/core/jackson-core/2.17.1/jackson-core-2.17.1.jar:/home/ashutosh/.m2/repository/org/apache/commons/commons-lang3/3.14.0/commons-lang3-3.14.0.jar:"/>
    <property name="java.vm.vendor" value="Ubuntu"/>
    <property name="sun.arch.data.model" value="64"/>
    <property name="java.vendor.url" value="https://ubuntu.com/"/>
    <property name="user.timezone" value="Asia/Kolkata"/>
    <property name="org.jboss.logging.provider" value="slf4j"/>
    <property name="os.name" value="Linux"/>
    <property name="java.vm.specification.version" value="17"/>
    <property name="sun.java.launcher" value="SUN_STANDARD"/>
    <property name="user.country" value="IN"/>
    <property name="sun.boot.library.path" value="/usr/lib/jvm/java-17-openjdk-amd64/lib"/>
    <property name="sun.java.command" value="/home/ashutosh/Downloads/EmployeemanagementSystem/target/surefire/surefirebooter-20240713190646706_3.jar /home/ashutosh/Downloads/EmployeemanagementSystem/target/surefire 2024-07-13T19-06-46_628-jvmRun1 surefire-20240713190646706_1tmp surefire_0-20240713190646706_2tmp"/>
    <property name="jdk.debug" value="release"/>
    <property name="surefire.test.class.path" value="/home/ashutosh/Downloads/EmployeemanagementSystem/target/test-classes:/home/ashutosh/Downloads/EmployeemanagementSystem/target/classes:/home/ashutosh/.m2/repository/org/springframework/boot/spring-boot-starter-data-jpa/3.3.1/spring-boot-starter-data-jpa-3.3.1.jar:/home/ashutosh/.m2/repository/org/springframework/boot/spring-boot-starter-aop/3.3.1/spring-boot-starter-aop-3.3.1.jar:/home/ashutosh/.m2/repository/org/aspectj/aspectjweaver/1.9.22/aspectjweaver-1.9.22.jar:/home/ashutosh/.m2/repository/org/springframework/boot/spring-boot-starter-jdbc/3.3.1/spring-boot-starter-jdbc-3.3.1.jar:/home/ashutosh/.m2/repository/com/zaxxer/HikariCP/5.1.0/HikariCP-5.1.0.jar:/home/ashutosh/.m2/repository/org/springframework/spring-jdbc/6.1.10/spring-jdbc-6.1.10.jar:/home/ashutosh/.m2/repository/org/hibernate/orm/hibernate-core/6.5.2.Final/hibernate-core-6.5.2.Final.jar:/home/ashutosh/.m2/repository/jakarta/persistence/jakarta.persistence-api/3.1.0/jakarta.persistence-api-3.1.0.jar:/home/ashutosh/.m2/repository/jakarta/transaction/jakarta.transaction-api/2.0.1/jakarta.transaction-api-2.0.1.jar:/home/ashutosh/.m2/repository/org/jboss/logging/jboss-logging/3.5.3.Final/jboss-logging-3.5.3.Final.jar:/home/ashutosh/.m2/repository/org/hibernate/common/hibernate-commons-annotations/6.0.6.Final/hibernate-commons-annotations-6.0.6.Final.jar:/home/ashutosh/.m2/repository/io/smallrye/jandex/3.1.2/jandex-3.1.2.jar:/home/ashutosh/.m2/repository/com/fasterxml/classmate/1.7.0/classmate-1.7.0.jar:/home/ashutosh/.m2/repository/net/bytebuddy/byte-buddy/1.14.17/byte-buddy-1.14.17.jar:/home/ashutosh/.m2/repository/org/glassfish/jaxb/jaxb-runtime/4.0.5/jaxb-runtime-4.0.5.jar:/home/ashutosh/.m2/repository/org/glassfish/jaxb/jaxb-core/4.0.5/jaxb-core-4.0.5.jar:/home/ashutosh/.m2/repository/org/glassfish/jaxb/txw2/4.0.5/txw2-4.0.5.jar:/home/ashutosh/.m2/repository/com/sun/istack/istack-commons-runtime/4.1.2/istack-commons-runtime-4.1.2.jar:/home/ashutosh/.m2/repository/jakarta/inject/jakarta.inject-api/2.0.1/jakarta.inject-api-2.0.1.jar:/home/ashutosh/.m2/repository/org/antlr/antlr4-runtime/4.13.0/antlr4-runtime-4.13.0.jar:/home/ashutosh/.m2/repository/org/springframework/data/spring-data-jpa/3.3.1/spring-data-jpa-3.3.1.jar:/home/ashutosh/.m2/repository/org/springframework/data/spring-data-commons/3.3.1/spring-data-commons-3.3.1.jar:/home/ashutosh/.m2/repository/org/springframework/spring-orm/6.1.10/spring-orm-6.1.10.jar:/home/ashutosh/.m2/repository/org/springframework/spring-context/6.1.10/spring-context-6.1.10.jar:/home/ashutosh/.m2/repository/org/springframework/spring-tx/6.1.10/spring-tx-6.1.10.jar:/home/ashutosh/.m2/repository/org/springframework/spring-beans/6.1.10/spring-beans-6.1.10.jar:/home/ashutosh/.m2/repository/jakarta/annotation/jakarta.annotation-api/2.1.1/jakarta.annotation-api-2.1.1.jar:/home/ashutosh/.m2/repository/org/slf4j/slf4j-api/2.0.13/slf4j-api-2.0.13.jar:/home/ashutosh/.m2/repository/org/springframework/spring-aspects/6.1.10/spring-aspects-6.1.10.jar:/home/ashutosh/.m2/repository/org/springframework/boot/spring-boot-starter-thymeleaf/3.3.1/spring-boot-starter-thymeleaf-3.3.1.jar:/home/ashutosh/.m2/repository/org/springframework/boot/spring-boot-starter/3.3.1/spring-boot-starter-3.3.1.jar:/home/ashutosh/.m2/repository/org/springframework/boot/spring-boot/3.3.1/spring-boot-3.3.1.jar:/home/ashutosh/.m2/repository/org/springframework/boot/spring-boot-autoconfigure/3.3.1/spring-boot-autoconfigure-3.3.1.jar:/home/ashutosh/.m2/repository/org/springframework/boot/spring-boot-starter-logging/3.3.1/spring-boot-starter-logging-3.3.1.jar:/home/ashutosh/.m2/repository/ch/qos/logback/logback-classic/1.5.6/logback-classic-1.5.6.jar:/home/ashutosh/.m2/repository/ch/qos/logback/logback-core/1.5.6/logback-core-1.5.6.jar:/home/ashutosh/.m2/repository/org/apache/logging/log4j/log4j-to-slf4j/2.23.1/log4j-to-slf4j-2.23.1.jar:/home/ashutosh/.m2/repository/org/apache/logging/log4j/log4j-api/2.23.1/log4j-api-2.23.1.jar:/home/ashutosh/.m2/repository/org/slf4j/jul-to-slf4j/2.0.13/jul-to-slf4j-2.0.13.jar:/home/ashutosh/.m2/repository/org/yaml/snakeyaml/2.2/snakeyaml-2.2.jar:/home/ashutosh/.m2/repository/org/thymeleaf/thymeleaf-spring6/3.1.2.RELEASE/thymeleaf-spring6-3.1.2.RELEASE.jar:/home/ashutosh/.m2/repository/org/thymeleaf/thymeleaf/3.1.2.RELEASE/thymeleaf-3.1.2.RELEASE.jar:/home/ashutosh/.m2/repository/org/attoparser/attoparser/2.0.7.RELEASE/attoparser-2.0.7.RELEASE.jar:/home/ashutosh/.m2/repository/org/unbescape/unbescape/1.1.6.RELEASE/unbescape-1.1.6.RELEASE.jar:/home/ashutosh/.m2/repository/org/springframework/boot/spring-boot-starter-validation/3.3.1/spring-boot-starter-validation-3.3.1.jar:/home/ashutosh/.m2/repository/org/apache/tomcat/embed/tomcat-embed-el/10.1.25/tomcat-embed-el-10.1.25.jar:/home/ashutosh/.m2/repository/org/hibernate/validator/hibernate-validator/8.0.1.Final/hibernate-validator-8.0.1.Final.jar:/home/ashutosh/.m2/repository/jakarta/validation/jakarta.validation-api/3.0.2/jakarta.validation-api-3.0.2.jar:/home/ashutosh/.m2/repository/org/springframework/boot/spring-boot-starter-web/3.3.1/spring-boot-starter-web-3.3.1.jar:/home/ashutosh/.m2/repository/org/springframework/boot/spring-boot-starter-json/3.3.1/spring-boot-starter-json-3.3.1.jar:/home/ashutosh/.m2/repository/com/fasterxml/jackson/datatype/jackson-datatype-jdk8/2.17.1/jackson-datatype-jdk8-2.17.1.jar:/home/ashutosh/.m2/repository/com/fasterxml/jackson/datatype/jackson-datatype-jsr310/2.17.1/jackson-datatype-jsr310-2.17.1.jar:/home/ashutosh/.m2/repository/com/fasterxml/jackson/module/jackson-module-parameter-names/2.17.1/jackson-module-parameter-names-2.17.1.jar:/home/ashutosh/.m2/repository/org/springframework/boot/spring-boot-starter-tomcat/3.3.1/spring-boot-starter-tomcat-3.3.1.jar:/home/ashutosh/.m2/repository/org/apache/tomcat/embed/tomcat-embed-core/10.1.25/tomcat-embed-core-10.1.25.jar:/home/ashutosh/.m2/repository/org/apache/tomcat/embed/tomcat-embed-websocket/10.1.25/tomcat-embed-websocket-10.1.25.jar:/home/ashutosh/.m2/repository/org/springframework/spring-web/6.1.10/spring-web-6.1.10.jar:/home/ashutosh/.m2/repository/io/micrometer/micrometer-observation/1.13.1/micrometer-observation-1.13.1.jar:/home/ashutosh/.m2/repository/io/micrometer/micrometer-commons/1.13.1/micrometer-commons-1.13.1.jar:/home/ashutosh/.m2/repository/org/springframework/spring-webmvc/6.1.10/spring-webmvc-6.1.10.jar:/home/ashutosh/.m2/repository/org/springframework/spring-expression/6.1.10/spring-expression-6.1.10.jar:/home/ashutosh/.m2/repository/org/springframework/boot/spring-boot-starter-web-services/3.3.1/spring-boot-starter-web-services-3.3.1.jar:/home/ashutosh/.m2/repository/com/sun/xml/messaging/saaj/saaj-impl/3.0.4/saaj-impl-3.0.4.jar:/home/ashutosh/.m2/repository/jakarta/xml/soap/jakarta.xml.soap-api/3.0.2/jakarta.xml.soap-api-3.0.2.jar:/home/ashutosh/.m2/repository/org/jvnet/staxex/stax-ex/2.1.0/stax-ex-2.1.0.jar:/home/ashutosh/.m2/repository/jakarta/activation/jakarta.activation-api/2.1.3/jakarta.activation-api-2.1.3.jar:/home/ashutosh/.m2/repository/org/eclipse/angus/angus-activation/2.0.2/angus-activation-2.0.2.jar:/home/ashutosh/.m2/repository/jakarta/xml/ws/jakarta.xml.ws-api/4.0.2/jakarta.xml.ws-api-4.0.2.jar:/home/ashutosh/.m2/repository/org/springframework/spring-oxm/6.1.10/spring-oxm-6.1.10.jar:/home/ashutosh/.m2/repository/org/springframework/ws/spring-ws-core/4.0.11/spring-ws-core-4.0.11.jar:/home/ashutosh/.m2/repository/org/springframework/ws/spring-xml/4.0.11/spring-xml-4.0.11.jar:/home/ashutosh/.m2/repository/io/swagger/core/v3/swagger-annotations/2.2.22/swagger-annotations-2.2.22.jar:/home/ashutosh/.m2/repository/com/microsoft/sqlserver/mssql-jdbc/12.6.2.jre11/mssql-jdbc-12.6.2.jre11.jar:/home/ashutosh/.m2/repository/org/projectlombok/lombok/1.18.32/lombok-1.18.32.jar:/home/ashutosh/.m2/repository/org/springframework/boot/spring-boot-starter-test/3.3.1/spring-boot-starter-test-3.3.1.jar:/home/ashutosh/.m2/repository/org/springframework/boot/spring-boot-test/3.3.1/spring-boot-test-3.3.1.jar:/home/ashutosh/.m2/repository/org/springframework/boot/spring-boot-test-autoconfigure/3.3.1/spring-boot-test-autoconfigure-3.3.1.jar:/home/ashutosh/.m2/repository/com/jayway/jsonpath/json-path/2.9.0/json-path-2.9.0.jar:/home/ashutosh/.m2/repository/jakarta/xml/bind/jakarta.xml.bind-api/4.0.2/jakarta.xml.bind-api-4.0.2.jar:/home/ashutosh/.m2/repository/net/minidev/json-smart/2.5.1/json-smart-2.5.1.jar:/home/ashutosh/.m2/repository/net/minidev/accessors-smart/2.5.1/accessors-smart-2.5.1.jar:/home/ashutosh/.m2/repository/org/ow2/asm/asm/9.6/asm-9.6.jar:/home/ashutosh/.m2/repository/org/assertj/assertj-core/3.25.3/assertj-core-3.25.3.jar:/home/ashutosh/.m2/repository/org/awaitility/awaitility/4.2.1/awaitility-4.2.1.jar:/home/ashutosh/.m2/repository/org/hamcrest/hamcrest/2.2/hamcrest-2.2.jar:/home/ashutosh/.m2/repository/org/junit/jupiter/junit-jupiter/5.10.2/junit-jupiter-5.10.2.jar:/home/ashutosh/.m2/repository/org/junit/jupiter/junit-jupiter-api/5.10.2/junit-jupiter-api-5.10.2.jar:/home/ashutosh/.m2/repository/org/opentest4j/opentest4j/1.3.0/opentest4j-1.3.0.jar:/home/ashutosh/.m2/repository/org/junit/platform/junit-platform-commons/1.10.2/junit-platform-commons-1.10.2.jar:/home/ashutosh/.m2/repository/org/apiguardian/apiguardian-api/1.1.2/apiguardian-api-1.1.2.jar:/home/ashutosh/.m2/repository/org/junit/jupiter/junit-jupiter-params/5.10.2/junit-jupiter-params-5.10.2.jar:/home/ashutosh/.m2/repository/org/junit/jupiter/junit-jupiter-engine/5.10.2/junit-jupiter-engine-5.10.2.jar:/home/ashutosh/.m2/repository/org/junit/platform/junit-platform-engine/1.10.2/junit-platform-engine-1.10.2.jar:/home/ashutosh/.m2/repository/org/mockito/mockito-core/5.11.0/mockito-core-5.11.0.jar:/home/ashutosh/.m2/repository/net/bytebuddy/byte-buddy-agent/1.14.17/byte-buddy-agent-1.14.17.jar:/home/ashutosh/.m2/repository/org/objenesis/objenesis/3.3/objenesis-3.3.jar:/home/ashutosh/.m2/repository/org/mockito/mockito-junit-jupiter/5.11.0/mockito-junit-jupiter-5.11.0.jar:/home/ashutosh/.m2/repository/org/skyscreamer/jsonassert/1.5.1/jsonassert-1.5.1.jar:/home/ashutosh/.m2/repository/com/vaadin/external/google/android-json/0.0.20131108.vaadin1/android-json-0.0.20131108.vaadin1.jar:/home/ashutosh/.m2/repository/org/springframework/spring-core/6.1.10/spring-core-6.1.10.jar:/home/ashutosh/.m2/repository/org/springframework/spring-jcl/6.1.10/spring-jcl-6.1.10.jar:/home/ashutosh/.m2/repository/org/springframework/spring-test/6.1.10/spring-test-6.1.10.jar:/home/ashutosh/.m2/repository/org/xmlunit/xmlunit-core/2.9.1/xmlunit-core-2.9.1.jar:/home/ashutosh/.m2/repository/org/springdoc/springdoc-openapi-starter-webmvc-ui/2.5.0/springdoc-openapi-starter-webmvc-ui-2.5.0.jar:/home/ashutosh/.m2/repository/org/springdoc/springdoc-openapi-starter-webmvc-api/2.5.0/springdoc-openapi-starter-webmvc-api-2.5.0.jar:/home/ashutosh/.m2/repository/org/springdoc/springdoc-openapi-starter-common/2.5.0/springdoc-openapi-starter-common-2.5.0.jar:/home/ashutosh/.m2/repository/io/swagger/core/v3/swagger-core-jakarta/2.2.21/swagger-core-jakarta-2.2.21.jar:/home/ashutosh/.m2/repository/io/swagger/core/v3/swagger-annotations-jakarta/2.2.21/swagger-annotations-jakarta-2.2.21.jar:/home/ashutosh/.m2/repository/io/swagger/core/v3/swagger-models-jakarta/2.2.21/swagger-models-jakarta-2.2.21.jar:/home/ashutosh/.m2/repository/com/fasterxml/jackson/dataformat/jackson-dataformat-yaml/2.17.1/jackson-dataformat-yaml-2.17.1.jar:/home/ashutosh/.m2/repository/org/webjars/swagger-ui/5.13.0/swagger-ui-5.13.0.jar:/home/ashutosh/.m2/repository/com/mysql/mysql-connector-j/8.3.0/mysql-connector-j-8.3.0.jar:/home/ashutosh/.m2/repository/org/springframework/boot/spring-boot-starter-security/3.3.1/spring-boot-starter-security-3.3.1.jar:/home/ashutosh/.m2/repository/org/springframework/spring-aop/6.1.10/spring-aop-6.1.10.jar:/home/ashutosh/.m2/repository/org/springframework/security/spring-security-config/6.3.1/spring-security-config-6.3.1.jar:/home/ashutosh/.m2/repository/org/springframework/security/spring-security-core/6.3.1/spring-security-core-6.3.1.jar:/home/ashutosh/.m2/repository/org/springframework/security/spring-security-crypto/6.3.1/spring-security-crypto-6.3.1.jar:/home/ashutosh/.m2/repository/org/springframework/security/spring-security-web/6.3.1/spring-security-web-6.3.1.jar:/home/ashutosh/.m2/repository/io/jsonwebtoken/jjwt-api/0.11.5/jjwt-api-0.11.5.jar:/home/ashutosh/.m2/repository/io/jsonwebtoken/jjwt-impl/0.11.5/jjwt-impl-0.11.5.jar:/home/ashutosh/.m2/repository/io/jsonwebtoken/jjwt-jackson/0.11.5/jjwt-jackson-0.11.5.jar:/home/ashutosh/.m2/repository/com/fasterxml/jackson/core/jackson-databind/2.17.1/jackson-databind-2.17.1.jar:/home/ashutosh/.m2/repository/com/fasterxml/jackson/core/jackson-annotations/2.17.1/jackson-annotations-2.17.1.jar:/home/ashutosh/.m2/repository/com/fasterxml/jackson/core/jackson-core/2.17.1/jackson-core-2.17.1.jar:/home/ashutosh/.m2/repository/org/apache/commons/commons-lang3/3.14.0/commons-lang3-3.14.0.jar:"/>
    <property name="sun.cpu.endian" value="little"/>
    <property name="user.home" value="/home/ashutosh"/>
    <property name="user.language" value="en"/>
    <property name="java.specification.vendor" value="Oracle Corporation"/>
    <property name="java.version.date" value="2024-04-16"/>
    <property name="java.home" value="/usr/lib/jvm/java-17-openjdk-amd64"/>
    <property name="file.separator" value="/"/>
    <property name="basedir" value="/home/ashutosh/Downloads/EmployeemanagementSystem"/>
    <property name="java.vm.compressedOopsMode" value="32-bit"/>
    <property name="line.separator" value="&#10;"/>
    <property name="java.specification.name" value="Java Platform API Specification"/>
    <property name="java.vm.specification.vendor" value="Oracle Corporation"/>
    <property name="FILE_LOG_CHARSET" value="UTF-8"/>
    <property name="java.awt.headless" value="true"/>
    <property name="surefire.real.class.path" value="/home/ashutosh/Downloads/EmployeemanagementSystem/target/surefire/surefirebooter-20240713190646706_3.jar"/>
    <property name="sun.management.compiler" value="HotSpot 64-Bit Tiered Compilers"/>
    <property name="java.runtime.version" value="17.0.11+9-Ubuntu-122.04.1"/>
    <property name="user.name" value="ashutosh"/>
    <property name="path.separator" value=":"/>
    <property name="os.version" value="6.5.0-41-generic"/>
    <property name="java.runtime.name" value="OpenJDK Runtime Environment"/>
    <property name="file.encoding" value="UTF-8"/>
    <property name="java.vm.name" value="OpenJDK 64-Bit Server VM"/>
    <property name="localRepository" value="/home/ashutosh/.m2/repository"/>
    <property name="java.vendor.url.bug" value="https://bugs.launchpad.net/ubuntu/+source/openjdk-17"/>
    <property name="java.io.tmpdir" value="/tmp"/>
    <property name="com.zaxxer.hikari.pool_number" value="1"/>
    <property name="java.version" value="17.0.11"/>
    <property name="user.dir" value="/home/ashutosh/Downloads/EmployeemanagementSystem"/>
    <property name="os.arch" value="amd64"/>
    <property name="java.vm.specification.name" value="Java Virtual Machine Specification"/>
    <property name="PID" value="36136"/>
    <property name="CONSOLE_LOG_CHARSET" value="UTF-8"/>
    <property name="native.encoding" value="UTF-8"/>
    <property name="java.library.path" value="/usr/java/packages/lib:/usr/lib/x86_64-linux-gnu/jni:/lib/x86_64-linux-gnu:/usr/lib/x86_64-linux-gnu:/usr/lib/jni:/lib:/usr/lib"/>
    <property name="java.vm.info" value="mixed mode, sharing"/>
    <property name="java.vendor" value="Ubuntu"/>
    <property name="java.vm.version" value="17.0.11+9-Ubuntu-122.04.1"/>
    <property name="sun.io.unicode.encoding" value="UnicodeLittle"/>
    <property name="java.class.version" value="61.0"/>
    <property name="LOGGED_APPLICATION_NAME" value="[EmployeemanagementSystem] "/>
  </properties>
  <testcase name="contextLoads" classname="com.org.EmployeemanagementSystem.EmployeemanagementSystemApplicationTests" time="0.376">
    <system-out><![CDATA[19:06:47.328 [main] INFO org.springframework.test.context.support.AnnotationConfigContextLoaderUtils -- Could not detect default configuration classes for test class [com.org.EmployeemanagementSystem.EmployeemanagementSystemApplicationTests]: EmployeemanagementSystemApplicationTests does not declare any static, non-private, non-final, nested classes annotated with @Configuration.
19:06:47.396 [main] INFO org.springframework.boot.test.context.SpringBootTestContextBootstrapper -- Found @SpringBootConfiguration com.org.EmployeemanagementSystem.EmployeemanagementSystemApplication for test class com.org.EmployeemanagementSystem.EmployeemanagementSystemApplicationTests

  .   ____          _            __ _ _
 /\\ / ___'_ __ _ _(_)_ __  __ _ \ \ \ \
( ( )\___ | '_ | '_| | '_ \/ _` | \ \ \ \
 \\/  ___)| |_)| | | | | || (_| |  ) ) ) )
  '  |____| .__|_| |_|_| |_\__, | / / / /
 =========|_|==============|___/=/_/_/_/

 :: Spring Boot ::                (v3.3.1)

2024-07-13T19:06:47.643+05:30 DEBUG 36136 --- [EmployeemanagementSystem] [kground-preinit] o.h.v.i.xml.config.ValidationXmlParser   : Trying to load META-INF/validation.xml for XML based Validator configuration.
2024-07-13T19:06:47.645+05:30 DEBUG 36136 --- [EmployeemanagementSystem] [kground-preinit] o.h.v.i.xml.config.ResourceLoaderHelper  : Trying to load META-INF/validation.xml via TCCL
2024-07-13T19:06:47.646+05:30 DEBUG 36136 --- [EmployeemanagementSystem] [kground-preinit] o.h.v.i.xml.config.ResourceLoaderHelper  : Trying to load META-INF/validation.xml via Hibernate Validator's class loader
2024-07-13T19:06:47.646+05:30 DEBUG 36136 --- [EmployeemanagementSystem] [kground-preinit] o.h.v.i.xml.config.ValidationXmlParser   : No META-INF/validation.xml found. Using annotation based configuration only.
2024-07-13T19:06:47.650+05:30 DEBUG 36136 --- [EmployeemanagementSystem] [kground-preinit] o.h.v.i.e.resolver.TraversableResolvers  : Found jakarta.persistence.Persistence on classpath containing 'getPersistenceUtil'. Assuming JPA 2 environment. Trying to instantiate JPA aware TraversableResolver
2024-07-13T19:06:47.651+05:30 DEBUG 36136 --- [EmployeemanagementSystem] [kground-preinit] o.h.v.i.e.resolver.TraversableResolvers  : Instantiated JPA aware TraversableResolver of type org.hibernate.validator.internal.engine.resolver.JPATraversableResolver.
2024-07-13T19:06:47.658+05:30  INFO 36136 --- [EmployeemanagementSystem] [           main] EmployeemanagementSystemApplicationTests : Starting EmployeemanagementSystemApplicationTests using Java 17.0.11 with PID 36136 (started by ashutosh in /home/ashutosh/Downloads/EmployeemanagementSystem)
2024-07-13T19:06:47.659+05:30  INFO 36136 --- [EmployeemanagementSystem] [           main] EmployeemanagementSystemApplicationTests : No active profile set, falling back to 1 default profile: "default"
2024-07-13T19:06:47.676+05:30 DEBUG 36136 --- [EmployeemanagementSystem] [kground-preinit] .h.v.m.ResourceBundleMessageInterpolator : Loaded expression factory via original TCCL
2024-07-13T19:06:47.732+05:30 DEBUG 36136 --- [EmployeemanagementSystem] [kground-preinit] .i.e.ValidatorFactoryConfigurationHelper : HV000252: Using org.hibernate.validator.internal.engine.DefaultPropertyNodeNameProvider as property node name provider.
2024-07-13T19:06:47.735+05:30 DEBUG 36136 --- [EmployeemanagementSystem] [kground-preinit] .i.e.ValidatorFactoryConfigurationHelper : HV000234: Using org.hibernate.validator.messageinterpolation.ResourceBundleMessageInterpolator as ValidatorFactory-scoped message interpolator.
2024-07-13T19:06:47.736+05:30 DEBUG 36136 --- [EmployeemanagementSystem] [kground-preinit] .i.e.ValidatorFactoryConfigurationHelper : HV000234: Using org.hibernate.validator.internal.engine.resolver.JPATraversableResolver as ValidatorFactory-scoped traversable resolver.
2024-07-13T19:06:47.736+05:30 DEBUG 36136 --- [EmployeemanagementSystem] [kground-preinit] .i.e.ValidatorFactoryConfigurationHelper : HV000234: Using org.hibernate.validator.internal.util.ExecutableParameterNameProvider as ValidatorFactory-scoped parameter name provider.
2024-07-13T19:06:47.736+05:30 DEBUG 36136 --- [EmployeemanagementSystem] [kground-preinit] .i.e.ValidatorFactoryConfigurationHelper : HV000234: Using org.hibernate.validator.internal.engine.DefaultClockProvider as ValidatorFactory-scoped clock provider.
2024-07-13T19:06:47.736+05:30 DEBUG 36136 --- [EmployeemanagementSystem] [kground-preinit] .i.e.ValidatorFactoryConfigurationHelper : HV000234: Using org.hibernate.validator.internal.engine.scripting.DefaultScriptEvaluatorFactory as ValidatorFactory-scoped script evaluator factory.
2024-07-13T19:06:48.343+05:30  INFO 36136 --- [EmployeemanagementSystem] [           main] .s.d.r.c.RepositoryConfigurationDelegate : Bootstrapping Spring Data JPA repositories in DEFAULT mode.
2024-07-13T19:06:48.383+05:30  INFO 36136 --- [EmployeemanagementSystem] [           main] .s.d.r.c.RepositoryConfigurationDelegate : Finished Spring Data repository scanning in 36 ms. Found 1 JPA repository interface.
2024-07-13T19:06:48.631+05:30  WARN 36136 --- [EmployeemanagementSystem] [           main] trationDelegate$BeanPostProcessorChecker : Bean 'org.springframework.ws.config.annotation.DelegatingWsConfiguration' of type [org.springframework.ws.config.annotation.DelegatingWsConfiguration$$SpringCGLIB$$0] is not eligible for getting processed by all BeanPostProcessors (for example: not eligible for auto-proxying). The currently created BeanPostProcessor [annotationActionEndpointMapping] is declared through a non-static factory method on that class; consider declaring it as static instead.
2024-07-13T19:06:48.660+05:30  INFO 36136 --- [EmployeemanagementSystem] [           main] .w.s.a.s.AnnotationActionEndpointMapping : Supporting [WS-Addressing August 2004, WS-Addressing 1.0]
2024-07-13T19:06:48.764+05:30 DEBUG 36136 --- [EmployeemanagementSystem] [           main] o.hibernate.jpa.internal.util.LogHelper  : PersistenceUnitInfo [
	name: default
	persistence provider classname: null
	classloader: jdk.internal.loader.ClassLoaders$AppClassLoader@2cdf8d8a
	excludeUnlistedClasses: true
	JTA datasource: null
	Non JTA datasource: HikariDataSource (null)
	Transaction type: RESOURCE_LOCAL
	PU root URL: file:/home/ashutosh/Downloads/EmployeemanagementSystem/target/test-classes/
	Shared Cache Mode: UNSPECIFIED
	Validation Mode: AUTO
	Jar files URLs []
	Managed classes names [
		com.org.EmployeemanagementSystem.entities.User]
	Mapping files names []
	Properties []
2024-07-13T19:06:48.770+05:30 DEBUG 36136 --- [EmployeemanagementSystem] [           main] o.h.i.internal.IntegratorServiceImpl     : Adding Integrator [org.hibernate.boot.beanvalidation.BeanValidationIntegrator].
2024-07-13T19:06:48.771+05:30 DEBUG 36136 --- [EmployeemanagementSystem] [           main] o.h.i.internal.IntegratorServiceImpl     : Adding Integrator [org.hibernate.cache.internal.CollectionCacheInvalidator].
2024-07-13T19:06:48.791+05:30  INFO 36136 --- [EmployeemanagementSystem] [           main] org.hibernate.Version                    : HHH000412: Hibernate ORM core version 6.5.2.Final
2024-07-13T19:06:48.792+05:30 DEBUG 36136 --- [EmployeemanagementSystem] [           main] org.hibernate.cfg.Environment            : HHH000206: 'hibernate.properties' not found
2024-07-13T19:06:48.812+05:30 DEBUG 36136 --- [EmployeemanagementSystem] [           main] org.hibernate.orm.idgen.factory          : Registering IdentifierGenerator strategy [uuid2] -> [org.hibernate.id.UUIDGenerator]
2024-07-13T19:06:48.812+05:30 DEBUG 36136 --- [EmployeemanagementSystem] [           main] org.hibernate.orm.idgen.factory          : Registering IdentifierGenerator strategy [guid] -> [org.hibernate.id.GUIDGenerator]
2024-07-13T19:06:48.812+05:30 DEBUG 36136 --- [EmployeemanagementSystem] [           main] org.hibernate.orm.idgen.factory          : Registering IdentifierGenerator strategy [uuid] -> [org.hibernate.id.UUIDHexGenerator]
2024-07-13T19:06:48.812+05:30 DEBUG 36136 --- [EmployeemanagementSystem] [           main] org.hibernate.orm.idgen.factory          : Registering IdentifierGenerator strategy [uuid.hex] -> [org.hibernate.id.UUIDHexGenerator]
2024-07-13T19:06:48.813+05:30 DEBUG 36136 --- [EmployeemanagementSystem] [           main] org.hibernate.orm.idgen.factory          : Registering IdentifierGenerator strategy [assigned] -> [org.hibernate.id.Assigned]
2024-07-13T19:06:48.813+05:30 DEBUG 36136 --- [EmployeemanagementSystem] [           main] org.hibernate.orm.idgen.factory          : Registering IdentifierGenerator strategy [identity] -> [org.hibernate.id.IdentityGenerator]
2024-07-13T19:06:48.814+05:30 DEBUG 36136 --- [EmployeemanagementSystem] [           main] org.hibernate.orm.idgen.factory          : Registering IdentifierGenerator strategy [select] -> [org.hibernate.id.SelectGenerator]
2024-07-13T19:06:48.814+05:30 DEBUG 36136 --- [EmployeemanagementSystem] [           main] org.hibernate.orm.idgen.factory          : Registering IdentifierGenerator strategy [sequence] -> [org.hibernate.id.enhanced.SequenceStyleGenerator]
2024-07-13T19:06:48.815+05:30 DEBUG 36136 --- [EmployeemanagementSystem] [           main] org.hibernate.orm.idgen.factory          : Registering IdentifierGenerator strategy [increment] -> [org.hibernate.id.IncrementGenerator]
2024-07-13T19:06:48.815+05:30 DEBUG 36136 --- [EmployeemanagementSystem] [           main] org.hibernate.orm.idgen.factory          : Registering IdentifierGenerator strategy [foreign] -> [org.hibernate.id.ForeignGenerator]
2024-07-13T19:06:48.815+05:30 DEBUG 36136 --- [EmployeemanagementSystem] [           main] org.hibernate.orm.idgen.factory          : Registering IdentifierGenerator strategy [enhanced-sequence] -> [org.hibernate.id.enhanced.SequenceStyleGenerator]
2024-07-13T19:06:48.816+05:30 DEBUG 36136 --- [EmployeemanagementSystem] [           main] org.hibernate.orm.idgen.factory          : Registering IdentifierGenerator strategy [enhanced-table] -> [org.hibernate.id.enhanced.TableGenerator]
2024-07-13T19:06:48.820+05:30 DEBUG 36136 --- [EmployeemanagementSystem] [           main] o.h.c.internal.RegionFactoryInitiator    : Cannot default RegionFactory based on registered strategies as `[]` RegionFactory strategies were registered
2024-07-13T19:06:48.820+05:30  INFO 36136 --- [EmployeemanagementSystem] [           main] o.h.c.internal.RegionFactoryInitiator    : HHH000026: Second-level cache disabled
2024-07-13T19:06:48.863+05:30 DEBUG 36136 --- [EmployeemanagementSystem] [           main] org.hibernate.type.BasicTypeRegistry     : Adding type registration boolean -> org.hibernate.type.BasicTypeReference@42cf6349
2024-07-13T19:06:48.863+05:30 DEBUG 36136 --- [EmployeemanagementSystem] [           main] org.hibernate.type.BasicTypeRegistry     : Adding type registration boolean -> org.hibernate.type.BasicTypeReference@42cf6349
2024-07-13T19:06:48.864+05:30 DEBUG 36136 --- [EmployeemanagementSystem] [           main] org.hibernate.type.BasicTypeRegistry     : Adding type registration java.lang.Boolean -> org.hibernate.type.BasicTypeReference@42cf6349
2024-07-13T19:06:48.864+05:30 DEBUG 36136 --- [EmployeemanagementSystem] [           main] org.hibernate.type.BasicTypeRegistry     : Adding type registration numeric_boolean -> org.hibernate.type.BasicTypeReference@79cb8ffa
2024-07-13T19:06:48.864+05:30 DEBUG 36136 --- [EmployeemanagementSystem] [           main] org.hibernate.type.BasicTypeRegistry     : Adding type registration org.hibernate.type.NumericBooleanConverter -> org.hibernate.type.BasicTypeReference@79cb8ffa
2024-07-13T19:06:48.864+05:30 DEBUG 36136 --- [EmployeemanagementSystem] [           main] org.hibernate.type.BasicTypeRegistry     : Adding type registration true_false -> org.hibernate.type.BasicTypeReference@1a2e563e
2024-07-13T19:06:48.864+05:30 DEBUG 36136 --- [EmployeemanagementSystem] [           main] org.hibernate.type.BasicTypeRegistry     : Adding type registration org.hibernate.type.TrueFalseConverter -> org.hibernate.type.BasicTypeReference@1a2e563e
2024-07-13T19:06:48.864+05:30 DEBUG 36136 --- [EmployeemanagementSystem] [           main] org.hibernate.type.BasicTypeRegistry     : Adding type registration yes_no -> org.hibernate.type.BasicTypeReference@5b066c33
2024-07-13T19:06:48.864+05:30 DEBUG 36136 --- [EmployeemanagementSystem] [           main] org.hibernate.type.BasicTypeRegistry     : Adding type registration org.hibernate.type.YesNoConverter -> org.hibernate.type.BasicTypeReference@5b066c33
2024-07-13T19:06:48.864+05:30 DEBUG 36136 --- [EmployeemanagementSystem] [           main] org.hibernate.type.BasicTypeRegistry     : Adding type registration byte -> org.hibernate.type.BasicTypeReference@62ea8931
2024-07-13T19:06:48.865+05:30 DEBUG 36136 --- [EmployeemanagementSystem] [           main] org.hibernate.type.BasicTypeRegistry     : Adding type registration byte -> org.hibernate.type.BasicTypeReference@62ea8931
2024-07-13T19:06:48.865+05:30 DEBUG 36136 --- [EmployeemanagementSystem] [           main] org.hibernate.type.BasicTypeRegistry     : Adding type registration java.lang.Byte -> org.hibernate.type.BasicTypeReference@62ea8931
2024-07-13T19:06:48.865+05:30 DEBUG 36136 --- [EmployeemanagementSystem] [           main] org.hibernate.type.BasicTypeRegistry     : Adding type registration binary -> org.hibernate.type.BasicTypeReference@47fb7ec9
2024-07-13T19:06:48.865+05:30 DEBUG 36136 --- [EmployeemanagementSystem] [           main] org.hibernate.type.BasicTypeRegistry     : Adding type registration byte[] -> org.hibernate.type.BasicTypeReference@47fb7ec9
2024-07-13T19:06:48.865+05:30 DEBUG 36136 --- [EmployeemanagementSystem] [           main] org.hibernate.type.BasicTypeRegistry     : Adding type registration [B -> org.hibernate.type.BasicTypeReference@47fb7ec9
2024-07-13T19:06:48.865+05:30 DEBUG 36136 --- [EmployeemanagementSystem] [           main] org.hibernate.type.BasicTypeRegistry     : Adding type registration binary_wrapper -> org.hibernate.type.BasicTypeReference@2f8c4fae
2024-07-13T19:06:48.865+05:30 DEBUG 36136 --- [EmployeemanagementSystem] [           main] org.hibernate.type.BasicTypeRegistry     : Adding type registration wrapper-binary -> org.hibernate.type.BasicTypeReference@2f8c4fae
2024-07-13T19:06:48.865+05:30 DEBUG 36136 --- [EmployeemanagementSystem] [           main] org.hibernate.type.BasicTypeRegistry     : Adding type registration image -> org.hibernate.type.BasicTypeReference@4703c998
2024-07-13T19:06:48.865+05:30 DEBUG 36136 --- [EmployeemanagementSystem] [           main] org.hibernate.type.BasicTypeRegistry     : Adding type registration blob -> org.hibernate.type.BasicTypeReference@71166348
2024-07-13T19:06:48.865+05:30 DEBUG 36136 --- [EmployeemanagementSystem] [           main] org.hibernate.type.BasicTypeRegistry     : Adding type registration java.sql.Blob -> org.hibernate.type.BasicTypeReference@71166348
2024-07-13T19:06:48.866+05:30 DEBUG 36136 --- [EmployeemanagementSystem] [           main] org.hibernate.type.BasicTypeRegistry     : Adding type registration materialized_blob -> org.hibernate.type.BasicTypeReference@6d874695
2024-07-13T19:06:48.866+05:30 DEBUG 36136 --- [EmployeemanagementSystem] [           main] org.hibernate.type.BasicTypeRegistry     : Adding type registration materialized_blob_wrapper -> org.hibernate.type.BasicTypeReference@20bb85b4
2024-07-13T19:06:48.866+05:30 DEBUG 36136 --- [EmployeemanagementSystem] [           main] org.hibernate.type.BasicTypeRegistry     : Adding type registration short -> org.hibernate.type.BasicTypeReference@79add732
2024-07-13T19:06:48.866+05:30 DEBUG 36136 --- [EmployeemanagementSystem] [           main] org.hibernate.type.BasicTypeRegistry     : Adding type registration short -> org.hibernate.type.BasicTypeReference@79add732
2024-07-13T19:06:48.866+05:30 DEBUG 36136 --- [EmployeemanagementSystem] [           main] org.hibernate.type.BasicTypeRegistry     : Adding type registration java.lang.Short -> org.hibernate.type.BasicTypeReference@79add732
2024-07-13T19:06:48.866+05:30 DEBUG 36136 --- [EmployeemanagementSystem] [           main] org.hibernate.type.BasicTypeRegistry     : Adding type registration integer -> org.hibernate.type.BasicTypeReference@3be3e76c
2024-07-13T19:06:48.866+05:30 DEBUG 36136 --- [EmployeemanagementSystem] [           main] org.hibernate.type.BasicTypeRegistry     : Adding type registration int -> org.hibernate.type.BasicTypeReference@3be3e76c
2024-07-13T19:06:48.866+05:30 DEBUG 36136 --- [EmployeemanagementSystem] [           main] org.hibernate.type.BasicTypeRegistry     : Adding type registration java.lang.Integer -> org.hibernate.type.BasicTypeReference@3be3e76c
2024-07-13T19:06:48.866+05:30 DEBUG 36136 --- [EmployeemanagementSystem] [           main] org.hibernate.type.BasicTypeRegistry     : Adding type registration long -> org.hibernate.type.BasicTypeReference@6c07ad6b
2024-07-13T19:06:48.867+05:30 DEBUG 36136 --- [EmployeemanagementSystem] [           main] org.hibernate.type.BasicTypeRegistry     : Adding type registration long -> org.hibernate.type.BasicTypeReference@6c07ad6b
2024-07-13T19:06:48.867+05:30 DEBUG 36136 --- [EmployeemanagementSystem] [           main] org.hibernate.type.BasicTypeRegistry     : Adding type registration java.lang.Long -> org.hibernate.type.BasicTypeReference@6c07ad6b
2024-07-13T19:06:48.867+05:30 DEBUG 36136 --- [EmployeemanagementSystem] [           main] org.hibernate.type.BasicTypeRegistry     : Adding type registration float -> org.hibernate.type.BasicTypeReference@10ed037a
2024-07-13T19:06:48.867+05:30 DEBUG 36136 --- [EmployeemanagementSystem] [           main] org.hibernate.type.BasicTypeRegistry     : Adding type registration float -> org.hibernate.type.BasicTypeReference@10ed037a
2024-07-13T19:06:48.867+05:30 DEBUG 36136 --- [EmployeemanagementSystem] [           main] org.hibernate.type.BasicTypeRegistry     : Adding type registration java.lang.Float -> org.hibernate.type.BasicTypeReference@10ed037a
2024-07-13T19:06:48.867+05:30 DEBUG 36136 --- [EmployeemanagementSystem] [           main] org.hibernate.type.BasicTypeRegistry     : Adding type registration double -> org.hibernate.type.BasicTypeReference@76e4212
2024-07-13T19:06:48.867+05:30 DEBUG 36136 --- [EmployeemanagementSystem] [           main] org.hibernate.type.BasicTypeRegistry     : Adding type registration double -> org.hibernate.type.BasicTypeReference@76e4212
2024-07-13T19:06:48.867+05:30 DEBUG 36136 --- [EmployeemanagementSystem] [           main] org.hibernate.type.BasicTypeRegistry     : Adding type registration java.lang.Double -> org.hibernate.type.BasicTypeReference@76e4212
2024-07-13T19:06:48.868+05:30 DEBUG 36136 --- [EmployeemanagementSystem] [           main] org.hibernate.type.BasicTypeRegistry     : Adding type registration big_integer -> org.hibernate.type.BasicTypeReference@23121d14
2024-07-13T19:06:48.868+05:30 DEBUG 36136 --- [EmployeemanagementSystem] [           main] org.hibernate.type.BasicTypeRegistry     : Adding type registration java.math.BigInteger -> org.hibernate.type.BasicTypeReference@23121d14
2024-07-13T19:06:48.868+05:30 DEBUG 36136 --- [EmployeemanagementSystem] [           main] org.hibernate.type.BasicTypeRegistry     : Adding type registration big_decimal -> org.hibernate.type.BasicTypeReference@72af90e8
2024-07-13T19:06:48.868+05:30 DEBUG 36136 --- [EmployeemanagementSystem] [           main] org.hibernate.type.BasicTypeRegistry     : Adding type registration java.math.BigDecimal -> org.hibernate.type.BasicTypeReference@72af90e8
2024-07-13T19:06:48.868+05:30 DEBUG 36136 --- [EmployeemanagementSystem] [           main] org.hibernate.type.BasicTypeRegistry     : Adding type registration character -> org.hibernate.type.BasicTypeReference@aa1bb14
2024-07-13T19:06:48.868+05:30 DEBUG 36136 --- [EmployeemanagementSystem] [           main] org.hibernate.type.BasicTypeRegistry     : Adding type registration char -> org.hibernate.type.BasicTypeReference@aa1bb14
2024-07-13T19:06:48.868+05:30 DEBUG 36136 --- [EmployeemanagementSystem] [           main] org.hibernate.type.BasicTypeRegistry     : Adding type registration java.lang.Character -> org.hibernate.type.BasicTypeReference@aa1bb14
2024-07-13T19:06:48.868+05:30 DEBUG 36136 --- [EmployeemanagementSystem] [           main] org.hibernate.type.BasicTypeRegistry     : Adding type registration character_nchar -> org.hibernate.type.BasicTypeReference@7faa0680
2024-07-13T19:06:48.868+05:30 DEBUG 36136 --- [EmployeemanagementSystem] [           main] org.hibernate.type.BasicTypeRegistry     : Adding type registration string -> org.hibernate.type.BasicTypeReference@4c635edc
2024-07-13T19:06:48.869+05:30 DEBUG 36136 --- [EmployeemanagementSystem] [           main] org.hibernate.type.BasicTypeRegistry     : Adding type registration java.lang.String -> org.hibernate.type.BasicTypeReference@4c635edc
2024-07-13T19:06:48.869+05:30 DEBUG 36136 --- [EmployeemanagementSystem] [           main] org.hibernate.type.BasicTypeRegistry     : Adding type registration nstring -> org.hibernate.type.BasicTypeReference@4245bf68
2024-07-13T19:06:48.869+05:30 DEBUG 36136 --- [EmployeemanagementSystem] [           main] org.hibernate.type.BasicTypeRegistry     : Adding type registration characters -> org.hibernate.type.BasicTypeReference@45bbc52f
2024-07-13T19:06:48.869+05:30 DEBUG 36136 --- [EmployeemanagementSystem] [           main] org.hibernate.type.BasicTypeRegistry     : Adding type registration char[] -> org.hibernate.type.BasicTypeReference@45bbc52f
2024-07-13T19:06:48.869+05:30 DEBUG 36136 --- [EmployeemanagementSystem] [           main] org.hibernate.type.BasicTypeRegistry     : Adding type registration [C -> org.hibernate.type.BasicTypeReference@45bbc52f
2024-07-13T19:06:48.869+05:30 DEBUG 36136 --- [EmployeemanagementSystem] [           main] org.hibernate.type.BasicTypeRegistry     : Adding type registration wrapper-characters -> org.hibernate.type.BasicTypeReference@6a8a551e
2024-07-13T19:06:48.869+05:30 DEBUG 36136 --- [EmployeemanagementSystem] [           main] org.hibernate.type.BasicTypeRegistry     : Adding type registration text -> org.hibernate.type.BasicTypeReference@3cc9632d
2024-07-13T19:06:48.869+05:30 DEBUG 36136 --- [EmployeemanagementSystem] [           main] org.hibernate.type.BasicTypeRegistry     : Adding type registration ntext -> org.hibernate.type.BasicTypeReference@53982523
2024-07-13T19:06:48.869+05:30 DEBUG 36136 --- [EmployeemanagementSystem] [           main] org.hibernate.type.BasicTypeRegistry     : Adding type registration clob -> org.hibernate.type.BasicTypeReference@489110c2
2024-07-13T19:06:48.869+05:30 DEBUG 36136 --- [EmployeemanagementSystem] [           main] org.hibernate.type.BasicTypeRegistry     : Adding type registration java.sql.Clob -> org.hibernate.type.BasicTypeReference@489110c2
2024-07-13T19:06:48.870+05:30 DEBUG 36136 --- [EmployeemanagementSystem] [           main] org.hibernate.type.BasicTypeRegistry     : Adding type registration nclob -> org.hibernate.type.BasicTypeReference@700b9e6b
2024-07-13T19:06:48.870+05:30 DEBUG 36136 --- [EmployeemanagementSystem] [           main] org.hibernate.type.BasicTypeRegistry     : Adding type registration java.sql.NClob -> org.hibernate.type.BasicTypeReference@700b9e6b
2024-07-13T19:06:48.870+05:30 DEBUG 36136 --- [EmployeemanagementSystem] [           main] org.hibernate.type.BasicTypeRegistry     : Adding type registration materialized_clob -> org.hibernate.type.BasicTypeReference@7ac5b4c
2024-07-13T19:06:48.870+05:30 DEBUG 36136 --- [EmployeemanagementSystem] [           main] org.hibernate.type.BasicTypeRegistry     : Adding type registration materialized_clob_char_array -> org.hibernate.type.BasicTypeReference@150fc7a7
2024-07-13T19:06:48.870+05:30 DEBUG 36136 --- [EmployeemanagementSystem] [           main] org.hibernate.type.BasicTypeRegistry     : Adding type registration materialized_clob_character_array -> org.hibernate.type.BasicTypeReference@55d8c2c4
2024-07-13T19:06:48.870+05:30 DEBUG 36136 --- [EmployeemanagementSystem] [           main] org.hibernate.type.BasicTypeRegistry     : Adding type registration materialized_nclob -> org.hibernate.type.BasicTypeReference@798cf6d2
2024-07-13T19:06:48.870+05:30 DEBUG 36136 --- [EmployeemanagementSystem] [           main] org.hibernate.type.BasicTypeRegistry     : Adding type registration materialized_nclob_character_array -> org.hibernate.type.BasicTypeReference@1c1fa494
2024-07-13T19:06:48.870+05:30 DEBUG 36136 --- [EmployeemanagementSystem] [           main] org.hibernate.type.BasicTypeRegistry     : Adding type registration materialized_nclob_char_array -> org.hibernate.type.BasicTypeReference@77c66a4f
2024-07-13T19:06:48.870+05:30 DEBUG 36136 --- [EmployeemanagementSystem] [           main] org.hibernate.type.BasicTypeRegistry     : Adding type registration Duration -> org.hibernate.type.BasicTypeReference@649b5891
2024-07-13T19:06:48.870+05:30 DEBUG 36136 --- [EmployeemanagementSystem] [           main] org.hibernate.type.BasicTypeRegistry     : Adding type registration java.time.Duration -> org.hibernate.type.BasicTypeReference@649b5891
2024-07-13T19:06:48.871+05:30 DEBUG 36136 --- [EmployeemanagementSystem] [           main] org.hibernate.type.BasicTypeRegistry     : Adding type registration LocalDateTime -> org.hibernate.type.BasicTypeReference@7a3f08b6
2024-07-13T19:06:48.871+05:30 DEBUG 36136 --- [EmployeemanagementSystem] [           main] org.hibernate.type.BasicTypeRegistry     : Adding type registration java.time.LocalDateTime -> org.hibernate.type.BasicTypeReference@7a3f08b6
2024-07-13T19:06:48.871+05:30 DEBUG 36136 --- [EmployeemanagementSystem] [           main] org.hibernate.type.BasicTypeRegistry     : Adding type registration LocalDate -> org.hibernate.type.BasicTypeReference@1be52861
2024-07-13T19:06:48.871+05:30 DEBUG 36136 --- [EmployeemanagementSystem] [           main] org.hibernate.type.BasicTypeRegistry     : Adding type registration java.time.LocalDate -> org.hibernate.type.BasicTypeReference@1be52861
2024-07-13T19:06:48.871+05:30 DEBUG 36136 --- [EmployeemanagementSystem] [           main] org.hibernate.type.BasicTypeRegistry     : Adding type registration LocalTime -> org.hibernate.type.BasicTypeReference@5fb5ad40
2024-07-13T19:06:48.871+05:30 DEBUG 36136 --- [EmployeemanagementSystem] [           main] org.hibernate.type.BasicTypeRegistry     : Adding type registration java.time.LocalTime -> org.hibernate.type.BasicTypeReference@5fb5ad40
2024-07-13T19:06:48.871+05:30 DEBUG 36136 --- [EmployeemanagementSystem] [           main] org.hibernate.type.BasicTypeRegistry     : Adding type registration OffsetDateTime -> org.hibernate.type.BasicTypeReference@615439f7
2024-07-13T19:06:48.871+05:30 DEBUG 36136 --- [EmployeemanagementSystem] [           main] org.hibernate.type.BasicTypeRegistry     : Adding type registration java.time.OffsetDateTime -> org.hibernate.type.BasicTypeReference@615439f7
2024-07-13T19:06:48.871+05:30 DEBUG 36136 --- [EmployeemanagementSystem] [           main] org.hibernate.type.BasicTypeRegistry     : Adding type registration OffsetDateTimeWithTimezone -> org.hibernate.type.BasicTypeReference@632cf7d3
2024-07-13T19:06:48.871+05:30 DEBUG 36136 --- [EmployeemanagementSystem] [           main] org.hibernate.type.BasicTypeRegistry     : Adding type registration OffsetDateTimeWithoutTimezone -> org.hibernate.type.BasicTypeReference@51b87df7
2024-07-13T19:06:48.871+05:30 DEBUG 36136 --- [EmployeemanagementSystem] [           main] org.hibernate.type.BasicTypeRegistry     : Adding type registration OffsetTime -> org.hibernate.type.BasicTypeReference@2315052d
2024-07-13T19:06:48.871+05:30 DEBUG 36136 --- [EmployeemanagementSystem] [           main] org.hibernate.type.BasicTypeRegistry     : Adding type registration java.time.OffsetTime -> org.hibernate.type.BasicTypeReference@2315052d
2024-07-13T19:06:48.872+05:30 DEBUG 36136 --- [EmployeemanagementSystem] [           main] org.hibernate.type.BasicTypeRegistry     : Adding type registration OffsetTimeUtc -> org.hibernate.type.BasicTypeReference@634e1b39
2024-07-13T19:06:48.872+05:30 DEBUG 36136 --- [EmployeemanagementSystem] [           main] org.hibernate.type.BasicTypeRegistry     : Adding type registration OffsetTimeWithTimezone -> org.hibernate.type.BasicTypeReference@67d8faec
2024-07-13T19:06:48.872+05:30 DEBUG 36136 --- [EmployeemanagementSystem] [           main] org.hibernate.type.BasicTypeRegistry     : Adding type registration OffsetTimeWithoutTimezone -> org.hibernate.type.BasicTypeReference@751d7425
2024-07-13T19:06:48.872+05:30 DEBUG 36136 --- [EmployeemanagementSystem] [           main] org.hibernate.type.BasicTypeRegistry     : Adding type registration ZonedDateTime -> org.hibernate.type.BasicTypeReference@7eaa2bc6
2024-07-13T19:06:48.872+05:30 DEBUG 36136 --- [EmployeemanagementSystem] [           main] org.hibernate.type.BasicTypeRegistry     : Adding type registration java.time.ZonedDateTime -> org.hibernate.type.BasicTypeReference@7eaa2bc6
2024-07-13T19:06:48.872+05:30 DEBUG 36136 --- [EmployeemanagementSystem] [           main] org.hibernate.type.BasicTypeRegistry     : Adding type registration ZonedDateTimeWithTimezone -> org.hibernate.type.BasicTypeReference@6dae70f9
2024-07-13T19:06:48.873+05:30 DEBUG 36136 --- [EmployeemanagementSystem] [           main] org.hibernate.type.BasicTypeRegistry     : Adding type registration ZonedDateTimeWithoutTimezone -> org.hibernate.type.BasicTypeReference@4d81e83a
2024-07-13T19:06:48.873+05:30 DEBUG 36136 --- [EmployeemanagementSystem] [           main] org.hibernate.type.BasicTypeRegistry     : Adding type registration date -> org.hibernate.type.BasicTypeReference@53a301f3
2024-07-13T19:06:48.873+05:30 DEBUG 36136 --- [EmployeemanagementSystem] [           main] org.hibernate.type.BasicTypeRegistry     : Adding type registration java.sql.Date -> org.hibernate.type.BasicTypeReference@53a301f3
2024-07-13T19:06:48.873+05:30 DEBUG 36136 --- [EmployeemanagementSystem] [           main] org.hibernate.type.BasicTypeRegistry     : Adding type registration time -> org.hibernate.type.BasicTypeReference@7cf8f45a
2024-07-13T19:06:48.873+05:30 DEBUG 36136 --- [EmployeemanagementSystem] [           main] org.hibernate.type.BasicTypeRegistry     : Adding type registration java.sql.Time -> org.hibernate.type.BasicTypeReference@7cf8f45a
2024-07-13T19:06:48.873+05:30 DEBUG 36136 --- [EmployeemanagementSystem] [           main] org.hibernate.type.BasicTypeRegistry     : Adding type registration timestamp -> org.hibernate.type.BasicTypeReference@62cf6a84
2024-07-13T19:06:48.873+05:30 DEBUG 36136 --- [EmployeemanagementSystem] [           main] org.hibernate.type.BasicTypeRegistry     : Adding type registration java.sql.Timestamp -> org.hibernate.type.BasicTypeReference@62cf6a84
2024-07-13T19:06:48.873+05:30 DEBUG 36136 --- [EmployeemanagementSystem] [           main] org.hibernate.type.BasicTypeRegistry     : Adding type registration java.util.Date -> org.hibernate.type.BasicTypeReference@62cf6a84
2024-07-13T19:06:48.873+05:30 DEBUG 36136 --- [EmployeemanagementSystem] [           main] org.hibernate.type.BasicTypeRegistry     : Adding type registration calendar -> org.hibernate.type.BasicTypeReference@204d9edf
2024-07-13T19:06:48.873+05:30 DEBUG 36136 --- [EmployeemanagementSystem] [           main] org.hibernate.type.BasicTypeRegistry     : Adding type registration java.util.Calendar -> org.hibernate.type.BasicTypeReference@204d9edf
2024-07-13T19:06:48.873+05:30 DEBUG 36136 --- [EmployeemanagementSystem] [           main] org.hibernate.type.BasicTypeRegistry     : Adding type registration java.util.GregorianCalendar -> org.hibernate.type.BasicTypeReference@204d9edf
2024-07-13T19:06:48.873+05:30 DEBUG 36136 --- [EmployeemanagementSystem] [           main] org.hibernate.type.BasicTypeRegistry     : Adding type registration calendar_date -> org.hibernate.type.BasicTypeReference@6b2aafbc
2024-07-13T19:06:48.873+05:30 DEBUG 36136 --- [EmployeemanagementSystem] [           main] org.hibernate.type.BasicTypeRegistry     : Adding type registration calendar_time -> org.hibernate.type.BasicTypeReference@50cbcca7
2024-07-13T19:06:48.874+05:30 DEBUG 36136 --- [EmployeemanagementSystem] [           main] org.hibernate.type.BasicTypeRegistry     : Adding type registration instant -> org.hibernate.type.BasicTypeReference@49491770
2024-07-13T19:06:48.874+05:30 DEBUG 36136 --- [EmployeemanagementSystem] [           main] org.hibernate.type.BasicTypeRegistry     : Adding type registration java.time.Instant -> org.hibernate.type.BasicTypeReference@49491770
2024-07-13T19:06:48.874+05:30 DEBUG 36136 --- [EmployeemanagementSystem] [           main] org.hibernate.type.BasicTypeRegistry     : Adding type registration uuid -> org.hibernate.type.BasicTypeReference@5bec3e0
2024-07-13T19:06:48.874+05:30 DEBUG 36136 --- [EmployeemanagementSystem] [           main] org.hibernate.type.BasicTypeRegistry     : Adding type registration java.util.UUID -> org.hibernate.type.BasicTypeReference@5bec3e0
2024-07-13T19:06:48.874+05:30 DEBUG 36136 --- [EmployeemanagementSystem] [           main] org.hibernate.type.BasicTypeRegistry     : Adding type registration pg-uuid -> org.hibernate.type.BasicTypeReference@5bec3e0
2024-07-13T19:06:48.874+05:30 DEBUG 36136 --- [EmployeemanagementSystem] [           main] org.hibernate.type.BasicTypeRegistry     : Adding type registration uuid-binary -> org.hibernate.type.BasicTypeReference@3b57dba4
2024-07-13T19:06:48.874+05:30 DEBUG 36136 --- [EmployeemanagementSystem] [           main] org.hibernate.type.BasicTypeRegistry     : Adding type registration uuid-char -> org.hibernate.type.BasicTypeReference@35f7969d
2024-07-13T19:06:48.874+05:30 DEBUG 36136 --- [EmployeemanagementSystem] [           main] org.hibernate.type.BasicTypeRegistry     : Adding type registration class -> org.hibernate.type.BasicTypeReference@3404e5c4
2024-07-13T19:06:48.874+05:30 DEBUG 36136 --- [EmployeemanagementSystem] [           main] org.hibernate.type.BasicTypeRegistry     : Adding type registration java.lang.Class -> org.hibernate.type.BasicTypeReference@3404e5c4
2024-07-13T19:06:48.874+05:30 DEBUG 36136 --- [EmployeemanagementSystem] [           main] org.hibernate.type.BasicTypeRegistry     : Adding type registration currency -> org.hibernate.type.BasicTypeReference@47569167
2024-07-13T19:06:48.874+05:30 DEBUG 36136 --- [EmployeemanagementSystem] [           main] org.hibernate.type.BasicTypeRegistry     : Adding type registration Currency -> org.hibernate.type.BasicTypeReference@47569167
2024-07-13T19:06:48.874+05:30 DEBUG 36136 --- [EmployeemanagementSystem] [           main] org.hibernate.type.BasicTypeRegistry     : Adding type registration java.util.Currency -> org.hibernate.type.BasicTypeReference@47569167
2024-07-13T19:06:48.874+05:30 DEBUG 36136 --- [EmployeemanagementSystem] [           main] org.hibernate.type.BasicTypeRegistry     : Adding type registration locale -> org.hibernate.type.BasicTypeReference@42d9e8d2
2024-07-13T19:06:48.874+05:30 DEBUG 36136 --- [EmployeemanagementSystem] [           main] org.hibernate.type.BasicTypeRegistry     : Adding type registration java.util.Locale -> org.hibernate.type.BasicTypeReference@42d9e8d2
2024-07-13T19:06:48.875+05:30 DEBUG 36136 --- [EmployeemanagementSystem] [           main] org.hibernate.type.BasicTypeRegistry     : Adding type registration serializable -> org.hibernate.type.BasicTypeReference@4b93dd6a
2024-07-13T19:06:48.875+05:30 DEBUG 36136 --- [EmployeemanagementSystem] [           main] org.hibernate.type.BasicTypeRegistry     : Adding type registration java.io.Serializable -> org.hibernate.type.BasicTypeReference@4b93dd6a
2024-07-13T19:06:48.875+05:30 DEBUG 36136 --- [EmployeemanagementSystem] [           main] org.hibernate.type.BasicTypeRegistry     : Adding type registration timezone -> org.hibernate.type.BasicTypeReference@582a3b19
2024-07-13T19:06:48.875+05:30 DEBUG 36136 --- [EmployeemanagementSystem] [           main] org.hibernate.type.BasicTypeRegistry     : Adding type registration java.util.TimeZone -> org.hibernate.type.BasicTypeReference@582a3b19
2024-07-13T19:06:48.875+05:30 DEBUG 36136 --- [EmployeemanagementSystem] [           main] org.hibernate.type.BasicTypeRegistry     : Adding type registration ZoneOffset -> org.hibernate.type.BasicTypeReference@2b0454d2
2024-07-13T19:06:48.875+05:30 DEBUG 36136 --- [EmployeemanagementSystem] [           main] org.hibernate.type.BasicTypeRegistry     : Adding type registration java.time.ZoneOffset -> org.hibernate.type.BasicTypeReference@2b0454d2
2024-07-13T19:06:48.875+05:30 DEBUG 36136 --- [EmployeemanagementSystem] [           main] org.hibernate.type.BasicTypeRegistry     : Adding type registration url -> org.hibernate.type.BasicTypeReference@2616b618
2024-07-13T19:06:48.875+05:30 DEBUG 36136 --- [EmployeemanagementSystem] [           main] org.hibernate.type.BasicTypeRegistry     : Adding type registration java.net.URL -> org.hibernate.type.BasicTypeReference@2616b618
2024-07-13T19:06:48.875+05:30 DEBUG 36136 --- [EmployeemanagementSystem] [           main] org.hibernate.type.BasicTypeRegistry     : Adding type registration vector -> org.hibernate.type.BasicTypeReference@73bb573d
2024-07-13T19:06:48.875+05:30 DEBUG 36136 --- [EmployeemanagementSystem] [           main] org.hibernate.type.BasicTypeRegistry     : Adding type registration row_version -> org.hibernate.type.BasicTypeReference@7ac058a0
2024-07-13T19:06:48.884+05:30 DEBUG 36136 --- [EmployeemanagementSystem] [           main] org.hibernate.type.BasicTypeRegistry     : Adding type registration object -> org.hibernate.type.JavaObjectType@5bf4764d
2024-07-13T19:06:48.884+05:30 DEBUG 36136 --- [EmployeemanagementSystem] [           main] org.hibernate.type.BasicTypeRegistry     : Adding type registration java.lang.Object -> org.hibernate.type.JavaObjectType@5bf4764d
2024-07-13T19:06:48.885+05:30 DEBUG 36136 --- [EmployeemanagementSystem] [           main] org.hibernate.type.BasicTypeRegistry     : Adding type registration null -> org.hibernate.type.NullType@c14e5a5
2024-07-13T19:06:48.885+05:30 DEBUG 36136 --- [EmployeemanagementSystem] [           main] org.hibernate.type.BasicTypeRegistry     : Adding type registration imm_date -> org.hibernate.type.BasicTypeReference@16f15ae9
2024-07-13T19:06:48.885+05:30 DEBUG 36136 --- [EmployeemanagementSystem] [           main] org.hibernate.type.BasicTypeRegistry     : Adding type registration imm_time -> org.hibernate.type.BasicTypeReference@6206b4a7
2024-07-13T19:06:48.885+05:30 DEBUG 36136 --- [EmployeemanagementSystem] [           main] org.hibernate.type.BasicTypeRegistry     : Adding type registration imm_timestamp -> org.hibernate.type.BasicTypeReference@77896335
2024-07-13T19:06:48.885+05:30 DEBUG 36136 --- [EmployeemanagementSystem] [           main] org.hibernate.type.BasicTypeRegistry     : Adding type registration imm_calendar -> org.hibernate.type.BasicTypeReference@5c1b89ac
2024-07-13T19:06:48.885+05:30 DEBUG 36136 --- [EmployeemanagementSystem] [           main] org.hibernate.type.BasicTypeRegistry     : Adding type registration imm_calendar_date -> org.hibernate.type.BasicTypeReference@40a1b6d4
2024-07-13T19:06:48.885+05:30 DEBUG 36136 --- [EmployeemanagementSystem] [           main] org.hibernate.type.BasicTypeRegistry     : Adding type registration imm_calendar_time -> org.hibernate.type.BasicTypeReference@175581eb
2024-07-13T19:06:48.886+05:30 DEBUG 36136 --- [EmployeemanagementSystem] [           main] org.hibernate.type.BasicTypeRegistry     : Adding type registration imm_binary -> org.hibernate.type.BasicTypeReference@2b79c8ff
2024-07-13T19:06:48.886+05:30 DEBUG 36136 --- [EmployeemanagementSystem] [           main] org.hibernate.type.BasicTypeRegistry     : Adding type registration imm_serializable -> org.hibernate.type.BasicTypeReference@2baf72d5
2024-07-13T19:06:48.889+05:30 DEBUG 36136 --- [EmployeemanagementSystem] [           main] o.h.boot.internal.BootstrapContextImpl   : Injecting JPA temp ClassLoader [org.springframework.instrument.classloading.SimpleThrowawayClassLoader@1578fa9] into BootstrapContext; was [null]
2024-07-13T19:06:48.889+05:30 DEBUG 36136 --- [EmployeemanagementSystem] [           main] o.h.boot.internal.ClassLoaderAccessImpl  : ClassLoaderAccessImpl#injectTempClassLoader(org.springframework.instrument.classloading.SimpleThrowawayClassLoader@1578fa9) [was null]
2024-07-13T19:06:48.890+05:30 DEBUG 36136 --- [EmployeemanagementSystem] [           main] o.h.boot.internal.BootstrapContextImpl   : Injecting ScanEnvironment [org.hibernate.jpa.boot.internal.StandardJpaScanEnvironmentImpl@3e9beef2] into BootstrapContext; was [null]
2024-07-13T19:06:48.890+05:30 DEBUG 36136 --- [EmployeemanagementSystem] [           main] o.h.boot.internal.BootstrapContextImpl   : Injecting ScanOptions [org.hibernate.boot.archive.scan.internal.StandardScanOptions@2f15a964] into BootstrapContext; was [org.hibernate.boot.archive.scan.internal.StandardScanOptions@3111631d]
2024-07-13T19:06:49.049+05:30  INFO 36136 --- [EmployeemanagementSystem] [           main] o.s.o.j.p.SpringPersistenceUnitInfo      : No LoadTimeWeaver setup: ignoring JPA class transformer
2024-07-13T19:06:49.049+05:30 DEBUG 36136 --- [EmployeemanagementSystem] [           main] o.h.boot.internal.BootstrapContextImpl   : Injecting JPA temp ClassLoader [null] into BootstrapContext; was [org.springframework.instrument.classloading.SimpleThrowawayClassLoader@1578fa9]
2024-07-13T19:06:49.049+05:30 DEBUG 36136 --- [EmployeemanagementSystem] [           main] o.h.boot.internal.ClassLoaderAccessImpl  : ClassLoaderAccessImpl#injectTempClassLoader(null) [was org.springframework.instrument.classloading.SimpleThrowawayClassLoader@1578fa9]
2024-07-13T19:06:49.067+05:30  INFO 36136 --- [EmployeemanagementSystem] [           main] com.zaxxer.hikari.HikariDataSource       : HikariPool-1 - Starting...
2024-07-13T19:06:49.268+05:30  INFO 36136 --- [EmployeemanagementSystem] [           main] com.zaxxer.hikari.pool.HikariPool        : HikariPool-1 - Added connection com.mysql.cj.jdbc.ConnectionImpl@ccd000e
2024-07-13T19:06:49.270+05:30  INFO 36136 --- [EmployeemanagementSystem] [           main] com.zaxxer.hikari.HikariDataSource       : HikariPool-1 - Start completed.
2024-07-13T19:06:49.274+05:30 DEBUG 36136 --- [EmployeemanagementSystem] [           main] o.h.e.j.e.i.JdbcEnvironmentInitiator     : Database ->
	   name : MySQL
	version : 8.0.37-0ubuntu0.22.04.3
	  major : 8
	  minor : 0
2024-07-13T19:06:49.274+05:30 DEBUG 36136 --- [EmployeemanagementSystem] [           main] o.h.e.j.e.i.JdbcEnvironmentInitiator     : Driver ->
	   name : MySQL Connector/J
	version : mysql-connector-j-8.3.0 (Revision: 805f872a57875f311cb82487efcfb070411a3fa0)
	  major : 8
	  minor : 3
2024-07-13T19:06:49.275+05:30 DEBUG 36136 --- [EmployeemanagementSystem] [           main] o.h.e.j.e.i.JdbcEnvironmentInitiator     : JDBC version : 4.2
2024-07-13T19:06:49.309+05:30  WARN 36136 --- [EmployeemanagementSystem] [           main] org.hibernate.orm.deprecation            : HHH90000025: MySQLDialect does not need to be specified explicitly using 'hibernate.dialect' (remove the property setting and it will be selected by default)
2024-07-13T19:06:49.310+05:30 DEBUG 36136 --- [EmployeemanagementSystem] [           main] org.hibernate.orm.dialect                : HHH035001: Using dialect: org.hibernate.dialect.MySQLDialect, version: 8.0.37
2024-07-13T19:06:49.314+05:30 DEBUG 36136 --- [EmployeemanagementSystem] [           main] o.h.e.j.env.spi.IdentifierHelperBuilder  : JDBC driver metadata reported database stores quoted identifiers in more than one case
2024-07-13T19:06:49.314+05:30 DEBUG 36136 --- [EmployeemanagementSystem] [           main] o.h.e.j.env.spi.IdentifierHelperBuilder  : IdentifierCaseStrategy for both quoted and unquoted identifiers was set to the same strategy [MIXED]; that will likely lead to problems in schema update and validation if using quoted identifiers
2024-07-13T19:06:49.331+05:30 DEBUG 36136 --- [EmployeemanagementSystem] [           main] o.h.t.d.sql.spi.DdlTypeRegistry          : addDescriptor(12, org.hibernate.type.descriptor.sql.internal.CapacityDependentDdlType@4e5364a3) replaced previous registration(org.hibernate.type.descriptor.sql.internal.CapacityDependentDdlType@1a336906)
2024-07-13T19:06:49.331+05:30 DEBUG 36136 --- [EmployeemanagementSystem] [           main] o.h.t.d.sql.spi.DdlTypeRegistry          : addDescriptor(-9, org.hibernate.type.descriptor.sql.internal.CapacityDependentDdlType@62054faf) replaced previous registration(org.hibernate.type.descriptor.sql.internal.CapacityDependentDdlType@75d539b9)
2024-07-13T19:06:49.331+05:30 DEBUG 36136 --- [EmployeemanagementSystem] [           main] o.h.t.d.sql.spi.DdlTypeRegistry          : addDescriptor(-3, org.hibernate.type.descriptor.sql.internal.CapacityDependentDdlType@20f63ddc) replaced previous registration(org.hibernate.type.descriptor.sql.internal.CapacityDependentDdlType@210c1b9d)
2024-07-13T19:06:49.331+05:30 DEBUG 36136 --- [EmployeemanagementSystem] [           main] o.h.t.d.sql.spi.DdlTypeRegistry          : addDescriptor(4003, org.hibernate.type.descriptor.sql.internal.DdlTypeImpl@69bc4024) replaced previous registration(org.hibernate.type.descriptor.sql.internal.DdlTypeImpl@3578a45b)
2024-07-13T19:06:49.332+05:30 DEBUG 36136 --- [EmployeemanagementSystem] [           main] o.h.t.d.sql.spi.DdlTypeRegistry          : addDescriptor(4001, org.hibernate.type.descriptor.sql.internal.DdlTypeImpl@24f177f5) replaced previous registration(org.hibernate.type.descriptor.sql.internal.DdlTypeImpl@65e05005)
2024-07-13T19:06:49.332+05:30 DEBUG 36136 --- [EmployeemanagementSystem] [           main] o.h.t.d.sql.spi.DdlTypeRegistry          : addDescriptor(4002, org.hibernate.type.descriptor.sql.internal.DdlTypeImpl@6ed691fd) replaced previous registration(org.hibernate.type.descriptor.sql.internal.DdlTypeImpl@1efcba00)
2024-07-13T19:06:49.332+05:30 DEBUG 36136 --- [EmployeemanagementSystem] [           main] o.h.t.d.sql.spi.DdlTypeRegistry          : addDescriptor(2004, org.hibernate.type.descriptor.sql.internal.CapacityDependentDdlType@311d28f5) replaced previous registration(org.hibernate.type.descriptor.sql.internal.DdlTypeImpl@569a26ab)
2024-07-13T19:06:49.332+05:30 DEBUG 36136 --- [EmployeemanagementSystem] [           main] o.h.t.d.sql.spi.DdlTypeRegistry          : addDescriptor(2005, org.hibernate.type.descriptor.sql.internal.CapacityDependentDdlType@c190cfc) replaced previous registration(org.hibernate.type.descriptor.sql.internal.DdlTypeImpl@77ce8bc5)
2024-07-13T19:06:49.332+05:30 DEBUG 36136 --- [EmployeemanagementSystem] [           main] o.h.t.d.sql.spi.DdlTypeRegistry          : addDescriptor(2011, org.hibernate.type.descriptor.sql.internal.CapacityDependentDdlType@2fcc5f49) replaced previous registration(org.hibernate.type.descriptor.sql.internal.DdlTypeImpl@28e48b65)
2024-07-13T19:06:49.333+05:30 DEBUG 36136 --- [EmployeemanagementSystem] [           main] o.h.t.d.jdbc.spi.JdbcTypeRegistry        : addDescriptor(NCharTypeDescriptor) replaced previous registration(CharTypeDescriptor)
2024-07-13T19:06:49.333+05:30 DEBUG 36136 --- [EmployeemanagementSystem] [           main] o.h.t.d.jdbc.spi.JdbcTypeRegistry        : addDescriptor(NVarcharTypeDescriptor) replaced previous registration(VarcharTypeDescriptor)
2024-07-13T19:06:49.334+05:30 DEBUG 36136 --- [EmployeemanagementSystem] [           main] o.h.t.d.jdbc.spi.JdbcTypeRegistry        : addDescriptor(LongNVarcharTypeDescriptor) replaced previous registration(LongVarcharTypeDescriptor)
2024-07-13T19:06:49.335+05:30 DEBUG 36136 --- [EmployeemanagementSystem] [           main] o.h.t.d.jdbc.spi.JdbcTypeRegistry        : addDescriptor(NClobTypeDescriptor(DEFAULT)) replaced previous registration(ClobTypeDescriptor(DEFAULT))
2024-07-13T19:06:49.335+05:30 DEBUG 36136 --- [EmployeemanagementSystem] [           main] o.h.t.d.jdbc.spi.JdbcTypeRegistry        : addDescriptor(2005, ClobTypeDescriptor(STREAM_BINDING)) replaced previous registration(ClobTypeDescriptor(DEFAULT))
2024-07-13T19:06:49.341+05:30 DEBUG 36136 --- [EmployeemanagementSystem] [           main] org.hibernate.type.BasicTypeRegistry     : Adding type registration null -> org.hibernate.type.NullType@5bbf744b
2024-07-13T19:06:49.341+05:30 DEBUG 36136 --- [EmployeemanagementSystem] [           main] org.hibernate.type.BasicTypeRegistry     : Type registration key [null] overrode previous entry : `org.hibernate.type.NullType@c14e5a5`
2024-07-13T19:06:49.344+05:30 DEBUG 36136 --- [EmployeemanagementSystem] [           main] org.hibernate.type.BasicTypeRegistry     : Adding type registration org.hibernate.type.DurationType -> basicType@1(java.time.Duration,3015)
2024-07-13T19:06:49.344+05:30 DEBUG 36136 --- [EmployeemanagementSystem] [           main] org.hibernate.type.BasicTypeRegistry     : Adding type registration Duration -> basicType@1(java.time.Duration,3015)
2024-07-13T19:06:49.344+05:30 DEBUG 36136 --- [EmployeemanagementSystem] [           main] org.hibernate.type.BasicTypeRegistry     : Adding type registration java.time.Duration -> basicType@1(java.time.Duration,3015)
2024-07-13T19:06:49.346+05:30 DEBUG 36136 --- [EmployeemanagementSystem] [           main] org.hibernate.type.BasicTypeRegistry     : Adding type registration org.hibernate.type.OffsetDateTimeType -> basicType@2(java.time.OffsetDateTime,3003)
2024-07-13T19:06:49.346+05:30 DEBUG 36136 --- [EmployeemanagementSystem] [           main] org.hibernate.type.BasicTypeRegistry     : Adding type registration OffsetDateTime -> basicType@2(java.time.OffsetDateTime,3003)
2024-07-13T19:06:49.346+05:30 DEBUG 36136 --- [EmployeemanagementSystem] [           main] org.hibernate.type.BasicTypeRegistry     : Adding type registration java.time.OffsetDateTime -> basicType@2(java.time.OffsetDateTime,3003)
2024-07-13T19:06:49.346+05:30 DEBUG 36136 --- [EmployeemanagementSystem] [           main] org.hibernate.type.BasicTypeRegistry     : Adding type registration org.hibernate.type.ZonedDateTimeType -> basicType@3(java.time.ZonedDateTime,3003)
2024-07-13T19:06:49.346+05:30 DEBUG 36136 --- [EmployeemanagementSystem] [           main] org.hibernate.type.BasicTypeRegistry     : Adding type registration ZonedDateTime -> basicType@3(java.time.ZonedDateTime,3003)
2024-07-13T19:06:49.346+05:30 DEBUG 36136 --- [EmployeemanagementSystem] [           main] org.hibernate.type.BasicTypeRegistry     : Adding type registration java.time.ZonedDateTime -> basicType@3(java.time.ZonedDateTime,3003)
2024-07-13T19:06:49.347+05:30 DEBUG 36136 --- [EmployeemanagementSystem] [           main] org.hibernate.type.BasicTypeRegistry     : Adding type registration org.hibernate.type.OffsetTimeType -> basicType@4(java.time.OffsetTime,3007)
2024-07-13T19:06:49.347+05:30 DEBUG 36136 --- [EmployeemanagementSystem] [           main] org.hibernate.type.BasicTypeRegistry     : Adding type registration OffsetTime -> basicType@4(java.time.OffsetTime,3007)
2024-07-13T19:06:49.347+05:30 DEBUG 36136 --- [EmployeemanagementSystem] [           main] org.hibernate.type.BasicTypeRegistry     : Adding type registration java.time.OffsetTime -> basicType@4(java.time.OffsetTime,3007)
2024-07-13T19:06:49.348+05:30 DEBUG 36136 --- [EmployeemanagementSystem] [           main] o.h.type.spi.TypeConfiguration$Scope     : Scoping TypeConfiguration [org.hibernate.type.spi.TypeConfiguration@45dc7be] to MetadataBuildingContext [org.hibernate.boot.internal.MetadataBuildingContextRootImpl@2d459bda]
2024-07-13T19:06:49.370+05:30 DEBUG 36136 --- [EmployeemanagementSystem] [           main] o.h.boot.model.relational.Namespace      : Created database namespace [logicalName=Name{catalog=null, schema=null}, physicalName=Name{catalog=null, schema=null}]
2024-07-13T19:06:49.387+05:30 DEBUG 36136 --- [EmployeemanagementSystem] [           main] o.h.boot.model.internal.EntityBinder     : Binding entity from annotated class: com.org.EmployeemanagementSystem.entities.User
2024-07-13T19:06:49.391+05:30 DEBUG 36136 --- [EmployeemanagementSystem] [           main] o.h.boot.model.internal.EntityBinder     : Import with entity name User
2024-07-13T19:06:49.397+05:30 DEBUG 36136 --- [EmployeemanagementSystem] [           main] o.h.boot.model.internal.EntityBinder     : Bind entity com.org.EmployeemanagementSystem.entities.User on table employee_management
2024-07-13T19:06:49.416+05:30 DEBUG 36136 --- [EmployeemanagementSystem] [           main] o.h.boot.model.internal.AnnotatedColumn  : Binding column: AnnotatedDiscriminatorColumn(column='DTYPE')
2024-07-13T19:06:49.432+05:30 DEBUG 36136 --- [EmployeemanagementSystem] [           main] o.h.boot.model.internal.AnnotatedColumn  : Binding column: AnnotatedColumn()
2024-07-13T19:06:49.432+05:30 DEBUG 36136 --- [EmployeemanagementSystem] [           main] o.h.boot.internal.ClassLoaderAccessImpl  : Not known whether passed class name [com.org.EmployeemanagementSystem.entities.User] is safe
2024-07-13T19:06:49.432+05:30 DEBUG 36136 --- [EmployeemanagementSystem] [           main] o.h.boot.internal.ClassLoaderAccessImpl  : No temp ClassLoader provided; using live ClassLoader for loading potentially unsafe class : com.org.EmployeemanagementSystem.entities.User
2024-07-13T19:06:49.438+05:30 DEBUG 36136 --- [EmployeemanagementSystem] [           main] o.h.boot.model.internal.PropertyBinder   : MetadataSourceProcessor property employeeId with lazy=false
2024-07-13T19:06:49.441+05:30 DEBUG 36136 --- [EmployeemanagementSystem] [           main] o.h.b.m.internal.AbstractPropertyHolder  : Attempting to locate auto-apply AttributeConverter for property [com.org.EmployeemanagementSystem.entities.User:employeeId]
2024-07-13T19:06:49.445+05:30 DEBUG 36136 --- [EmployeemanagementSystem] [           main] o.h.b.model.internal.BasicValueBinder    : building BasicValue for employeeId
2024-07-13T19:06:49.447+05:30 DEBUG 36136 --- [EmployeemanagementSystem] [           main] org.hibernate.mapping.BasicValue         : Skipping column re-registration: employee_management.employee_id
2024-07-13T19:06:49.448+05:30 DEBUG 36136 --- [EmployeemanagementSystem] [           main] o.h.boot.model.internal.PropertyBinder   : Building property employeeId
2024-07-13T19:06:49.450+05:30 DEBUG 36136 --- [EmployeemanagementSystem] [           main] o.h.boot.model.internal.BinderHelper     : #makeIdGenerator(BasicValue([Column(employee_id)]), employeeId, org.hibernate.id.enhanced.SequenceStyleGenerator, , ...)
2024-07-13T19:06:49.451+05:30 DEBUG 36136 --- [EmployeemanagementSystem] [           main] o.h.boot.model.internal.AnnotatedColumn  : Binding column: AnnotatedColumn(column='company_name')
2024-07-13T19:06:49.452+05:30 DEBUG 36136 --- [EmployeemanagementSystem] [           main] o.h.boot.model.internal.PropertyBinder   : MetadataSourceProcessor property companyName with lazy=false
2024-07-13T19:06:49.452+05:30 DEBUG 36136 --- [EmployeemanagementSystem] [           main] o.h.b.m.internal.AbstractPropertyHolder  : Attempting to locate auto-apply AttributeConverter for property [com.org.EmployeemanagementSystem.entities.User:companyName]
2024-07-13T19:06:49.452+05:30 DEBUG 36136 --- [EmployeemanagementSystem] [           main] o.h.b.model.internal.BasicValueBinder    : building BasicValue for companyName
2024-07-13T19:06:49.452+05:30 DEBUG 36136 --- [EmployeemanagementSystem] [           main] org.hibernate.mapping.BasicValue         : Skipping column re-registration: employee_management.company_name
2024-07-13T19:06:49.452+05:30 DEBUG 36136 --- [EmployeemanagementSystem] [           main] o.h.boot.model.internal.PropertyBinder   : Building property companyName
2024-07-13T19:06:49.453+05:30 DEBUG 36136 --- [EmployeemanagementSystem] [           main] o.h.boot.model.internal.AnnotatedColumn  : Binding column: AnnotatedColumn(column='created_at')
2024-07-13T19:06:49.453+05:30 DEBUG 36136 --- [EmployeemanagementSystem] [           main] o.h.boot.model.internal.PropertyBinder   : MetadataSourceProcessor property createdAt with lazy=false
2024-07-13T19:06:49.453+05:30 DEBUG 36136 --- [EmployeemanagementSystem] [           main] o.h.b.m.internal.AbstractPropertyHolder  : Attempting to locate auto-apply AttributeConverter for property [com.org.EmployeemanagementSystem.entities.User:createdAt]
2024-07-13T19:06:49.453+05:30 DEBUG 36136 --- [EmployeemanagementSystem] [           main] o.h.b.model.internal.BasicValueBinder    : building BasicValue for createdAt
2024-07-13T19:06:49.453+05:30 DEBUG 36136 --- [EmployeemanagementSystem] [           main] org.hibernate.mapping.BasicValue         : Skipping column re-registration: employee_management.created_at
2024-07-13T19:06:49.453+05:30 DEBUG 36136 --- [EmployeemanagementSystem] [           main] o.h.boot.model.internal.PropertyBinder   : Building property createdAt
2024-07-13T19:06:49.453+05:30 DEBUG 36136 --- [EmployeemanagementSystem] [           main] o.h.boot.model.internal.AnnotatedColumn  : Binding column: AnnotatedColumn(column='email_id')
2024-07-13T19:06:49.453+05:30 DEBUG 36136 --- [EmployeemanagementSystem] [           main] o.h.boot.model.internal.PropertyBinder   : MetadataSourceProcessor property emailId with lazy=false
2024-07-13T19:06:49.453+05:30 DEBUG 36136 --- [EmployeemanagementSystem] [           main] o.h.b.m.internal.AbstractPropertyHolder  : Attempting to locate auto-apply AttributeConverter for property [com.org.EmployeemanagementSystem.entities.User:emailId]
2024-07-13T19:06:49.454+05:30 DEBUG 36136 --- [EmployeemanagementSystem] [           main] o.h.b.model.internal.BasicValueBinder    : building BasicValue for emailId
2024-07-13T19:06:49.454+05:30 DEBUG 36136 --- [EmployeemanagementSystem] [           main] org.hibernate.mapping.BasicValue         : Skipping column re-registration: employee_management.email_id
2024-07-13T19:06:49.454+05:30 DEBUG 36136 --- [EmployeemanagementSystem] [           main] o.h.boot.model.internal.PropertyBinder   : Building property emailId
2024-07-13T19:06:49.454+05:30 DEBUG 36136 --- [EmployeemanagementSystem] [           main] o.h.boot.model.internal.AnnotatedColumn  : Binding column: AnnotatedColumn(column='employee_age')
2024-07-13T19:06:49.454+05:30 DEBUG 36136 --- [EmployeemanagementSystem] [           main] o.h.boot.model.internal.PropertyBinder   : MetadataSourceProcessor property employeeAge with lazy=false
2024-07-13T19:06:49.454+05:30 DEBUG 36136 --- [EmployeemanagementSystem] [           main] o.h.b.m.internal.AbstractPropertyHolder  : Attempting to locate auto-apply AttributeConverter for property [com.org.EmployeemanagementSystem.entities.User:employeeAge]
2024-07-13T19:06:49.454+05:30 DEBUG 36136 --- [EmployeemanagementSystem] [           main] o.h.b.model.internal.BasicValueBinder    : building BasicValue for employeeAge
2024-07-13T19:06:49.454+05:30 DEBUG 36136 --- [EmployeemanagementSystem] [           main] org.hibernate.mapping.BasicValue         : Skipping column re-registration: employee_management.employee_age
2024-07-13T19:06:49.454+05:30 DEBUG 36136 --- [EmployeemanagementSystem] [           main] o.h.boot.model.internal.PropertyBinder   : Building property employeeAge
2024-07-13T19:06:49.454+05:30 DEBUG 36136 --- [EmployeemanagementSystem] [           main] o.h.boot.model.internal.AnnotatedColumn  : Binding column: AnnotatedColumn(column='enable')
2024-07-13T19:06:49.454+05:30 DEBUG 36136 --- [EmployeemanagementSystem] [           main] o.h.boot.model.internal.PropertyBinder   : MetadataSourceProcessor property enable with lazy=false
2024-07-13T19:06:49.455+05:30 DEBUG 36136 --- [EmployeemanagementSystem] [           main] o.h.b.m.internal.AbstractPropertyHolder  : Attempting to locate auto-apply AttributeConverter for property [com.org.EmployeemanagementSystem.entities.User:enable]
2024-07-13T19:06:49.455+05:30 DEBUG 36136 --- [EmployeemanagementSystem] [           main] o.h.b.model.internal.BasicValueBinder    : building BasicValue for enable
2024-07-13T19:06:49.455+05:30 DEBUG 36136 --- [EmployeemanagementSystem] [           main] org.hibernate.mapping.BasicValue         : Skipping column re-registration: employee_management.enable
2024-07-13T19:06:49.455+05:30 DEBUG 36136 --- [EmployeemanagementSystem] [           main] o.h.boot.model.internal.PropertyBinder   : Building property enable
2024-07-13T19:06:49.455+05:30 DEBUG 36136 --- [EmployeemanagementSystem] [           main] o.h.boot.model.internal.AnnotatedColumn  : Binding column: AnnotatedColumn(column='job_title')
2024-07-13T19:06:49.455+05:30 DEBUG 36136 --- [EmployeemanagementSystem] [           main] o.h.boot.model.internal.PropertyBinder   : MetadataSourceProcessor property jobTitle with lazy=false
2024-07-13T19:06:49.455+05:30 DEBUG 36136 --- [EmployeemanagementSystem] [           main] o.h.b.m.internal.AbstractPropertyHolder  : Attempting to locate auto-apply AttributeConverter for property [com.org.EmployeemanagementSystem.entities.User:jobTitle]
2024-07-13T19:06:49.455+05:30 DEBUG 36136 --- [EmployeemanagementSystem] [           main] o.h.b.model.internal.BasicValueBinder    : building BasicValue for jobTitle
2024-07-13T19:06:49.455+05:30 DEBUG 36136 --- [EmployeemanagementSystem] [           main] org.hibernate.mapping.BasicValue         : Skipping column re-registration: employee_management.job_title
2024-07-13T19:06:49.455+05:30 DEBUG 36136 --- [EmployeemanagementSystem] [           main] o.h.boot.model.internal.PropertyBinder   : Building property jobTitle
2024-07-13T19:06:49.455+05:30 DEBUG 36136 --- [EmployeemanagementSystem] [           main] o.h.boot.model.internal.AnnotatedColumn  : Binding column: AnnotatedColumn(column='mobile_number')
2024-07-13T19:06:49.455+05:30 DEBUG 36136 --- [EmployeemanagementSystem] [           main] o.h.boot.model.internal.PropertyBinder   : MetadataSourceProcessor property mobileNumber with lazy=false
2024-07-13T19:06:49.456+05:30 DEBUG 36136 --- [EmployeemanagementSystem] [           main] o.h.b.m.internal.AbstractPropertyHolder  : Attempting to locate auto-apply AttributeConverter for property [com.org.EmployeemanagementSystem.entities.User:mobileNumber]
2024-07-13T19:06:49.456+05:30 DEBUG 36136 --- [EmployeemanagementSystem] [           main] o.h.b.model.internal.BasicValueBinder    : building BasicValue for mobileNumber
2024-07-13T19:06:49.456+05:30 DEBUG 36136 --- [EmployeemanagementSystem] [           main] org.hibernate.mapping.BasicValue         : Skipping column re-registration: employee_management.mobile_number
2024-07-13T19:06:49.456+05:30 DEBUG 36136 --- [EmployeemanagementSystem] [           main] o.h.boot.model.internal.PropertyBinder   : Building property mobileNumber
2024-07-13T19:06:49.456+05:30 DEBUG 36136 --- [EmployeemanagementSystem] [           main] o.h.boot.model.internal.AnnotatedColumn  : Binding column: AnnotatedColumn(column='password')
2024-07-13T19:06:49.456+05:30 DEBUG 36136 --- [EmployeemanagementSystem] [           main] o.h.boot.model.internal.PropertyBinder   : MetadataSourceProcessor property password with lazy=false
2024-07-13T19:06:49.456+05:30 DEBUG 36136 --- [EmployeemanagementSystem] [           main] o.h.b.m.internal.AbstractPropertyHolder  : Attempting to locate auto-apply AttributeConverter for property [com.org.EmployeemanagementSystem.entities.User:password]
2024-07-13T19:06:49.456+05:30 DEBUG 36136 --- [EmployeemanagementSystem] [           main] o.h.b.model.internal.BasicValueBinder    : building BasicValue for password
2024-07-13T19:06:49.456+05:30 DEBUG 36136 --- [EmployeemanagementSystem] [           main] org.hibernate.mapping.BasicValue         : Skipping column re-registration: employee_management.password
2024-07-13T19:06:49.456+05:30 DEBUG 36136 --- [EmployeemanagementSystem] [           main] o.h.boot.model.internal.PropertyBinder   : Building property password
2024-07-13T19:06:49.456+05:30 DEBUG 36136 --- [EmployeemanagementSystem] [           main] o.h.boot.model.internal.AnnotatedColumn  : Binding column: AnnotatedColumn(column='role')
2024-07-13T19:06:49.457+05:30 DEBUG 36136 --- [EmployeemanagementSystem] [           main] o.h.boot.model.internal.PropertyBinder   : MetadataSourceProcessor property role with lazy=false
2024-07-13T19:06:49.457+05:30 DEBUG 36136 --- [EmployeemanagementSystem] [           main] o.h.b.m.internal.AbstractPropertyHolder  : Attempting to locate auto-apply AttributeConverter for property [com.org.EmployeemanagementSystem.entities.User:role]
2024-07-13T19:06:49.457+05:30 DEBUG 36136 --- [EmployeemanagementSystem] [           main] o.h.b.model.internal.BasicValueBinder    : building BasicValue for role
2024-07-13T19:06:49.457+05:30 DEBUG 36136 --- [EmployeemanagementSystem] [           main] org.hibernate.mapping.BasicValue         : Skipping column re-registration: employee_management.role
2024-07-13T19:06:49.457+05:30 DEBUG 36136 --- [EmployeemanagementSystem] [           main] o.h.boot.model.internal.PropertyBinder   : Building property role
2024-07-13T19:06:49.457+05:30 DEBUG 36136 --- [EmployeemanagementSystem] [           main] o.h.boot.model.internal.AnnotatedColumn  : Binding column: AnnotatedColumn(column='total_salary')
2024-07-13T19:06:49.457+05:30 DEBUG 36136 --- [EmployeemanagementSystem] [           main] o.h.boot.model.internal.PropertyBinder   : MetadataSourceProcessor property totalSalary with lazy=false
2024-07-13T19:06:49.457+05:30 DEBUG 36136 --- [EmployeemanagementSystem] [           main] o.h.b.m.internal.AbstractPropertyHolder  : Attempting to locate auto-apply AttributeConverter for property [com.org.EmployeemanagementSystem.entities.User:totalSalary]
2024-07-13T19:06:49.457+05:30 DEBUG 36136 --- [EmployeemanagementSystem] [           main] o.h.b.model.internal.BasicValueBinder    : building BasicValue for totalSalary
2024-07-13T19:06:49.457+05:30 DEBUG 36136 --- [EmployeemanagementSystem] [           main] org.hibernate.mapping.BasicValue         : Skipping column re-registration: employee_management.total_salary
2024-07-13T19:06:49.457+05:30 DEBUG 36136 --- [EmployeemanagementSystem] [           main] o.h.boot.model.internal.PropertyBinder   : Building property totalSalary
2024-07-13T19:06:49.457+05:30 DEBUG 36136 --- [EmployeemanagementSystem] [           main] o.h.boot.model.internal.AnnotatedColumn  : Binding column: AnnotatedColumn(column='updated_at')
2024-07-13T19:06:49.458+05:30 DEBUG 36136 --- [EmployeemanagementSystem] [           main] o.h.boot.model.internal.PropertyBinder   : MetadataSourceProcessor property updatedAt with lazy=false
2024-07-13T19:06:49.458+05:30 DEBUG 36136 --- [EmployeemanagementSystem] [           main] o.h.b.m.internal.AbstractPropertyHolder  : Attempting to locate auto-apply AttributeConverter for property [com.org.EmployeemanagementSystem.entities.User:updatedAt]
2024-07-13T19:06:49.458+05:30 DEBUG 36136 --- [EmployeemanagementSystem] [           main] o.h.b.model.internal.BasicValueBinder    : building BasicValue for updatedAt
2024-07-13T19:06:49.458+05:30 DEBUG 36136 --- [EmployeemanagementSystem] [           main] org.hibernate.mapping.BasicValue         : Skipping column re-registration: employee_management.updated_at
2024-07-13T19:06:49.458+05:30 DEBUG 36136 --- [EmployeemanagementSystem] [           main] o.h.boot.model.internal.PropertyBinder   : Building property updatedAt
2024-07-13T19:06:49.458+05:30 DEBUG 36136 --- [EmployeemanagementSystem] [           main] o.h.boot.model.internal.AnnotatedColumn  : Binding column: AnnotatedColumn(column='user_name')
2024-07-13T19:06:49.458+05:30 DEBUG 36136 --- [EmployeemanagementSystem] [           main] o.h.boot.model.internal.PropertyBinder   : MetadataSourceProcessor property username with lazy=false
2024-07-13T19:06:49.458+05:30 DEBUG 36136 --- [EmployeemanagementSystem] [           main] o.h.b.m.internal.AbstractPropertyHolder  : Attempting to locate auto-apply AttributeConverter for property [com.org.EmployeemanagementSystem.entities.User:username]
2024-07-13T19:06:49.458+05:30 DEBUG 36136 --- [EmployeemanagementSystem] [           main] o.h.b.model.internal.BasicValueBinder    : building BasicValue for username
2024-07-13T19:06:49.458+05:30 DEBUG 36136 --- [EmployeemanagementSystem] [           main] org.hibernate.mapping.BasicValue         : Skipping column re-registration: employee_management.user_name
2024-07-13T19:06:49.458+05:30 DEBUG 36136 --- [EmployeemanagementSystem] [           main] o.h.boot.model.internal.PropertyBinder   : Building property username
2024-07-13T19:06:49.459+05:30 DEBUG 36136 --- [EmployeemanagementSystem] [           main] o.h.b.r.c.i.ClassLoaderServiceImpl       : HHH000194: Package not found or no package-info.java: com.org.EmployeemanagementSystem.entities
2024-07-13T19:06:49.465+05:30 DEBUG 36136 --- [EmployeemanagementSystem] [           main] o.h.b.model.internal.BasicValueBinder    : Starting `BasicValueBinder#fillSimpleValue` for employeeId
2024-07-13T19:06:49.474+05:30 DEBUG 36136 --- [EmployeemanagementSystem] [           main] o.h.b.model.internal.BasicValueBinder    : Starting `BasicValueBinder#fillSimpleValue` for companyName
2024-07-13T19:06:49.474+05:30 DEBUG 36136 --- [EmployeemanagementSystem] [           main] o.h.b.model.internal.BasicValueBinder    : Starting `BasicValueBinder#fillSimpleValue` for createdAt
2024-07-13T19:06:49.474+05:30 DEBUG 36136 --- [EmployeemanagementSystem] [           main] o.h.b.model.internal.BasicValueBinder    : Starting `BasicValueBinder#fillSimpleValue` for emailId
2024-07-13T19:06:49.474+05:30 DEBUG 36136 --- [EmployeemanagementSystem] [           main] o.h.b.model.internal.BasicValueBinder    : Starting `BasicValueBinder#fillSimpleValue` for employeeAge
2024-07-13T19:06:49.474+05:30 DEBUG 36136 --- [EmployeemanagementSystem] [           main] o.h.b.model.internal.BasicValueBinder    : Starting `BasicValueBinder#fillSimpleValue` for enable
2024-07-13T19:06:49.474+05:30 DEBUG 36136 --- [EmployeemanagementSystem] [           main] o.h.b.model.internal.BasicValueBinder    : Starting `BasicValueBinder#fillSimpleValue` for jobTitle
2024-07-13T19:06:49.474+05:30 DEBUG 36136 --- [EmployeemanagementSystem] [           main] o.h.b.model.internal.BasicValueBinder    : Starting `BasicValueBinder#fillSimpleValue` for mobileNumber
2024-07-13T19:06:49.474+05:30 DEBUG 36136 --- [EmployeemanagementSystem] [           main] o.h.b.model.internal.BasicValueBinder    : Starting `BasicValueBinder#fillSimpleValue` for password
2024-07-13T19:06:49.474+05:30 DEBUG 36136 --- [EmployeemanagementSystem] [           main] o.h.b.model.internal.BasicValueBinder    : Starting `BasicValueBinder#fillSimpleValue` for role
2024-07-13T19:06:49.476+05:30 DEBUG 36136 --- [EmployeemanagementSystem] [           main] o.h.b.model.internal.BasicValueBinder    : Starting `BasicValueBinder#fillSimpleValue` for totalSalary
2024-07-13T19:06:49.476+05:30 DEBUG 36136 --- [EmployeemanagementSystem] [           main] o.h.b.model.internal.BasicValueBinder    : Starting `BasicValueBinder#fillSimpleValue` for updatedAt
2024-07-13T19:06:49.476+05:30 DEBUG 36136 --- [EmployeemanagementSystem] [           main] o.h.b.model.internal.BasicValueBinder    : Starting `BasicValueBinder#fillSimpleValue` for username
2024-07-13T19:06:49.478+05:30 DEBUG 36136 --- [EmployeemanagementSystem] [           main] org.hibernate.mapping.PrimaryKey         : Forcing column [employee_id] to be non-null as it is part of the primary key for table [employee_management]
2024-07-13T19:06:49.547+05:30 DEBUG 36136 --- [EmployeemanagementSystem] [           main] o.hibernate.internal.SessionFactoryImpl  : Building session factory
2024-07-13T19:06:49.575+05:30 DEBUG 36136 --- [EmployeemanagementSystem] [           main] .h.s.i.SessionFactoryServiceRegistryImpl : EventListenerRegistry access via ServiceRegistry is deprecated.  Use `sessionFactory.getEventEngine().getListenerRegistry()` instead
2024-07-13T19:06:49.575+05:30 DEBUG 36136 --- [EmployeemanagementSystem] [           main] o.hibernate.internal.SessionFactoryImpl  : Instantiating SessionFactory with settings: {hibernate.format_sql=true, java.specification.version=17, hibernate.resource.beans.container=org.springframework.orm.hibernate5.SpringBeanContainer@6cb662e8, hibernate.connection.handling_mode=DELAYED_ACQUISITION_AND_HOLD, sun.jnu.encoding=UTF-8, hibernate.dialect=org.hibernate.dialect.MySQLDialect, hibernate.implicit_naming_strategy=org.springframework.boot.orm.jpa.hibernate.SpringImplicitNamingStrategy, java.class.path=/home/ashutosh/Downloads/EmployeemanagementSystem/target/test-classes:/home/ashutosh/Downloads/EmployeemanagementSystem/target/classes:/home/ashutosh/.m2/repository/org/springframework/boot/spring-boot-starter-data-jpa/3.3.1/spring-boot-starter-data-jpa-3.3.1.jar:/home/ashutosh/.m2/repository/org/springframework/boot/spring-boot-starter-aop/3.3.1/spring-boot-starter-aop-3.3.1.jar:/home/ashutosh/.m2/repository/org/aspectj/aspectjweaver/1.9.22/aspectjweaver-1.9.22.jar:/home/ashutosh/.m2/repository/org/springframework/boot/spring-boot-starter-jdbc/3.3.1/spring-boot-starter-jdbc-3.3.1.jar:/home/ashutosh/.m2/repository/com/zaxxer/HikariCP/5.1.0/HikariCP-5.1.0.jar:/home/ashutosh/.m2/repository/org/springframework/spring-jdbc/6.1.10/spring-jdbc-6.1.10.jar:/home/ashutosh/.m2/repository/org/hibernate/orm/hibernate-core/6.5.2.Final/hibernate-core-6.5.2.Final.jar:/home/ashutosh/.m2/repository/jakarta/persistence/jakarta.persistence-api/3.1.0/jakarta.persistence-api-3.1.0.jar:/home/ashutosh/.m2/repository/jakarta/transaction/jakarta.transaction-api/2.0.1/jakarta.transaction-api-2.0.1.jar:/home/ashutosh/.m2/repository/org/jboss/logging/jboss-logging/3.5.3.Final/jboss-logging-3.5.3.Final.jar:/home/ashutosh/.m2/repository/org/hibernate/common/hibernate-commons-annotations/6.0.6.Final/hibernate-commons-annotations-6.0.6.Final.jar:/home/ashutosh/.m2/repository/io/smallrye/jandex/3.1.2/jandex-3.1.2.jar:/home/ashutosh/.m2/repository/com/fasterxml/classmate/1.7.0/classmate-1.7.0.jar:/home/ashutosh/.m2/repository/net/bytebuddy/byte-buddy/1.14.17/byte-buddy-1.14.17.jar:/home/ashutosh/.m2/repository/org/glassfish/jaxb/jaxb-runtime/4.0.5/jaxb-runtime-4.0.5.jar:/home/ashutosh/.m2/repository/org/glassfish/jaxb/jaxb-core/4.0.5/jaxb-core-4.0.5.jar:/home/ashutosh/.m2/repository/org/glassfish/jaxb/txw2/4.0.5/txw2-4.0.5.jar:/home/ashutosh/.m2/repository/com/sun/istack/istack-commons-runtime/4.1.2/istack-commons-runtime-4.1.2.jar:/home/ashutosh/.m2/repository/jakarta/inject/jakarta.inject-api/2.0.1/jakarta.inject-api-2.0.1.jar:/home/ashutosh/.m2/repository/org/antlr/antlr4-runtime/4.13.0/antlr4-runtime-4.13.0.jar:/home/ashutosh/.m2/repository/org/springframework/data/spring-data-jpa/3.3.1/spring-data-jpa-3.3.1.jar:/home/ashutosh/.m2/repository/org/springframework/data/spring-data-commons/3.3.1/spring-data-commons-3.3.1.jar:/home/ashutosh/.m2/repository/org/springframework/spring-orm/6.1.10/spring-orm-6.1.10.jar:/home/ashutosh/.m2/repository/org/springframework/spring-context/6.1.10/spring-context-6.1.10.jar:/home/ashutosh/.m2/repository/org/springframework/spring-tx/6.1.10/spring-tx-6.1.10.jar:/home/ashutosh/.m2/repository/org/springframework/spring-beans/6.1.10/spring-beans-6.1.10.jar:/home/ashutosh/.m2/repository/jakarta/annotation/jakarta.annotation-api/2.1.1/jakarta.annotation-api-2.1.1.jar:/home/ashutosh/.m2/repository/org/slf4j/slf4j-api/2.0.13/slf4j-api-2.0.13.jar:/home/ashutosh/.m2/repository/org/springframework/spring-aspects/6.1.10/spring-aspects-6.1.10.jar:/home/ashutosh/.m2/repository/org/springframework/boot/spring-boot-starter-thymeleaf/3.3.1/spring-boot-starter-thymeleaf-3.3.1.jar:/home/ashutosh/.m2/repository/org/springframework/boot/spring-boot-starter/3.3.1/spring-boot-starter-3.3.1.jar:/home/ashutosh/.m2/repository/org/springframework/boot/spring-boot/3.3.1/spring-boot-3.3.1.jar:/home/ashutosh/.m2/repository/org/springframework/boot/spring-boot-autoconfigure/3.3.1/spring-boot-autoconfigure-3.3.1.jar:/home/ashutosh/.m2/repository/org/springframework/boot/spring-boot-starter-logging/3.3.1/spring-boot-starter-logging-3.3.1.jar:/home/ashutosh/.m2/repository/ch/qos/logback/logback-classic/1.5.6/logback-classic-1.5.6.jar:/home/ashutosh/.m2/repository/ch/qos/logback/logback-core/1.5.6/logback-core-1.5.6.jar:/home/ashutosh/.m2/repository/org/apache/logging/log4j/log4j-to-slf4j/2.23.1/log4j-to-slf4j-2.23.1.jar:/home/ashutosh/.m2/repository/org/apache/logging/log4j/log4j-api/2.23.1/log4j-api-2.23.1.jar:/home/ashutosh/.m2/repository/org/slf4j/jul-to-slf4j/2.0.13/jul-to-slf4j-2.0.13.jar:/home/ashutosh/.m2/repository/org/yaml/snakeyaml/2.2/snakeyaml-2.2.jar:/home/ashutosh/.m2/repository/org/thymeleaf/thymeleaf-spring6/3.1.2.RELEASE/thymeleaf-spring6-3.1.2.RELEASE.jar:/home/ashutosh/.m2/repository/org/thymeleaf/thymeleaf/3.1.2.RELEASE/thymeleaf-3.1.2.RELEASE.jar:/home/ashutosh/.m2/repository/org/attoparser/attoparser/2.0.7.RELEASE/attoparser-2.0.7.RELEASE.jar:/home/ashutosh/.m2/repository/org/unbescape/unbescape/1.1.6.RELEASE/unbescape-1.1.6.RELEASE.jar:/home/ashutosh/.m2/repository/org/springframework/boot/spring-boot-starter-validation/3.3.1/spring-boot-starter-validation-3.3.1.jar:/home/ashutosh/.m2/repository/org/apache/tomcat/embed/tomcat-embed-el/10.1.25/tomcat-embed-el-10.1.25.jar:/home/ashutosh/.m2/repository/org/hibernate/validator/hibernate-validator/8.0.1.Final/hibernate-validator-8.0.1.Final.jar:/home/ashutosh/.m2/repository/jakarta/validation/jakarta.validation-api/3.0.2/jakarta.validation-api-3.0.2.jar:/home/ashutosh/.m2/repository/org/springframework/boot/spring-boot-starter-web/3.3.1/spring-boot-starter-web-3.3.1.jar:/home/ashutosh/.m2/repository/org/springframework/boot/spring-boot-starter-json/3.3.1/spring-boot-starter-json-3.3.1.jar:/home/ashutosh/.m2/repository/com/fasterxml/jackson/datatype/jackson-datatype-jdk8/2.17.1/jackson-datatype-jdk8-2.17.1.jar:/home/ashutosh/.m2/repository/com/fasterxml/jackson/datatype/jackson-datatype-jsr310/2.17.1/jackson-datatype-jsr310-2.17.1.jar:/home/ashutosh/.m2/repository/com/fasterxml/jackson/module/jackson-module-parameter-names/2.17.1/jackson-module-parameter-names-2.17.1.jar:/home/ashutosh/.m2/repository/org/springframework/boot/spring-boot-starter-tomcat/3.3.1/spring-boot-starter-tomcat-3.3.1.jar:/home/ashutosh/.m2/repository/org/apache/tomcat/embed/tomcat-embed-core/10.1.25/tomcat-embed-core-10.1.25.jar:/home/ashutosh/.m2/repository/org/apache/tomcat/embed/tomcat-embed-websocket/10.1.25/tomcat-embed-websocket-10.1.25.jar:/home/ashutosh/.m2/repository/org/springframework/spring-web/6.1.10/spring-web-6.1.10.jar:/home/ashutosh/.m2/repository/io/micrometer/micrometer-observation/1.13.1/micrometer-observation-1.13.1.jar:/home/ashutosh/.m2/repository/io/micrometer/micrometer-commons/1.13.1/micrometer-commons-1.13.1.jar:/home/ashutosh/.m2/repository/org/springframework/spring-webmvc/6.1.10/spring-webmvc-6.1.10.jar:/home/ashutosh/.m2/repository/org/springframework/spring-expression/6.1.10/spring-expression-6.1.10.jar:/home/ashutosh/.m2/repository/org/springframework/boot/spring-boot-starter-web-services/3.3.1/spring-boot-starter-web-services-3.3.1.jar:/home/ashutosh/.m2/repository/com/sun/xml/messaging/saaj/saaj-impl/3.0.4/saaj-impl-3.0.4.jar:/home/ashutosh/.m2/repository/jakarta/xml/soap/jakarta.xml.soap-api/3.0.2/jakarta.xml.soap-api-3.0.2.jar:/home/ashutosh/.m2/repository/org/jvnet/staxex/stax-ex/2.1.0/stax-ex-2.1.0.jar:/home/ashutosh/.m2/repository/jakarta/activation/jakarta.activation-api/2.1.3/jakarta.activation-api-2.1.3.jar:/home/ashutosh/.m2/repository/org/eclipse/angus/angus-activation/2.0.2/angus-activation-2.0.2.jar:/home/ashutosh/.m2/repository/jakarta/xml/ws/jakarta.xml.ws-api/4.0.2/jakarta.xml.ws-api-4.0.2.jar:/home/ashutosh/.m2/repository/org/springframework/spring-oxm/6.1.10/spring-oxm-6.1.10.jar:/home/ashutosh/.m2/repository/org/springframework/ws/spring-ws-core/4.0.11/spring-ws-core-4.0.11.jar:/home/ashutosh/.m2/repository/org/springframework/ws/spring-xml/4.0.11/spring-xml-4.0.11.jar:/home/ashutosh/.m2/repository/io/swagger/core/v3/swagger-annotations/2.2.22/swagger-annotations-2.2.22.jar:/home/ashutosh/.m2/repository/com/microsoft/sqlserver/mssql-jdbc/12.6.2.jre11/mssql-jdbc-12.6.2.jre11.jar:/home/ashutosh/.m2/repository/org/projectlombok/lombok/1.18.32/lombok-1.18.32.jar:/home/ashutosh/.m2/repository/org/springframework/boot/spring-boot-starter-test/3.3.1/spring-boot-starter-test-3.3.1.jar:/home/ashutosh/.m2/repository/org/springframework/boot/spring-boot-test/3.3.1/spring-boot-test-3.3.1.jar:/home/ashutosh/.m2/repository/org/springframework/boot/spring-boot-test-autoconfigure/3.3.1/spring-boot-test-autoconfigure-3.3.1.jar:/home/ashutosh/.m2/repository/com/jayway/jsonpath/json-path/2.9.0/json-path-2.9.0.jar:/home/ashutosh/.m2/repository/jakarta/xml/bind/jakarta.xml.bind-api/4.0.2/jakarta.xml.bind-api-4.0.2.jar:/home/ashutosh/.m2/repository/net/minidev/json-smart/2.5.1/json-smart-2.5.1.jar:/home/ashutosh/.m2/repository/net/minidev/accessors-smart/2.5.1/accessors-smart-2.5.1.jar:/home/ashutosh/.m2/repository/org/ow2/asm/asm/9.6/asm-9.6.jar:/home/ashutosh/.m2/repository/org/assertj/assertj-core/3.25.3/assertj-core-3.25.3.jar:/home/ashutosh/.m2/repository/org/awaitility/awaitility/4.2.1/awaitility-4.2.1.jar:/home/ashutosh/.m2/repository/org/hamcrest/hamcrest/2.2/hamcrest-2.2.jar:/home/ashutosh/.m2/repository/org/junit/jupiter/junit-jupiter/5.10.2/junit-jupiter-5.10.2.jar:/home/ashutosh/.m2/repository/org/junit/jupiter/junit-jupiter-api/5.10.2/junit-jupiter-api-5.10.2.jar:/home/ashutosh/.m2/repository/org/opentest4j/opentest4j/1.3.0/opentest4j-1.3.0.jar:/home/ashutosh/.m2/repository/org/junit/platform/junit-platform-commons/1.10.2/junit-platform-commons-1.10.2.jar:/home/ashutosh/.m2/repository/org/apiguardian/apiguardian-api/1.1.2/apiguardian-api-1.1.2.jar:/home/ashutosh/.m2/repository/org/junit/jupiter/junit-jupiter-params/5.10.2/junit-jupiter-params-5.10.2.jar:/home/ashutosh/.m2/repository/org/junit/jupiter/junit-jupiter-engine/5.10.2/junit-jupiter-engine-5.10.2.jar:/home/ashutosh/.m2/repository/org/junit/platform/junit-platform-engine/1.10.2/junit-platform-engine-1.10.2.jar:/home/ashutosh/.m2/repository/org/mockito/mockito-core/5.11.0/mockito-core-5.11.0.jar:/home/ashutosh/.m2/repository/net/bytebuddy/byte-buddy-agent/1.14.17/byte-buddy-agent-1.14.17.jar:/home/ashutosh/.m2/repository/org/objenesis/objenesis/3.3/objenesis-3.3.jar:/home/ashutosh/.m2/repository/org/mockito/mockito-junit-jupiter/5.11.0/mockito-junit-jupiter-5.11.0.jar:/home/ashutosh/.m2/repository/org/skyscreamer/jsonassert/1.5.1/jsonassert-1.5.1.jar:/home/ashutosh/.m2/repository/com/vaadin/external/google/android-json/0.0.20131108.vaadin1/android-json-0.0.20131108.vaadin1.jar:/home/ashutosh/.m2/repository/org/springframework/spring-core/6.1.10/spring-core-6.1.10.jar:/home/ashutosh/.m2/repository/org/springframework/spring-jcl/6.1.10/spring-jcl-6.1.10.jar:/home/ashutosh/.m2/repository/org/springframework/spring-test/6.1.10/spring-test-6.1.10.jar:/home/ashutosh/.m2/repository/org/xmlunit/xmlunit-core/2.9.1/xmlunit-core-2.9.1.jar:/home/ashutosh/.m2/repository/org/springdoc/springdoc-openapi-starter-webmvc-ui/2.5.0/springdoc-openapi-starter-webmvc-ui-2.5.0.jar:/home/ashutosh/.m2/repository/org/springdoc/springdoc-openapi-starter-webmvc-api/2.5.0/springdoc-openapi-starter-webmvc-api-2.5.0.jar:/home/ashutosh/.m2/repository/org/springdoc/springdoc-openapi-starter-common/2.5.0/springdoc-openapi-starter-common-2.5.0.jar:/home/ashutosh/.m2/repository/io/swagger/core/v3/swagger-core-jakarta/2.2.21/swagger-core-jakarta-2.2.21.jar:/home/ashutosh/.m2/repository/io/swagger/core/v3/swagger-annotations-jakarta/2.2.21/swagger-annotations-jakarta-2.2.21.jar:/home/ashutosh/.m2/repository/io/swagger/core/v3/swagger-models-jakarta/2.2.21/swagger-models-jakarta-2.2.21.jar:/home/ashutosh/.m2/repository/com/fasterxml/jackson/dataformat/jackson-dataformat-yaml/2.17.1/jackson-dataformat-yaml-2.17.1.jar:/home/ashutosh/.m2/repository/org/webjars/swagger-ui/5.13.0/swagger-ui-5.13.0.jar:/home/ashutosh/.m2/repository/com/mysql/mysql-connector-j/8.3.0/mysql-connector-j-8.3.0.jar:/home/ashutosh/.m2/repository/org/springframework/boot/spring-boot-starter-security/3.3.1/spring-boot-starter-security-3.3.1.jar:/home/ashutosh/.m2/repository/org/springframework/spring-aop/6.1.10/spring-aop-6.1.10.jar:/home/ashutosh/.m2/repository/org/springframework/security/spring-security-config/6.3.1/spring-security-config-6.3.1.jar:/home/ashutosh/.m2/repository/org/springframework/security/spring-security-core/6.3.1/spring-security-core-6.3.1.jar:/home/ashutosh/.m2/repository/org/springframework/security/spring-security-crypto/6.3.1/spring-security-crypto-6.3.1.jar:/home/ashutosh/.m2/repository/org/springframework/security/spring-security-web/6.3.1/spring-security-web-6.3.1.jar:/home/ashutosh/.m2/repository/io/jsonwebtoken/jjwt-api/0.11.5/jjwt-api-0.11.5.jar:/home/ashutosh/.m2/repository/io/jsonwebtoken/jjwt-impl/0.11.5/jjwt-impl-0.11.5.jar:/home/ashutosh/.m2/repository/io/jsonwebtoken/jjwt-jackson/0.11.5/jjwt-jackson-0.11.5.jar:/home/ashutosh/.m2/repository/com/fasterxml/jackson/core/jackson-databind/2.17.1/jackson-databind-2.17.1.jar:/home/ashutosh/.m2/repository/com/fasterxml/jackson/core/jackson-annotations/2.17.1/jackson-annotations-2.17.1.jar:/home/ashutosh/.m2/repository/com/fasterxml/jackson/core/jackson-core/2.17.1/jackson-core-2.17.1.jar:/home/ashutosh/.m2/repository/org/apache/commons/commons-lang3/3.14.0/commons-lang3-3.14.0.jar:, java.vm.vendor=Ubuntu, sun.arch.data.model=64, java.vendor.url=https://ubuntu.com/, user.timezone=Asia/Kolkata, jakarta.persistence.sharedCache.mode=UNSPECIFIED, org.jboss.logging.provider=slf4j, java.vm.specification.version=17, os.name=Linux, jakarta.persistence.nonJtaDataSource=HikariDataSource (HikariPool-1), sun.java.launcher=SUN_STANDARD, user.country=IN, sun.boot.library.path=/usr/lib/jvm/java-17-openjdk-amd64/lib, sun.java.command=/home/ashutosh/Downloads/EmployeemanagementSystem/target/surefire/surefirebooter-20240713190646706_3.jar /home/ashutosh/Downloads/EmployeemanagementSystem/target/surefire 2024-07-13T19-06-46_628-jvmRun1 surefire-20240713190646706_1tmp surefire_0-20240713190646706_2tmp, javax.persistence.nonJtaDataSource=HikariDataSource (HikariPool-1), hibernate.transaction.jta.platform=org.hibernate.engine.transaction.jta.platform.internal.NoJtaPlatform@13f2d42c, jdk.debug=release, surefire.test.class.path=/home/ashutosh/Downloads/EmployeemanagementSystem/target/test-classes:/home/ashutosh/Downloads/EmployeemanagementSystem/target/classes:/home/ashutosh/.m2/repository/org/springframework/boot/spring-boot-starter-data-jpa/3.3.1/spring-boot-starter-data-jpa-3.3.1.jar:/home/ashutosh/.m2/repository/org/springframework/boot/spring-boot-starter-aop/3.3.1/spring-boot-starter-aop-3.3.1.jar:/home/ashutosh/.m2/repository/org/aspectj/aspectjweaver/1.9.22/aspectjweaver-1.9.22.jar:/home/ashutosh/.m2/repository/org/springframework/boot/spring-boot-starter-jdbc/3.3.1/spring-boot-starter-jdbc-3.3.1.jar:/home/ashutosh/.m2/repository/com/zaxxer/HikariCP/5.1.0/HikariCP-5.1.0.jar:/home/ashutosh/.m2/repository/org/springframework/spring-jdbc/6.1.10/spring-jdbc-6.1.10.jar:/home/ashutosh/.m2/repository/org/hibernate/orm/hibernate-core/6.5.2.Final/hibernate-core-6.5.2.Final.jar:/home/ashutosh/.m2/repository/jakarta/persistence/jakarta.persistence-api/3.1.0/jakarta.persistence-api-3.1.0.jar:/home/ashutosh/.m2/repository/jakarta/transaction/jakarta.transaction-api/2.0.1/jakarta.transaction-api-2.0.1.jar:/home/ashutosh/.m2/repository/org/jboss/logging/jboss-logging/3.5.3.Final/jboss-logging-3.5.3.Final.jar:/home/ashutosh/.m2/repository/org/hibernate/common/hibernate-commons-annotations/6.0.6.Final/hibernate-commons-annotations-6.0.6.Final.jar:/home/ashutosh/.m2/repository/io/smallrye/jandex/3.1.2/jandex-3.1.2.jar:/home/ashutosh/.m2/repository/com/fasterxml/classmate/1.7.0/classmate-1.7.0.jar:/home/ashutosh/.m2/repository/net/bytebuddy/byte-buddy/1.14.17/byte-buddy-1.14.17.jar:/home/ashutosh/.m2/repository/org/glassfish/jaxb/jaxb-runtime/4.0.5/jaxb-runtime-4.0.5.jar:/home/ashutosh/.m2/repository/org/glassfish/jaxb/jaxb-core/4.0.5/jaxb-core-4.0.5.jar:/home/ashutosh/.m2/repository/org/glassfish/jaxb/txw2/4.0.5/txw2-4.0.5.jar:/home/ashutosh/.m2/repository/com/sun/istack/istack-commons-runtime/4.1.2/istack-commons-runtime-4.1.2.jar:/home/ashutosh/.m2/repository/jakarta/inject/jakarta.inject-api/2.0.1/jakarta.inject-api-2.0.1.jar:/home/ashutosh/.m2/repository/org/antlr/antlr4-runtime/4.13.0/antlr4-runtime-4.13.0.jar:/home/ashutosh/.m2/repository/org/springframework/data/spring-data-jpa/3.3.1/spring-data-jpa-3.3.1.jar:/home/ashutosh/.m2/repository/org/springframework/data/spring-data-commons/3.3.1/spring-data-commons-3.3.1.jar:/home/ashutosh/.m2/repository/org/springframework/spring-orm/6.1.10/spring-orm-6.1.10.jar:/home/ashutosh/.m2/repository/org/springframework/spring-context/6.1.10/spring-context-6.1.10.jar:/home/ashutosh/.m2/repository/org/springframework/spring-tx/6.1.10/spring-tx-6.1.10.jar:/home/ashutosh/.m2/repository/org/springframework/spring-beans/6.1.10/spring-beans-6.1.10.jar:/home/ashutosh/.m2/repository/jakarta/annotation/jakarta.annotation-api/2.1.1/jakarta.annotation-api-2.1.1.jar:/home/ashutosh/.m2/repository/org/slf4j/slf4j-api/2.0.13/slf4j-api-2.0.13.jar:/home/ashutosh/.m2/repository/org/springframework/spring-aspects/6.1.10/spring-aspects-6.1.10.jar:/home/ashutosh/.m2/repository/org/springframework/boot/spring-boot-starter-thymeleaf/3.3.1/spring-boot-starter-thymeleaf-3.3.1.jar:/home/ashutosh/.m2/repository/org/springframework/boot/spring-boot-starter/3.3.1/spring-boot-starter-3.3.1.jar:/home/ashutosh/.m2/repository/org/springframework/boot/spring-boot/3.3.1/spring-boot-3.3.1.jar:/home/ashutosh/.m2/repository/org/springframework/boot/spring-boot-autoconfigure/3.3.1/spring-boot-autoconfigure-3.3.1.jar:/home/ashutosh/.m2/repository/org/springframework/boot/spring-boot-starter-logging/3.3.1/spring-boot-starter-logging-3.3.1.jar:/home/ashutosh/.m2/repository/ch/qos/logback/logback-classic/1.5.6/logback-classic-1.5.6.jar:/home/ashutosh/.m2/repository/ch/qos/logback/logback-core/1.5.6/logback-core-1.5.6.jar:/home/ashutosh/.m2/repository/org/apache/logging/log4j/log4j-to-slf4j/2.23.1/log4j-to-slf4j-2.23.1.jar:/home/ashutosh/.m2/repository/org/apache/logging/log4j/log4j-api/2.23.1/log4j-api-2.23.1.jar:/home/ashutosh/.m2/repository/org/slf4j/jul-to-slf4j/2.0.13/jul-to-slf4j-2.0.13.jar:/home/ashutosh/.m2/repository/org/yaml/snakeyaml/2.2/snakeyaml-2.2.jar:/home/ashutosh/.m2/repository/org/thymeleaf/thymeleaf-spring6/3.1.2.RELEASE/thymeleaf-spring6-3.1.2.RELEASE.jar:/home/ashutosh/.m2/repository/org/thymeleaf/thymeleaf/3.1.2.RELEASE/thymeleaf-3.1.2.RELEASE.jar:/home/ashutosh/.m2/repository/org/attoparser/attoparser/2.0.7.RELEASE/attoparser-2.0.7.RELEASE.jar:/home/ashutosh/.m2/repository/org/unbescape/unbescape/1.1.6.RELEASE/unbescape-1.1.6.RELEASE.jar:/home/ashutosh/.m2/repository/org/springframework/boot/spring-boot-starter-validation/3.3.1/spring-boot-starter-validation-3.3.1.jar:/home/ashutosh/.m2/repository/org/apache/tomcat/embed/tomcat-embed-el/10.1.25/tomcat-embed-el-10.1.25.jar:/home/ashutosh/.m2/repository/org/hibernate/validator/hibernate-validator/8.0.1.Final/hibernate-validator-8.0.1.Final.jar:/home/ashutosh/.m2/repository/jakarta/validation/jakarta.validation-api/3.0.2/jakarta.validation-api-3.0.2.jar:/home/ashutosh/.m2/repository/org/springframework/boot/spring-boot-starter-web/3.3.1/spring-boot-starter-web-3.3.1.jar:/home/ashutosh/.m2/repository/org/springframework/boot/spring-boot-starter-json/3.3.1/spring-boot-starter-json-3.3.1.jar:/home/ashutosh/.m2/repository/com/fasterxml/jackson/datatype/jackson-datatype-jdk8/2.17.1/jackson-datatype-jdk8-2.17.1.jar:/home/ashutosh/.m2/repository/com/fasterxml/jackson/datatype/jackson-datatype-jsr310/2.17.1/jackson-datatype-jsr310-2.17.1.jar:/home/ashutosh/.m2/repository/com/fasterxml/jackson/module/jackson-module-parameter-names/2.17.1/jackson-module-parameter-names-2.17.1.jar:/home/ashutosh/.m2/repository/org/springframework/boot/spring-boot-starter-tomcat/3.3.1/spring-boot-starter-tomcat-3.3.1.jar:/home/ashutosh/.m2/repository/org/apache/tomcat/embed/tomcat-embed-core/10.1.25/tomcat-embed-core-10.1.25.jar:/home/ashutosh/.m2/repository/org/apache/tomcat/embed/tomcat-embed-websocket/10.1.25/tomcat-embed-websocket-10.1.25.jar:/home/ashutosh/.m2/repository/org/springframework/spring-web/6.1.10/spring-web-6.1.10.jar:/home/ashutosh/.m2/repository/io/micrometer/micrometer-observation/1.13.1/micrometer-observation-1.13.1.jar:/home/ashutosh/.m2/repository/io/micrometer/micrometer-commons/1.13.1/micrometer-commons-1.13.1.jar:/home/ashutosh/.m2/repository/org/springframework/spring-webmvc/6.1.10/spring-webmvc-6.1.10.jar:/home/ashutosh/.m2/repository/org/springframework/spring-expression/6.1.10/spring-expression-6.1.10.jar:/home/ashutosh/.m2/repository/org/springframework/boot/spring-boot-starter-web-services/3.3.1/spring-boot-starter-web-services-3.3.1.jar:/home/ashutosh/.m2/repository/com/sun/xml/messaging/saaj/saaj-impl/3.0.4/saaj-impl-3.0.4.jar:/home/ashutosh/.m2/repository/jakarta/xml/soap/jakarta.xml.soap-api/3.0.2/jakarta.xml.soap-api-3.0.2.jar:/home/ashutosh/.m2/repository/org/jvnet/staxex/stax-ex/2.1.0/stax-ex-2.1.0.jar:/home/ashutosh/.m2/repository/jakarta/activation/jakarta.activation-api/2.1.3/jakarta.activation-api-2.1.3.jar:/home/ashutosh/.m2/repository/org/eclipse/angus/angus-activation/2.0.2/angus-activation-2.0.2.jar:/home/ashutosh/.m2/repository/jakarta/xml/ws/jakarta.xml.ws-api/4.0.2/jakarta.xml.ws-api-4.0.2.jar:/home/ashutosh/.m2/repository/org/springframework/spring-oxm/6.1.10/spring-oxm-6.1.10.jar:/home/ashutosh/.m2/repository/org/springframework/ws/spring-ws-core/4.0.11/spring-ws-core-4.0.11.jar:/home/ashutosh/.m2/repository/org/springframework/ws/spring-xml/4.0.11/spring-xml-4.0.11.jar:/home/ashutosh/.m2/repository/io/swagger/core/v3/swagger-annotations/2.2.22/swagger-annotations-2.2.22.jar:/home/ashutosh/.m2/repository/com/microsoft/sqlserver/mssql-jdbc/12.6.2.jre11/mssql-jdbc-12.6.2.jre11.jar:/home/ashutosh/.m2/repository/org/projectlombok/lombok/1.18.32/lombok-1.18.32.jar:/home/ashutosh/.m2/repository/org/springframework/boot/spring-boot-starter-test/3.3.1/spring-boot-starter-test-3.3.1.jar:/home/ashutosh/.m2/repository/org/springframework/boot/spring-boot-test/3.3.1/spring-boot-test-3.3.1.jar:/home/ashutosh/.m2/repository/org/springframework/boot/spring-boot-test-autoconfigure/3.3.1/spring-boot-test-autoconfigure-3.3.1.jar:/home/ashutosh/.m2/repository/com/jayway/jsonpath/json-path/2.9.0/json-path-2.9.0.jar:/home/ashutosh/.m2/repository/jakarta/xml/bind/jakarta.xml.bind-api/4.0.2/jakarta.xml.bind-api-4.0.2.jar:/home/ashutosh/.m2/repository/net/minidev/json-smart/2.5.1/json-smart-2.5.1.jar:/home/ashutosh/.m2/repository/net/minidev/accessors-smart/2.5.1/accessors-smart-2.5.1.jar:/home/ashutosh/.m2/repository/org/ow2/asm/asm/9.6/asm-9.6.jar:/home/ashutosh/.m2/repository/org/assertj/assertj-core/3.25.3/assertj-core-3.25.3.jar:/home/ashutosh/.m2/repository/org/awaitility/awaitility/4.2.1/awaitility-4.2.1.jar:/home/ashutosh/.m2/repository/org/hamcrest/hamcrest/2.2/hamcrest-2.2.jar:/home/ashutosh/.m2/repository/org/junit/jupiter/junit-jupiter/5.10.2/junit-jupiter-5.10.2.jar:/home/ashutosh/.m2/repository/org/junit/jupiter/junit-jupiter-api/5.10.2/junit-jupiter-api-5.10.2.jar:/home/ashutosh/.m2/repository/org/opentest4j/opentest4j/1.3.0/opentest4j-1.3.0.jar:/home/ashutosh/.m2/repository/org/junit/platform/junit-platform-commons/1.10.2/junit-platform-commons-1.10.2.jar:/home/ashutosh/.m2/repository/org/apiguardian/apiguardian-api/1.1.2/apiguardian-api-1.1.2.jar:/home/ashutosh/.m2/repository/org/junit/jupiter/junit-jupiter-params/5.10.2/junit-jupiter-params-5.10.2.jar:/home/ashutosh/.m2/repository/org/junit/jupiter/junit-jupiter-engine/5.10.2/junit-jupiter-engine-5.10.2.jar:/home/ashutosh/.m2/repository/org/junit/platform/junit-platform-engine/1.10.2/junit-platform-engine-1.10.2.jar:/home/ashutosh/.m2/repository/org/mockito/mockito-core/5.11.0/mockito-core-5.11.0.jar:/home/ashutosh/.m2/repository/net/bytebuddy/byte-buddy-agent/1.14.17/byte-buddy-agent-1.14.17.jar:/home/ashutosh/.m2/repository/org/objenesis/objenesis/3.3/objenesis-3.3.jar:/home/ashutosh/.m2/repository/org/mockito/mockito-junit-jupiter/5.11.0/mockito-junit-jupiter-5.11.0.jar:/home/ashutosh/.m2/repository/org/skyscreamer/jsonassert/1.5.1/jsonassert-1.5.1.jar:/home/ashutosh/.m2/repository/com/vaadin/external/google/android-json/0.0.20131108.vaadin1/android-json-0.0.20131108.vaadin1.jar:/home/ashutosh/.m2/repository/org/springframework/spring-core/6.1.10/spring-core-6.1.10.jar:/home/ashutosh/.m2/repository/org/springframework/spring-jcl/6.1.10/spring-jcl-6.1.10.jar:/home/ashutosh/.m2/repository/org/springframework/spring-test/6.1.10/spring-test-6.1.10.jar:/home/ashutosh/.m2/repository/org/xmlunit/xmlunit-core/2.9.1/xmlunit-core-2.9.1.jar:/home/ashutosh/.m2/repository/org/springdoc/springdoc-openapi-starter-webmvc-ui/2.5.0/springdoc-openapi-starter-webmvc-ui-2.5.0.jar:/home/ashutosh/.m2/repository/org/springdoc/springdoc-openapi-starter-webmvc-api/2.5.0/springdoc-openapi-starter-webmvc-api-2.5.0.jar:/home/ashutosh/.m2/repository/org/springdoc/springdoc-openapi-starter-common/2.5.0/springdoc-openapi-starter-common-2.5.0.jar:/home/ashutosh/.m2/repository/io/swagger/core/v3/swagger-core-jakarta/2.2.21/swagger-core-jakarta-2.2.21.jar:/home/ashutosh/.m2/repository/io/swagger/core/v3/swagger-annotations-jakarta/2.2.21/swagger-annotations-jakarta-2.2.21.jar:/home/ashutosh/.m2/repository/io/swagger/core/v3/swagger-models-jakarta/2.2.21/swagger-models-jakarta-2.2.21.jar:/home/ashutosh/.m2/repository/com/fasterxml/jackson/dataformat/jackson-dataformat-yaml/2.17.1/jackson-dataformat-yaml-2.17.1.jar:/home/ashutosh/.m2/repository/org/webjars/swagger-ui/5.13.0/swagger-ui-5.13.0.jar:/home/ashutosh/.m2/repository/com/mysql/mysql-connector-j/8.3.0/mysql-connector-j-8.3.0.jar:/home/ashutosh/.m2/repository/org/springframework/boot/spring-boot-starter-security/3.3.1/spring-boot-starter-security-3.3.1.jar:/home/ashutosh/.m2/repository/org/springframework/spring-aop/6.1.10/spring-aop-6.1.10.jar:/home/ashutosh/.m2/repository/org/springframework/security/spring-security-config/6.3.1/spring-security-config-6.3.1.jar:/home/ashutosh/.m2/repository/org/springframework/security/spring-security-core/6.3.1/spring-security-core-6.3.1.jar:/home/ashutosh/.m2/repository/org/springframework/security/spring-security-crypto/6.3.1/spring-security-crypto-6.3.1.jar:/home/ashutosh/.m2/repository/org/springframework/security/spring-security-web/6.3.1/spring-security-web-6.3.1.jar:/home/ashutosh/.m2/repository/io/jsonwebtoken/jjwt-api/0.11.5/jjwt-api-0.11.5.jar:/home/ashutosh/.m2/repository/io/jsonwebtoken/jjwt-impl/0.11.5/jjwt-impl-0.11.5.jar:/home/ashutosh/.m2/repository/io/jsonwebtoken/jjwt-jackson/0.11.5/jjwt-jackson-0.11.5.jar:/home/ashutosh/.m2/repository/com/fasterxml/jackson/core/jackson-databind/2.17.1/jackson-databind-2.17.1.jar:/home/ashutosh/.m2/repository/com/fasterxml/jackson/core/jackson-annotations/2.17.1/jackson-annotations-2.17.1.jar:/home/ashutosh/.m2/repository/com/fasterxml/jackson/core/jackson-core/2.17.1/jackson-core-2.17.1.jar:/home/ashutosh/.m2/repository/org/apache/commons/commons-lang3/3.14.0/commons-lang3-3.14.0.jar:, sun.cpu.endian=little, hibernate.cdi.extensions=true, user.home=/home/ashutosh, user.language=en, java.specification.vendor=Oracle Corporation, java.version.date=2024-04-16, java.home=/usr/lib/jvm/java-17-openjdk-amd64, file.separator=/, basedir=/home/ashutosh/Downloads/EmployeemanagementSystem, java.vm.compressedOopsMode=32-bit, line.separator=
, hibernate.persistenceUnitName=default, java.specification.name=Java Platform API Specification, java.vm.specification.vendor=Oracle Corporation, FILE_LOG_CHARSET=UTF-8, hibernate.transaction.coordinator_class=class org.hibernate.resource.transaction.backend.jdbc.internal.JdbcResourceLocalTransactionCoordinatorBuilderImpl, java.awt.headless=true, surefire.real.class.path=/home/ashutosh/Downloads/EmployeemanagementSystem/target/surefire/surefirebooter-20240713190646706_3.jar, jakarta.persistence.validation.mode=AUTO, hibernate.hbm2ddl.auto=update, sun.management.compiler=HotSpot 64-Bit Tiered Compilers, java.runtime.version=17.0.11+9-Ubuntu-122.04.1, user.name=ashutosh, path.separator=:, os.version=6.5.0-41-generic, java.runtime.name=OpenJDK Runtime Environment, file.encoding=UTF-8, java.vm.name=OpenJDK 64-Bit Server VM, hibernate.show_sql=true, localRepository=/home/ashutosh/.m2/repository, java.vendor.url.bug=https://bugs.launchpad.net/ubuntu/+source/openjdk-17, java.io.tmpdir=/tmp, java.version=17.0.11, hibernate.physical_naming_strategy=org.hibernate.boot.model.naming.CamelCaseToUnderscoresNamingStrategy, user.dir=/home/ashutosh/Downloads/EmployeemanagementSystem, os.arch=amd64, java.vm.specification.name=Java Virtual Machine Specification, PID=36136, CONSOLE_LOG_CHARSET=UTF-8, hibernate.boot.CfgXmlAccessService.key=org.hibernate.boot.registry.StandardServiceRegistryBuilder$1@1071ae7c, native.encoding=UTF-8, java.library.path=/usr/java/packages/lib:/usr/lib/x86_64-linux-gnu/jni:/lib/x86_64-linux-gnu:/usr/lib/x86_64-linux-gnu:/usr/lib/jni:/lib:/usr/lib, java.vendor=Ubuntu, java.vm.info=mixed mode, sharing, java.vm.version=17.0.11+9-Ubuntu-122.04.1, sun.io.unicode.encoding=UnicodeLittle, hibernate.archive.scanner=org.hibernate.boot.archive.scan.internal.DisabledScanner, hibernate.connection.datasource=HikariDataSource (HikariPool-1), java.class.version=61.0, LOGGED_APPLICATION_NAME=[EmployeemanagementSystem] }
2024-07-13T19:06:49.578+05:30 DEBUG 36136 --- [EmployeemanagementSystem] [           main] o.hibernate.internal.SessionFactoryImpl  : Session factory constructed with filter configurations : {}
2024-07-13T19:06:49.582+05:30 DEBUG 36136 --- [EmployeemanagementSystem] [           main] o.h.v.i.xml.config.ValidationXmlParser   : Trying to load META-INF/validation.xml for XML based Validator configuration.
2024-07-13T19:06:49.582+05:30 DEBUG 36136 --- [EmployeemanagementSystem] [           main] o.h.v.i.xml.config.ResourceLoaderHelper  : Trying to load META-INF/validation.xml via TCCL
2024-07-13T19:06:49.582+05:30 DEBUG 36136 --- [EmployeemanagementSystem] [           main] o.h.v.i.xml.config.ResourceLoaderHelper  : Trying to load META-INF/validation.xml via Hibernate Validator's class loader
2024-07-13T19:06:49.582+05:30 DEBUG 36136 --- [EmployeemanagementSystem] [           main] o.h.v.i.xml.config.ValidationXmlParser   : No META-INF/validation.xml found. Using annotation based configuration only.
2024-07-13T19:06:49.582+05:30 DEBUG 36136 --- [EmployeemanagementSystem] [           main] o.h.v.i.e.resolver.TraversableResolvers  : Found jakarta.persistence.Persistence on classpath containing 'getPersistenceUtil'. Assuming JPA 2 environment. Trying to instantiate JPA aware TraversableResolver
2024-07-13T19:06:49.582+05:30 DEBUG 36136 --- [EmployeemanagementSystem] [           main] o.h.v.i.e.resolver.TraversableResolvers  : Instantiated JPA aware TraversableResolver of type org.hibernate.validator.internal.engine.resolver.JPATraversableResolver.
2024-07-13T19:06:49.583+05:30 DEBUG 36136 --- [EmployeemanagementSystem] [           main] .h.v.m.ResourceBundleMessageInterpolator : Loaded expression factory via original TCCL
2024-07-13T19:06:49.584+05:30 DEBUG 36136 --- [EmployeemanagementSystem] [           main] .i.e.ValidatorFactoryConfigurationHelper : HV000252: Using org.hibernate.validator.internal.engine.DefaultPropertyNodeNameProvider as property node name provider.
2024-07-13T19:06:49.584+05:30 DEBUG 36136 --- [EmployeemanagementSystem] [           main] .i.e.ValidatorFactoryConfigurationHelper : HV000234: Using org.hibernate.validator.messageinterpolation.ResourceBundleMessageInterpolator as ValidatorFactory-scoped message interpolator.
2024-07-13T19:06:49.584+05:30 DEBUG 36136 --- [EmployeemanagementSystem] [           main] .i.e.ValidatorFactoryConfigurationHelper : HV000234: Using org.hibernate.validator.internal.engine.resolver.JPATraversableResolver as ValidatorFactory-scoped traversable resolver.
2024-07-13T19:06:49.584+05:30 DEBUG 36136 --- [EmployeemanagementSystem] [           main] .i.e.ValidatorFactoryConfigurationHelper : HV000234: Using org.hibernate.validator.internal.util.ExecutableParameterNameProvider as ValidatorFactory-scoped parameter name provider.
2024-07-13T19:06:49.584+05:30 DEBUG 36136 --- [EmployeemanagementSystem] [           main] .i.e.ValidatorFactoryConfigurationHelper : HV000234: Using org.hibernate.validator.internal.engine.DefaultClockProvider as ValidatorFactory-scoped clock provider.
2024-07-13T19:06:49.584+05:30 DEBUG 36136 --- [EmployeemanagementSystem] [           main] .i.e.ValidatorFactoryConfigurationHelper : HV000234: Using org.hibernate.validator.internal.engine.scripting.DefaultScriptEvaluatorFactory as ValidatorFactory-scoped script evaluator factory.
2024-07-13T19:06:49.585+05:30 DEBUG 36136 --- [EmployeemanagementSystem] [           main] o.h.boot.internal.ClassLoaderAccessImpl  : Not known whether passed class name [com.org.EmployeemanagementSystem.entities.User] is safe
2024-07-13T19:06:49.585+05:30 DEBUG 36136 --- [EmployeemanagementSystem] [           main] o.h.boot.internal.ClassLoaderAccessImpl  : No temp ClassLoader provided; using live ClassLoader for loading potentially unsafe class : com.org.EmployeemanagementSystem.entities.User
2024-07-13T19:06:49.608+05:30 DEBUG 36136 --- [EmployeemanagementSystem] [           main] .h.s.i.SessionFactoryServiceRegistryImpl : EventListenerRegistry access via ServiceRegistry is deprecated.  Use `sessionFactory.getEventEngine().getListenerRegistry()` instead
2024-07-13T19:06:49.629+05:30 DEBUG 36136 --- [EmployeemanagementSystem] [           main] o.h.q.sqm.function.SqmFunctionRegistry   : Registered SqmFunctionTemplate [NamedSqmFunctionTemplate(max)] under max; prior registration was null
2024-07-13T19:06:49.629+05:30 DEBUG 36136 --- [EmployeemanagementSystem] [           main] o.h.q.sqm.function.SqmFunctionRegistry   : Registered SqmFunctionTemplate [NamedSqmFunctionTemplate(min)] under min; prior registration was null
2024-07-13T19:06:49.629+05:30 DEBUG 36136 --- [EmployeemanagementSystem] [           main] o.h.q.sqm.function.SqmFunctionRegistry   : Registered SqmFunctionTemplate [NamedSqmFunctionTemplate(sum)] under sum; prior registration was null
2024-07-13T19:06:49.630+05:30 DEBUG 36136 --- [EmployeemanagementSystem] [           main] o.h.q.sqm.function.SqmFunctionRegistry   : Registered SqmFunctionTemplate [NamedSqmFunctionTemplate(avg)] under avg; prior registration was null
2024-07-13T19:06:49.631+05:30 DEBUG 36136 --- [EmployeemanagementSystem] [           main] o.h.q.sqm.function.SqmFunctionRegistry   : Registered SqmFunctionTemplate [org.hibernate.dialect.function.CountFunction@10a064bd] under count; prior registration was null
2024-07-13T19:06:49.632+05:30 DEBUG 36136 --- [EmployeemanagementSystem] [           main] o.h.q.sqm.function.SqmFunctionRegistry   : Registered SqmFunctionTemplate [org.hibernate.dialect.function.EveryAnyEmulation@23c00420] under every; prior registration was null
2024-07-13T19:06:49.632+05:30 DEBUG 36136 --- [EmployeemanagementSystem] [           main] o.h.q.sqm.function.SqmFunctionRegistry   : Registered SqmFunctionTemplate [org.hibernate.dialect.function.EveryAnyEmulation@22f046b] under any; prior registration was null
2024-07-13T19:06:49.632+05:30 DEBUG 36136 --- [EmployeemanagementSystem] [           main] o.h.q.sqm.function.SqmFunctionRegistry   : Registered SqmFunctionTemplate [NamedSqmFunctionTemplate(floor)] under floor; prior registration was null
2024-07-13T19:06:49.632+05:30 DEBUG 36136 --- [EmployeemanagementSystem] [           main] o.h.q.sqm.function.SqmFunctionRegistry   : Registered SqmFunctionTemplate [NamedSqmFunctionTemplate(ceiling)] under ceiling; prior registration was null
2024-07-13T19:06:49.632+05:30 DEBUG 36136 --- [EmployeemanagementSystem] [           main] o.h.q.sqm.function.SqmFunctionRegistry   : Registered SqmFunctionTemplate [NamedSqmFunctionTemplate(mod)] under mod; prior registration was null
2024-07-13T19:06:49.632+05:30 DEBUG 36136 --- [EmployeemanagementSystem] [           main] o.h.q.sqm.function.SqmFunctionRegistry   : Registered SqmFunctionTemplate [NamedSqmFunctionTemplate(abs)] under abs; prior registration was null
2024-07-13T19:06:49.632+05:30 DEBUG 36136 --- [EmployeemanagementSystem] [           main] o.h.q.sqm.function.SqmFunctionRegistry   : Registered SqmFunctionTemplate [NamedSqmFunctionTemplate(sign)] under sign; prior registration was null
2024-07-13T19:06:49.632+05:30 DEBUG 36136 --- [EmployeemanagementSystem] [           main] o.h.q.sqm.function.SqmFunctionRegistry   : Registered SqmFunctionTemplate [NamedSqmFunctionTemplate(sqrt)] under sqrt; prior registration was null
2024-07-13T19:06:49.633+05:30 DEBUG 36136 --- [EmployeemanagementSystem] [           main] o.h.q.sqm.function.SqmFunctionRegistry   : Registered SqmFunctionTemplate [NamedSqmFunctionTemplate(ln)] under ln; prior registration was null
2024-07-13T19:06:49.633+05:30 DEBUG 36136 --- [EmployeemanagementSystem] [           main] o.h.q.sqm.function.SqmFunctionRegistry   : Registered SqmFunctionTemplate [NamedSqmFunctionTemplate(exp)] under exp; prior registration was null
2024-07-13T19:06:49.633+05:30 DEBUG 36136 --- [EmployeemanagementSystem] [           main] o.h.q.sqm.function.SqmFunctionRegistry   : Registered SqmFunctionTemplate [NamedSqmFunctionTemplate(power)] under power; prior registration was null
2024-07-13T19:06:49.633+05:30 DEBUG 36136 --- [EmployeemanagementSystem] [           main] o.h.q.sqm.function.SqmFunctionRegistry   : Registered SqmFunctionTemplate [NamedSqmFunctionTemplate(round)] under round; prior registration was null
2024-07-13T19:06:49.633+05:30 DEBUG 36136 --- [EmployeemanagementSystem] [           main] o.h.q.sqm.function.SqmFunctionRegistry   : Registered SqmFunctionTemplate [NamedSqmFunctionTemplate(sin)] under sin; prior registration was null
2024-07-13T19:06:49.633+05:30 DEBUG 36136 --- [EmployeemanagementSystem] [           main] o.h.q.sqm.function.SqmFunctionRegistry   : Registered SqmFunctionTemplate [NamedSqmFunctionTemplate(cos)] under cos; prior registration was null
2024-07-13T19:06:49.633+05:30 DEBUG 36136 --- [EmployeemanagementSystem] [           main] o.h.q.sqm.function.SqmFunctionRegistry   : Registered SqmFunctionTemplate [NamedSqmFunctionTemplate(tan)] under tan; prior registration was null
2024-07-13T19:06:49.633+05:30 DEBUG 36136 --- [EmployeemanagementSystem] [           main] o.h.q.sqm.function.SqmFunctionRegistry   : Registered SqmFunctionTemplate [NamedSqmFunctionTemplate(asin)] under asin; prior registration was null
2024-07-13T19:06:49.633+05:30 DEBUG 36136 --- [EmployeemanagementSystem] [           main] o.h.q.sqm.function.SqmFunctionRegistry   : Registered SqmFunctionTemplate [NamedSqmFunctionTemplate(acos)] under acos; prior registration was null
2024-07-13T19:06:49.633+05:30 DEBUG 36136 --- [EmployeemanagementSystem] [           main] o.h.q.sqm.function.SqmFunctionRegistry   : Registered SqmFunctionTemplate [NamedSqmFunctionTemplate(atan)] under atan; prior registration was null
2024-07-13T19:06:49.633+05:30 DEBUG 36136 --- [EmployeemanagementSystem] [           main] o.h.q.sqm.function.SqmFunctionRegistry   : Registered SqmFunctionTemplate [NamedSqmFunctionTemplate(atan2)] under atan2; prior registration was null
2024-07-13T19:06:49.635+05:30 DEBUG 36136 --- [EmployeemanagementSystem] [           main] o.h.q.sqm.function.SqmFunctionRegistry   : Registered SqmFunctionTemplate [org.hibernate.query.sqm.function.PatternBasedSqmFunctionDescriptor@7b8d6c66] under sinh; prior registration was null
2024-07-13T19:06:49.635+05:30 DEBUG 36136 --- [EmployeemanagementSystem] [           main] o.h.q.sqm.function.SqmFunctionRegistry   : Registered SqmFunctionTemplate [org.hibernate.query.sqm.function.PatternBasedSqmFunctionDescriptor@6ca367aa] under cosh; prior registration was null
2024-07-13T19:06:49.635+05:30 DEBUG 36136 --- [EmployeemanagementSystem] [           main] o.h.q.sqm.function.SqmFunctionRegistry   : Registered SqmFunctionTemplate [org.hibernate.query.sqm.function.PatternBasedSqmFunctionDescriptor@30ed4034] under tanh; prior registration was null
2024-07-13T19:06:49.635+05:30 DEBUG 36136 --- [EmployeemanagementSystem] [           main] o.h.q.sqm.function.SqmFunctionRegistry   : Registered SqmFunctionTemplate [org.hibernate.query.sqm.function.PatternBasedSqmFunctionDescriptor@1700d089] under pi; prior registration was null
2024-07-13T19:06:49.635+05:30 DEBUG 36136 --- [EmployeemanagementSystem] [           main] o.h.q.sqm.function.SqmFunctionRegistry   : Registered SqmFunctionTemplate [org.hibernate.query.sqm.function.PatternBasedSqmFunctionDescriptor@77e6053] under log; prior registration was null
2024-07-13T19:06:49.635+05:30 DEBUG 36136 --- [EmployeemanagementSystem] [           main] o.h.q.sqm.function.SqmFunctionRegistry   : Registered SqmFunctionTemplate [NamedSqmFunctionTemplate(coalesce)] under coalesce; prior registration was null
2024-07-13T19:06:49.635+05:30 DEBUG 36136 --- [EmployeemanagementSystem] [           main] o.h.q.sqm.function.SqmFunctionRegistry   : Registered SqmFunctionTemplate [NamedSqmFunctionTemplate(nullif)] under nullif; prior registration was null
2024-07-13T19:06:49.635+05:30 DEBUG 36136 --- [EmployeemanagementSystem] [           main] o.h.q.sqm.function.SqmFunctionRegistry   : Registered SqmFunctionTemplate [NamedSqmFunctionTemplate(left)] under left; prior registration was null
2024-07-13T19:06:49.635+05:30 DEBUG 36136 --- [EmployeemanagementSystem] [           main] o.h.q.sqm.function.SqmFunctionRegistry   : Registered SqmFunctionTemplate [NamedSqmFunctionTemplate(right)] under right; prior registration was null
2024-07-13T19:06:49.635+05:30 DEBUG 36136 --- [EmployeemanagementSystem] [           main] o.h.q.sqm.function.SqmFunctionRegistry   : Registered SqmFunctionTemplate [NamedSqmFunctionTemplate(replace)] under replace; prior registration was null
2024-07-13T19:06:49.636+05:30 DEBUG 36136 --- [EmployeemanagementSystem] [           main] o.h.q.sqm.function.SqmFunctionRegistry   : Registered SqmFunctionTemplate [NamedSqmFunctionTemplate(concat)] under concat; prior registration was null
2024-07-13T19:06:49.636+05:30 DEBUG 36136 --- [EmployeemanagementSystem] [           main] o.h.q.sqm.function.SqmFunctionRegistry   : Registered SqmFunctionTemplate [NamedSqmFunctionTemplate(lower)] under lower; prior registration was null
2024-07-13T19:06:49.636+05:30 DEBUG 36136 --- [EmployeemanagementSystem] [           main] o.h.q.sqm.function.SqmFunctionRegistry   : Registered SqmFunctionTemplate [NamedSqmFunctionTemplate(upper)] under upper; prior registration was null
2024-07-13T19:06:49.636+05:30 DEBUG 36136 --- [EmployeemanagementSystem] [           main] o.h.q.sqm.function.SqmFunctionRegistry   : Registered SqmFunctionTemplate [NamedSqmFunctionTemplate(substring)] under substring; prior registration was null
2024-07-13T19:06:49.636+05:30 DEBUG 36136 --- [EmployeemanagementSystem] [           main] o.h.q.sqm.function.SqmFunctionRegistry   : Registered SqmFunctionTemplate [NamedSqmFunctionTemplate(locate)] under locate; prior registration was null
2024-07-13T19:06:49.636+05:30 DEBUG 36136 --- [EmployeemanagementSystem] [           main] o.h.q.sqm.function.SqmFunctionRegistry   : Registered SqmFunctionTemplate [NamedSqmFunctionTemplate(character_length)] under character_length; prior registration was null
2024-07-13T19:06:49.636+05:30 DEBUG 36136 --- [EmployeemanagementSystem] [           main] o.h.q.sqm.function.SqmFunctionRegistry   : Registering alternate key : length -> character_length
2024-07-13T19:06:49.637+05:30 DEBUG 36136 --- [EmployeemanagementSystem] [           main] o.h.q.sqm.function.SqmFunctionRegistry   : Registered SqmFunctionTemplate [org.hibernate.dialect.function.LocatePositionEmulation@65930e02] under position; prior registration was null
2024-07-13T19:06:49.638+05:30 DEBUG 36136 --- [EmployeemanagementSystem] [           main] o.h.q.sqm.function.SqmFunctionRegistry   : Registered SqmFunctionTemplate [org.hibernate.dialect.function.InsertSubstringOverlayEmulation@48c3a0ef] under overlay; prior registration was null
2024-07-13T19:06:49.638+05:30 DEBUG 36136 --- [EmployeemanagementSystem] [           main] o.h.q.sqm.function.SqmFunctionRegistry   : Registered SqmFunctionTemplate [org.hibernate.dialect.function.TrimFunction@7aab98b6] under trim; prior registration was null
2024-07-13T19:06:49.639+05:30 DEBUG 36136 --- [EmployeemanagementSystem] [           main] o.h.q.sqm.function.SqmFunctionRegistry   : Registered SqmFunctionTemplate [org.hibernate.dialect.function.CastFunction@e2f6e13] under cast; prior registration was null
2024-07-13T19:06:49.639+05:30 DEBUG 36136 --- [EmployeemanagementSystem] [           main] o.h.q.sqm.function.SqmFunctionRegistry   : Registered SqmFunctionTemplate [org.hibernate.query.sqm.function.PatternBasedSqmFunctionDescriptor@18b30951] under collate; prior registration was null
2024-07-13T19:06:49.639+05:30 DEBUG 36136 --- [EmployeemanagementSystem] [           main] o.h.q.sqm.function.SqmFunctionRegistry   : Registered SqmFunctionTemplate [org.hibernate.dialect.function.ExtractFunction@53c40ed6] under extract; prior registration was null
2024-07-13T19:06:49.640+05:30 DEBUG 36136 --- [EmployeemanagementSystem] [           main] o.h.q.sqm.function.SqmFunctionRegistry   : Registered SqmFunctionTemplate [NamedSqmFunctionTemplate(least)] under least; prior registration was null
2024-07-13T19:06:49.640+05:30 DEBUG 36136 --- [EmployeemanagementSystem] [           main] o.h.q.sqm.function.SqmFunctionRegistry   : Registered SqmFunctionTemplate [NamedSqmFunctionTemplate(greatest)] under greatest; prior registration was null
2024-07-13T19:06:49.640+05:30 DEBUG 36136 --- [EmployeemanagementSystem] [           main] o.h.q.sqm.function.SqmFunctionRegistry   : Registered SqmFunctionTemplate [org.hibernate.dialect.function.CoalesceIfnullEmulation@6949cead] under ifnull; prior registration was null
2024-07-13T19:06:49.640+05:30 DEBUG 36136 --- [EmployeemanagementSystem] [           main] o.h.q.sqm.function.SqmFunctionRegistry   : Registered SqmFunctionTemplate [NamedSqmFunctionTemplate(lpad)] under lpad; prior registration was null
2024-07-13T19:06:49.640+05:30 DEBUG 36136 --- [EmployeemanagementSystem] [           main] o.h.q.sqm.function.SqmFunctionRegistry   : Registered SqmFunctionTemplate [NamedSqmFunctionTemplate(rpad)] under rpad; prior registration was null
2024-07-13T19:06:49.640+05:30 DEBUG 36136 --- [EmployeemanagementSystem] [           main] o.h.q.sqm.function.SqmFunctionRegistry   : Registered SqmFunctionTemplate [org.hibernate.dialect.function.LpadRpadPadEmulation@25e353dc] under pad; prior registration was null
2024-07-13T19:06:49.641+05:30 DEBUG 36136 --- [EmployeemanagementSystem] [           main] o.h.q.sqm.function.SqmFunctionRegistry   : Registered SqmFunctionTemplate [org.hibernate.dialect.function.CastStrEmulation@3387ab0] under str; prior registration was null
2024-07-13T19:06:49.642+05:30 DEBUG 36136 --- [EmployeemanagementSystem] [           main] o.h.q.sqm.function.SqmFunctionRegistry   : Registered SqmFunctionTemplate [org.hibernate.dialect.function.FormatFunction@1b5f960a] under format; prior registration was null
2024-07-13T19:06:49.642+05:30 DEBUG 36136 --- [EmployeemanagementSystem] [           main] o.h.q.sqm.function.SqmFunctionRegistry   : Registered SqmFunctionTemplate [org.hibernate.dialect.function.TimestampaddFunction@51172948] under timestampadd; prior registration was null
2024-07-13T19:06:49.642+05:30 DEBUG 36136 --- [EmployeemanagementSystem] [           main] o.h.q.sqm.function.SqmFunctionRegistry   : Registered SqmFunctionTemplate [org.hibernate.dialect.function.TimestampdiffFunction@78b8f818] under timestampdiff; prior registration was null
2024-07-13T19:06:49.643+05:30 DEBUG 36136 --- [EmployeemanagementSystem] [           main] o.h.q.sqm.function.SqmFunctionRegistry   : Registering alternate key : dateadd -> timestampadd
2024-07-13T19:06:49.643+05:30 DEBUG 36136 --- [EmployeemanagementSystem] [           main] o.h.q.sqm.function.SqmFunctionRegistry   : Registering alternate key : datediff -> timestampdiff
2024-07-13T19:06:49.643+05:30 DEBUG 36136 --- [EmployeemanagementSystem] [           main] o.h.q.sqm.function.SqmFunctionRegistry   : Registered SqmFunctionTemplate [org.hibernate.dialect.function.CurrentFunction@50ef2906] under current_date; prior registration was null
2024-07-13T19:06:49.643+05:30 DEBUG 36136 --- [EmployeemanagementSystem] [           main] o.h.q.sqm.function.SqmFunctionRegistry   : Registered SqmFunctionTemplate [org.hibernate.dialect.function.CurrentFunction@1f70bce5] under current_time; prior registration was null
2024-07-13T19:06:49.643+05:30 DEBUG 36136 --- [EmployeemanagementSystem] [           main] o.h.q.sqm.function.SqmFunctionRegistry   : Registered SqmFunctionTemplate [org.hibernate.dialect.function.CurrentFunction@3ae91ab3] under current_timestamp; prior registration was null
2024-07-13T19:06:49.643+05:30 DEBUG 36136 --- [EmployeemanagementSystem] [           main] o.h.q.sqm.function.SqmFunctionRegistry   : Registering alternate key : current date -> current_date
2024-07-13T19:06:49.643+05:30 DEBUG 36136 --- [EmployeemanagementSystem] [           main] o.h.q.sqm.function.SqmFunctionRegistry   : Registering alternate key : current time -> current_time
2024-07-13T19:06:49.643+05:30 DEBUG 36136 --- [EmployeemanagementSystem] [           main] o.h.q.sqm.function.SqmFunctionRegistry   : Registering alternate key : current timestamp -> current_timestamp
2024-07-13T19:06:49.643+05:30 DEBUG 36136 --- [EmployeemanagementSystem] [           main] o.h.q.sqm.function.SqmFunctionRegistry   : Registered SqmFunctionTemplate [org.hibernate.dialect.function.CurrentFunction@16cb6f51] under local_date; prior registration was null
2024-07-13T19:06:49.643+05:30 DEBUG 36136 --- [EmployeemanagementSystem] [           main] o.h.q.sqm.function.SqmFunctionRegistry   : Registered SqmFunctionTemplate [org.hibernate.dialect.function.CurrentFunction@3fc5d397] under local_time; prior registration was null
2024-07-13T19:06:49.643+05:30 DEBUG 36136 --- [EmployeemanagementSystem] [           main] o.h.q.sqm.function.SqmFunctionRegistry   : Registered SqmFunctionTemplate [org.hibernate.dialect.function.CurrentFunction@25c8c71e] under local_datetime; prior registration was null
2024-07-13T19:06:49.643+05:30 DEBUG 36136 --- [EmployeemanagementSystem] [           main] o.h.q.sqm.function.SqmFunctionRegistry   : Registered SqmFunctionTemplate [org.hibernate.dialect.function.CurrentFunction@57867d96] under offset_datetime; prior registration was null
2024-07-13T19:06:49.643+05:30 DEBUG 36136 --- [EmployeemanagementSystem] [           main] o.h.q.sqm.function.SqmFunctionRegistry   : Registering alternate key : local date -> local_date
2024-07-13T19:06:49.643+05:30 DEBUG 36136 --- [EmployeemanagementSystem] [           main] o.h.q.sqm.function.SqmFunctionRegistry   : Registering alternate key : local time -> local_time
2024-07-13T19:06:49.643+05:30 DEBUG 36136 --- [EmployeemanagementSystem] [           main] o.h.q.sqm.function.SqmFunctionRegistry   : Registering alternate key : local datetime -> local_datetime
2024-07-13T19:06:49.643+05:30 DEBUG 36136 --- [EmployeemanagementSystem] [           main] o.h.q.sqm.function.SqmFunctionRegistry   : Registering alternate key : offset datetime -> offset_datetime
2024-07-13T19:06:49.643+05:30 DEBUG 36136 --- [EmployeemanagementSystem] [           main] o.h.q.sqm.function.SqmFunctionRegistry   : Registered SqmFunctionTemplate [org.hibernate.dialect.function.CurrentFunction@1a7a21d0] under instant; prior registration was null
2024-07-13T19:06:49.643+05:30 DEBUG 36136 --- [EmployeemanagementSystem] [           main] o.h.q.sqm.function.SqmFunctionRegistry   : Registering alternate key : current_instant -> instant
2024-07-13T19:06:49.644+05:30 DEBUG 36136 --- [EmployeemanagementSystem] [           main] o.h.q.sqm.function.SqmFunctionRegistry   : Registered SqmFunctionTemplate [org.hibernate.dialect.function.SqlFunction@4790b897] under sql; prior registration was null
2024-07-13T19:06:49.644+05:30 DEBUG 36136 --- [EmployeemanagementSystem] [           main] o.h.q.sqm.function.SqmFunctionRegistry   : Registered SqmFunctionTemplate [NamedSqmFunctionTemplate(soundex)] under soundex; prior registration was null
2024-07-13T19:06:49.644+05:30 DEBUG 36136 --- [EmployeemanagementSystem] [           main] o.h.q.sqm.function.SqmFunctionRegistry   : Registered SqmFunctionTemplate [NamedSqmFunctionTemplate(radians)] under radians; prior registration was null
2024-07-13T19:06:49.644+05:30 DEBUG 36136 --- [EmployeemanagementSystem] [           main] o.h.q.sqm.function.SqmFunctionRegistry   : Registered SqmFunctionTemplate [NamedSqmFunctionTemplate(degrees)] under degrees; prior registration was null
2024-07-13T19:06:49.644+05:30 DEBUG 36136 --- [EmployeemanagementSystem] [           main] o.h.q.sqm.function.SqmFunctionRegistry   : Registered SqmFunctionTemplate [NamedSqmFunctionTemplate(cot)] under cot; prior registration was null
2024-07-13T19:06:49.644+05:30 DEBUG 36136 --- [EmployeemanagementSystem] [           main] o.h.q.sqm.function.SqmFunctionRegistry   : Registered SqmFunctionTemplate [NamedSqmFunctionTemplate(log)] under log; prior registration was org.hibernate.query.sqm.function.PatternBasedSqmFunctionDescriptor@77e6053
2024-07-13T19:06:49.644+05:30 DEBUG 36136 --- [EmployeemanagementSystem] [           main] o.h.q.sqm.function.SqmFunctionRegistry   : Registered SqmFunctionTemplate [NamedSqmFunctionTemplate(log2)] under log2; prior registration was null
2024-07-13T19:06:49.644+05:30 DEBUG 36136 --- [EmployeemanagementSystem] [           main] o.h.q.sqm.function.SqmFunctionRegistry   : Registered SqmFunctionTemplate [NamedSqmFunctionTemplate(log10)] under log10; prior registration was null
2024-07-13T19:06:49.644+05:30 DEBUG 36136 --- [EmployeemanagementSystem] [           main] o.h.q.sqm.function.SqmFunctionRegistry   : Registered SqmFunctionTemplate [NamedSqmFunctionTemplate(ltrim)] under ltrim; prior registration was null
2024-07-13T19:06:49.644+05:30 DEBUG 36136 --- [EmployeemanagementSystem] [           main] o.h.q.sqm.function.SqmFunctionRegistry   : Registered SqmFunctionTemplate [NamedSqmFunctionTemplate(rtrim)] under rtrim; prior registration was null
2024-07-13T19:06:49.644+05:30 DEBUG 36136 --- [EmployeemanagementSystem] [           main] o.h.q.sqm.function.SqmFunctionRegistry   : Registered SqmFunctionTemplate [NamedSqmFunctionTemplate(octet_length)] under octet_length; prior registration was null
2024-07-13T19:06:49.644+05:30 DEBUG 36136 --- [EmployeemanagementSystem] [           main] o.h.q.sqm.function.SqmFunctionRegistry   : Registered SqmFunctionTemplate [NamedSqmFunctionTemplate(reverse)] under reverse; prior registration was null
2024-07-13T19:06:49.644+05:30 DEBUG 36136 --- [EmployeemanagementSystem] [           main] o.h.q.sqm.function.SqmFunctionRegistry   : Registered SqmFunctionTemplate [NamedSqmFunctionTemplate(space)] under space; prior registration was null
2024-07-13T19:06:49.644+05:30 DEBUG 36136 --- [EmployeemanagementSystem] [           main] o.h.q.sqm.function.SqmFunctionRegistry   : Registered SqmFunctionTemplate [NamedSqmFunctionTemplate(repeat)] under repeat; prior registration was null
2024-07-13T19:06:49.645+05:30 DEBUG 36136 --- [EmployeemanagementSystem] [           main] o.h.q.sqm.function.SqmFunctionRegistry   : Registered SqmFunctionTemplate [org.hibernate.query.sqm.function.MultipatternSqmFunctionDescriptor@fe156f4] under lpad; prior registration was NamedSqmFunctionTemplate(lpad)
2024-07-13T19:06:49.645+05:30 DEBUG 36136 --- [EmployeemanagementSystem] [           main] o.h.q.sqm.function.SqmFunctionRegistry   : Registered SqmFunctionTemplate [org.hibernate.query.sqm.function.MultipatternSqmFunctionDescriptor@79b4cff] under rpad; prior registration was NamedSqmFunctionTemplate(rpad)
2024-07-13T19:06:49.645+05:30 DEBUG 36136 --- [EmployeemanagementSystem] [           main] o.h.q.sqm.function.SqmFunctionRegistry   : Registered SqmFunctionTemplate [NamedSqmFunctionTemplate(md5)] under md5; prior registration was null
2024-07-13T19:06:49.645+05:30 DEBUG 36136 --- [EmployeemanagementSystem] [           main] o.h.q.sqm.function.SqmFunctionRegistry   : Registered SqmFunctionTemplate [NamedSqmFunctionTemplate(day)] under day; prior registration was null
2024-07-13T19:06:49.645+05:30 DEBUG 36136 --- [EmployeemanagementSystem] [           main] o.h.q.sqm.function.SqmFunctionRegistry   : Registered SqmFunctionTemplate [NamedSqmFunctionTemplate(month)] under month; prior registration was null
2024-07-13T19:06:49.645+05:30 DEBUG 36136 --- [EmployeemanagementSystem] [           main] o.h.q.sqm.function.SqmFunctionRegistry   : Registered SqmFunctionTemplate [NamedSqmFunctionTemplate(year)] under year; prior registration was null
2024-07-13T19:06:49.645+05:30 DEBUG 36136 --- [EmployeemanagementSystem] [           main] o.h.q.sqm.function.SqmFunctionRegistry   : Registered SqmFunctionTemplate [NamedSqmFunctionTemplate(hour)] under hour; prior registration was null
2024-07-13T19:06:49.645+05:30 DEBUG 36136 --- [EmployeemanagementSystem] [           main] o.h.q.sqm.function.SqmFunctionRegistry   : Registered SqmFunctionTemplate [NamedSqmFunctionTemplate(minute)] under minute; prior registration was null
2024-07-13T19:06:49.645+05:30 DEBUG 36136 --- [EmployeemanagementSystem] [           main] o.h.q.sqm.function.SqmFunctionRegistry   : Registered SqmFunctionTemplate [NamedSqmFunctionTemplate(second)] under second; prior registration was null
2024-07-13T19:06:49.645+05:30 DEBUG 36136 --- [EmployeemanagementSystem] [           main] o.h.q.sqm.function.SqmFunctionRegistry   : Registered SqmFunctionTemplate [NamedSqmFunctionTemplate(microsecond)] under microsecond; prior registration was null
2024-07-13T19:06:49.645+05:30 DEBUG 36136 --- [EmployeemanagementSystem] [           main] o.h.q.sqm.function.SqmFunctionRegistry   : Registered SqmFunctionTemplate [NamedSqmFunctionTemplate(dayofweek)] under dayofweek; prior registration was null
2024-07-13T19:06:49.645+05:30 DEBUG 36136 --- [EmployeemanagementSystem] [           main] o.h.q.sqm.function.SqmFunctionRegistry   : Registered SqmFunctionTemplate [NamedSqmFunctionTemplate(dayofmonth)] under dayofmonth; prior registration was null
2024-07-13T19:06:49.645+05:30 DEBUG 36136 --- [EmployeemanagementSystem] [           main] o.h.q.sqm.function.SqmFunctionRegistry   : Registering alternate key : day -> dayofmonth
2024-07-13T19:06:49.645+05:30 DEBUG 36136 --- [EmployeemanagementSystem] [           main] o.h.q.sqm.function.SqmFunctionRegistry   : Registered SqmFunctionTemplate [NamedSqmFunctionTemplate(dayofyear)] under dayofyear; prior registration was null
2024-07-13T19:06:49.645+05:30 DEBUG 36136 --- [EmployeemanagementSystem] [           main] o.h.q.sqm.function.SqmFunctionRegistry   : Registered SqmFunctionTemplate [NamedSqmFunctionTemplate(week)] under week; prior registration was null
2024-07-13T19:06:49.646+05:30 DEBUG 36136 --- [EmployeemanagementSystem] [           main] o.h.q.sqm.function.SqmFunctionRegistry   : Registered SqmFunctionTemplate [NamedSqmFunctionTemplate(quarter)] under quarter; prior registration was null
2024-07-13T19:06:49.646+05:30 DEBUG 36136 --- [EmployeemanagementSystem] [           main] o.h.q.sqm.function.SqmFunctionRegistry   : Registered SqmFunctionTemplate [NamedSqmFunctionTemplate(monthname)] under monthname; prior registration was null
2024-07-13T19:06:49.646+05:30 DEBUG 36136 --- [EmployeemanagementSystem] [           main] o.h.q.sqm.function.SqmFunctionRegistry   : Registered SqmFunctionTemplate [NamedSqmFunctionTemplate(dayname)] under dayname; prior registration was null
2024-07-13T19:06:49.646+05:30 DEBUG 36136 --- [EmployeemanagementSystem] [           main] o.h.q.sqm.function.SqmFunctionRegistry   : Registered SqmFunctionTemplate [NamedSqmFunctionTemplate(last_day)] under last_day; prior registration was null
2024-07-13T19:06:49.646+05:30 DEBUG 36136 --- [EmployeemanagementSystem] [           main] o.h.q.sqm.function.SqmFunctionRegistry   : Registered SqmFunctionTemplate [NamedSqmFunctionTemplate(date)] under date; prior registration was null
2024-07-13T19:06:49.646+05:30 DEBUG 36136 --- [EmployeemanagementSystem] [           main] o.h.q.sqm.function.SqmFunctionRegistry   : Registered SqmFunctionTemplate [NamedSqmFunctionTemplate(timestamp)] under timestamp; prior registration was null
2024-07-13T19:06:49.646+05:30 DEBUG 36136 --- [EmployeemanagementSystem] [           main] o.h.q.sqm.function.SqmFunctionRegistry   : Registered SqmFunctionTemplate [NamedSqmFunctionTemplate(time)] under time; prior registration was null
2024-07-13T19:06:49.646+05:30 DEBUG 36136 --- [EmployeemanagementSystem] [           main] o.h.q.sqm.function.SqmFunctionRegistry   : Registered SqmFunctionTemplate [NamedSqmFunctionTemplate(utc_date)] under utc_date; prior registration was null
2024-07-13T19:06:49.646+05:30 DEBUG 36136 --- [EmployeemanagementSystem] [           main] o.h.q.sqm.function.SqmFunctionRegistry   : Registered SqmFunctionTemplate [NamedSqmFunctionTemplate(utc_time)] under utc_time; prior registration was null
2024-07-13T19:06:49.646+05:30 DEBUG 36136 --- [EmployeemanagementSystem] [           main] o.h.q.sqm.function.SqmFunctionRegistry   : Registered SqmFunctionTemplate [NamedSqmFunctionTemplate(utc_timestamp)] under utc_timestamp; prior registration was null
2024-07-13T19:06:49.646+05:30 DEBUG 36136 --- [EmployeemanagementSystem] [           main] o.h.q.sqm.function.SqmFunctionRegistry   : Registered SqmFunctionTemplate [NamedSqmFunctionTemplate(rand)] under rand; prior registration was null
2024-07-13T19:06:49.646+05:30 DEBUG 36136 --- [EmployeemanagementSystem] [           main] o.h.q.sqm.function.SqmFunctionRegistry   : Registered SqmFunctionTemplate [NamedSqmFunctionTemplate(crc32)] under crc32; prior registration was null
2024-07-13T19:06:49.646+05:30 DEBUG 36136 --- [EmployeemanagementSystem] [           main] o.h.q.sqm.function.SqmFunctionRegistry   : Registered SqmFunctionTemplate [NamedSqmFunctionTemplate(sha1)] under sha1; prior registration was null
2024-07-13T19:06:49.646+05:30 DEBUG 36136 --- [EmployeemanagementSystem] [           main] o.h.q.sqm.function.SqmFunctionRegistry   : Registered SqmFunctionTemplate [NamedSqmFunctionTemplate(sha2)] under sha2; prior registration was null
2024-07-13T19:06:49.646+05:30 DEBUG 36136 --- [EmployeemanagementSystem] [           main] o.h.q.sqm.function.SqmFunctionRegistry   : Registered SqmFunctionTemplate [NamedSqmFunctionTemplate(sha)] under sha; prior registration was null
2024-07-13T19:06:49.646+05:30 DEBUG 36136 --- [EmployeemanagementSystem] [           main] o.h.q.sqm.function.SqmFunctionRegistry   : Registered SqmFunctionTemplate [NamedSqmFunctionTemplate(bit_length)] under bit_length; prior registration was null
2024-07-13T19:06:49.646+05:30 DEBUG 36136 --- [EmployeemanagementSystem] [           main] o.h.q.sqm.function.SqmFunctionRegistry   : Registered SqmFunctionTemplate [NamedSqmFunctionTemplate(octet_length)] under octet_length; prior registration was NamedSqmFunctionTemplate(octet_length)
2024-07-13T19:06:49.646+05:30 DEBUG 36136 --- [EmployeemanagementSystem] [           main] o.h.q.sqm.function.SqmFunctionRegistry   : Registered SqmFunctionTemplate [NamedSqmFunctionTemplate(ascii)] under ascii; prior registration was null
2024-07-13T19:06:49.646+05:30 DEBUG 36136 --- [EmployeemanagementSystem] [           main] o.h.q.sqm.function.SqmFunctionRegistry   : Registered SqmFunctionTemplate [NamedSqmFunctionTemplate(instr)] under instr; prior registration was null
2024-07-13T19:06:49.646+05:30 DEBUG 36136 --- [EmployeemanagementSystem] [           main] o.h.q.sqm.function.SqmFunctionRegistry   : Registered SqmFunctionTemplate [NamedSqmFunctionTemplate(substr)] under substr; prior registration was null
2024-07-13T19:06:49.646+05:30 DEBUG 36136 --- [EmployeemanagementSystem] [           main] o.h.q.sqm.function.SqmFunctionRegistry   : Registered SqmFunctionTemplate [org.hibernate.query.sqm.function.PatternBasedSqmFunctionDescriptor@58ac0823] under position; prior registration was org.hibernate.dialect.function.LocatePositionEmulation@65930e02
2024-07-13T19:06:49.646+05:30 DEBUG 36136 --- [EmployeemanagementSystem] [           main] o.h.q.sqm.function.SqmFunctionRegistry   : Registered SqmFunctionTemplate [NamedSqmFunctionTemplate(curtime)] under curtime; prior registration was null
2024-07-13T19:06:49.646+05:30 DEBUG 36136 --- [EmployeemanagementSystem] [           main] o.h.q.sqm.function.SqmFunctionRegistry   : Registered SqmFunctionTemplate [NamedSqmFunctionTemplate(curdate)] under curdate; prior registration was null
2024-07-13T19:06:49.646+05:30 DEBUG 36136 --- [EmployeemanagementSystem] [           main] o.h.q.sqm.function.SqmFunctionRegistry   : Registered SqmFunctionTemplate [NamedSqmFunctionTemplate(now)] under now; prior registration was null
2024-07-13T19:06:49.661+05:30 DEBUG 36136 --- [EmployeemanagementSystem] [           main] o.h.q.sqm.function.SqmFunctionRegistry   : Registered SqmFunctionTemplate [org.hibernate.dialect.function.TruncFunction@6cd7dc74] under trunc; prior registration was null
2024-07-13T19:06:49.662+05:30 DEBUG 36136 --- [EmployeemanagementSystem] [           main] o.h.q.sqm.function.SqmFunctionRegistry   : Registering alternate key : truncate -> trunc
2024-07-13T19:06:49.662+05:30 DEBUG 36136 --- [EmployeemanagementSystem] [           main] o.h.q.sqm.function.SqmFunctionRegistry   : Registered SqmFunctionTemplate [NamedSqmFunctionTemplate(insert)] under insert; prior registration was null
2024-07-13T19:06:49.662+05:30 DEBUG 36136 --- [EmployeemanagementSystem] [           main] o.h.q.sqm.function.SqmFunctionRegistry   : Registered SqmFunctionTemplate [org.hibernate.query.sqm.function.PatternBasedSqmFunctionDescriptor@6d695ec4] under bitand; prior registration was null
2024-07-13T19:06:49.662+05:30 DEBUG 36136 --- [EmployeemanagementSystem] [           main] o.h.q.sqm.function.SqmFunctionRegistry   : Registered SqmFunctionTemplate [org.hibernate.query.sqm.function.PatternBasedSqmFunctionDescriptor@20556566] under bitor; prior registration was null
2024-07-13T19:06:49.662+05:30 DEBUG 36136 --- [EmployeemanagementSystem] [           main] o.h.q.sqm.function.SqmFunctionRegistry   : Registered SqmFunctionTemplate [org.hibernate.query.sqm.function.PatternBasedSqmFunctionDescriptor@e4ef4c0] under bitxor; prior registration was null
2024-07-13T19:06:49.662+05:30 DEBUG 36136 --- [EmployeemanagementSystem] [           main] o.h.q.sqm.function.SqmFunctionRegistry   : Registered SqmFunctionTemplate [org.hibernate.query.sqm.function.PatternBasedSqmFunctionDescriptor@5ca8bd01] under bitnot; prior registration was null
2024-07-13T19:06:49.662+05:30 DEBUG 36136 --- [EmployeemanagementSystem] [           main] o.h.q.sqm.function.SqmFunctionRegistry   : Registered SqmFunctionTemplate [NamedSqmFunctionTemplate(bit_and)] under bit_and; prior registration was null
2024-07-13T19:06:49.662+05:30 DEBUG 36136 --- [EmployeemanagementSystem] [           main] o.h.q.sqm.function.SqmFunctionRegistry   : Registered SqmFunctionTemplate [NamedSqmFunctionTemplate(bit_or)] under bit_or; prior registration was null
2024-07-13T19:06:49.662+05:30 DEBUG 36136 --- [EmployeemanagementSystem] [           main] o.h.q.sqm.function.SqmFunctionRegistry   : Registered SqmFunctionTemplate [NamedSqmFunctionTemplate(stddev)] under stddev; prior registration was null
2024-07-13T19:06:49.662+05:30 DEBUG 36136 --- [EmployeemanagementSystem] [           main] o.h.q.sqm.function.SqmFunctionRegistry   : Registered SqmFunctionTemplate [NamedSqmFunctionTemplate(stddev_pop)] under stddev_pop; prior registration was null
2024-07-13T19:06:49.662+05:30 DEBUG 36136 --- [EmployeemanagementSystem] [           main] o.h.q.sqm.function.SqmFunctionRegistry   : Registered SqmFunctionTemplate [NamedSqmFunctionTemplate(stddev_samp)] under stddev_samp; prior registration was null
2024-07-13T19:06:49.662+05:30 DEBUG 36136 --- [EmployeemanagementSystem] [           main] o.h.q.sqm.function.SqmFunctionRegistry   : Registered SqmFunctionTemplate [NamedSqmFunctionTemplate(variance)] under variance; prior registration was null
2024-07-13T19:06:49.662+05:30 DEBUG 36136 --- [EmployeemanagementSystem] [           main] o.h.q.sqm.function.SqmFunctionRegistry   : Registered SqmFunctionTemplate [NamedSqmFunctionTemplate(var_pop)] under var_pop; prior registration was null
2024-07-13T19:06:49.662+05:30 DEBUG 36136 --- [EmployeemanagementSystem] [           main] o.h.q.sqm.function.SqmFunctionRegistry   : Registered SqmFunctionTemplate [NamedSqmFunctionTemplate(var_samp)] under var_samp; prior registration was null
2024-07-13T19:06:49.662+05:30 DEBUG 36136 --- [EmployeemanagementSystem] [           main] o.h.q.sqm.function.SqmFunctionRegistry   : Registered SqmFunctionTemplate [NamedSqmFunctionTemplate(datediff)] under datediff; prior registration was null
2024-07-13T19:06:49.662+05:30 DEBUG 36136 --- [EmployeemanagementSystem] [           main] o.h.q.sqm.function.SqmFunctionRegistry   : Registered SqmFunctionTemplate [NamedSqmFunctionTemplate(adddate)] under adddate; prior registration was null
2024-07-13T19:06:49.662+05:30 DEBUG 36136 --- [EmployeemanagementSystem] [           main] o.h.q.sqm.function.SqmFunctionRegistry   : Registered SqmFunctionTemplate [NamedSqmFunctionTemplate(subdate)] under subdate; prior registration was null
2024-07-13T19:06:49.662+05:30 DEBUG 36136 --- [EmployeemanagementSystem] [           main] o.h.q.sqm.function.SqmFunctionRegistry   : Registered SqmFunctionTemplate [NamedSqmFunctionTemplate(addtime)] under addtime; prior registration was null
2024-07-13T19:06:49.662+05:30 DEBUG 36136 --- [EmployeemanagementSystem] [           main] o.h.q.sqm.function.SqmFunctionRegistry   : Registered SqmFunctionTemplate [NamedSqmFunctionTemplate(subtime)] under subtime; prior registration was null
2024-07-13T19:06:49.663+05:30 DEBUG 36136 --- [EmployeemanagementSystem] [           main] o.h.q.sqm.function.SqmFunctionRegistry   : Registered SqmFunctionTemplate [org.hibernate.dialect.function.FormatFunction@7b10472e] under format; prior registration was org.hibernate.dialect.function.FormatFunction@1b5f960a
2024-07-13T19:06:49.663+05:30 DEBUG 36136 --- [EmployeemanagementSystem] [           main] o.h.q.sqm.function.SqmFunctionRegistry   : Registered SqmFunctionTemplate [NamedSqmFunctionTemplate(makedate)] under makedate; prior registration was null
2024-07-13T19:06:49.663+05:30 DEBUG 36136 --- [EmployeemanagementSystem] [           main] o.h.q.sqm.function.SqmFunctionRegistry   : Registered SqmFunctionTemplate [NamedSqmFunctionTemplate(maketime)] under maketime; prior registration was null
2024-07-13T19:06:49.663+05:30 DEBUG 36136 --- [EmployeemanagementSystem] [           main] o.h.q.sqm.function.SqmFunctionRegistry   : Registered SqmFunctionTemplate [NamedSqmFunctionTemplate(localtime)] under localtime; prior registration was null
2024-07-13T19:06:49.663+05:30 DEBUG 36136 --- [EmployeemanagementSystem] [           main] o.h.q.sqm.function.SqmFunctionRegistry   : Registered SqmFunctionTemplate [NamedSqmFunctionTemplate(localtimestamp)] under localtimestamp; prior registration was null
2024-07-13T19:06:49.663+05:30 DEBUG 36136 --- [EmployeemanagementSystem] [           main] o.h.q.sqm.function.SqmFunctionRegistry   : Registered SqmFunctionTemplate [NamedSqmFunctionTemplate(localtime)] under local_time; prior registration was org.hibernate.dialect.function.CurrentFunction@3fc5d397
2024-07-13T19:06:49.663+05:30 DEBUG 36136 --- [EmployeemanagementSystem] [           main] o.h.q.sqm.function.SqmFunctionRegistry   : Registered SqmFunctionTemplate [NamedSqmFunctionTemplate(localtimestamp)] under local_datetime; prior registration was org.hibernate.dialect.function.CurrentFunction@25c8c71e
2024-07-13T19:06:49.663+05:30 DEBUG 36136 --- [EmployeemanagementSystem] [           main] o.h.q.sqm.function.SqmFunctionRegistry   : Registered SqmFunctionTemplate [NamedSqmFunctionTemplate(localtime)] under localtime; prior registration was NamedSqmFunctionTemplate(localtime)
2024-07-13T19:06:49.663+05:30 DEBUG 36136 --- [EmployeemanagementSystem] [           main] o.h.q.sqm.function.SqmFunctionRegistry   : Registered SqmFunctionTemplate [org.hibernate.query.sqm.function.PatternBasedSqmFunctionDescriptor@70e5737f] under pi; prior registration was org.hibernate.query.sqm.function.PatternBasedSqmFunctionDescriptor@1700d089
2024-07-13T19:06:49.663+05:30 DEBUG 36136 --- [EmployeemanagementSystem] [           main] o.h.q.sqm.function.SqmFunctionRegistry   : Registered SqmFunctionTemplate [org.hibernate.query.sqm.function.PatternBasedSqmFunctionDescriptor@9746157] under chr; prior registration was null
2024-07-13T19:06:49.663+05:30 DEBUG 36136 --- [EmployeemanagementSystem] [           main] o.h.q.sqm.function.SqmFunctionRegistry   : Registering alternate key : char -> chr
2024-07-13T19:06:49.663+05:30 DEBUG 36136 --- [EmployeemanagementSystem] [           main] o.h.q.sqm.function.SqmFunctionRegistry   : Registered SqmFunctionTemplate [org.hibernate.query.sqm.function.PatternBasedSqmFunctionDescriptor@10ad95cd] under sysdate; prior registration was null
2024-07-13T19:06:49.663+05:30 DEBUG 36136 --- [EmployeemanagementSystem] [           main] o.h.q.sqm.function.SqmFunctionRegistry   : Registered SqmFunctionTemplate [NamedSqmFunctionTemplate(row_number)] under row_number; prior registration was null
2024-07-13T19:06:49.664+05:30 DEBUG 36136 --- [EmployeemanagementSystem] [           main] o.h.q.sqm.function.SqmFunctionRegistry   : Registered SqmFunctionTemplate [NamedSqmFunctionTemplate(lag)] under lag; prior registration was null
2024-07-13T19:06:49.664+05:30 DEBUG 36136 --- [EmployeemanagementSystem] [           main] o.h.q.sqm.function.SqmFunctionRegistry   : Registered SqmFunctionTemplate [NamedSqmFunctionTemplate(lead)] under lead; prior registration was null
2024-07-13T19:06:49.667+05:30 DEBUG 36136 --- [EmployeemanagementSystem] [           main] o.h.q.sqm.function.SqmFunctionRegistry   : Registered SqmFunctionTemplate [NamedSqmFunctionTemplate(first_value)] under first_value; prior registration was null
2024-07-13T19:06:49.667+05:30 DEBUG 36136 --- [EmployeemanagementSystem] [           main] o.h.q.sqm.function.SqmFunctionRegistry   : Registered SqmFunctionTemplate [NamedSqmFunctionTemplate(last_value)] under last_value; prior registration was null
2024-07-13T19:06:49.667+05:30 DEBUG 36136 --- [EmployeemanagementSystem] [           main] o.h.q.sqm.function.SqmFunctionRegistry   : Registered SqmFunctionTemplate [NamedSqmFunctionTemplate(nth_value)] under nth_value; prior registration was null
2024-07-13T19:06:49.668+05:30 DEBUG 36136 --- [EmployeemanagementSystem] [           main] o.h.q.sqm.function.SqmFunctionRegistry   : Registered SqmFunctionTemplate [org.hibernate.dialect.function.HypotheticalSetWindowEmulation@69c227fd] under rank; prior registration was null
2024-07-13T19:06:49.668+05:30 DEBUG 36136 --- [EmployeemanagementSystem] [           main] o.h.q.sqm.function.SqmFunctionRegistry   : Registered SqmFunctionTemplate [org.hibernate.dialect.function.HypotheticalSetWindowEmulation@14c5283] under dense_rank; prior registration was null
2024-07-13T19:06:49.668+05:30 DEBUG 36136 --- [EmployeemanagementSystem] [           main] o.h.q.sqm.function.SqmFunctionRegistry   : Registered SqmFunctionTemplate [org.hibernate.dialect.function.HypotheticalSetWindowEmulation@1eb7ec59] under percent_rank; prior registration was null
2024-07-13T19:06:49.668+05:30 DEBUG 36136 --- [EmployeemanagementSystem] [           main] o.h.q.sqm.function.SqmFunctionRegistry   : Registered SqmFunctionTemplate [org.hibernate.dialect.function.HypotheticalSetWindowEmulation@46748b04] under cume_dist; prior registration was null
2024-07-13T19:06:49.669+05:30 DEBUG 36136 --- [EmployeemanagementSystem] [           main] o.h.q.sqm.function.SqmFunctionRegistry   : Registered SqmFunctionTemplate [org.hibernate.dialect.function.ListaggGroupConcatEmulation@1ef04613] under listagg; prior registration was null
2024-07-13T19:06:49.670+05:30 DEBUG 36136 --- [EmployeemanagementSystem] [           main] org.hibernate.HQL_FUNCTIONS              : abs(NUMERIC arg)
2024-07-13T19:06:49.670+05:30 DEBUG 36136 --- [EmployeemanagementSystem] [           main] org.hibernate.HQL_FUNCTIONS              : Double acos(NUMERIC arg)
2024-07-13T19:06:49.670+05:30 DEBUG 36136 --- [EmployeemanagementSystem] [           main] org.hibernate.HQL_FUNCTIONS              : adddate(DATE datetime, INTEGER days)
2024-07-13T19:06:49.670+05:30 DEBUG 36136 --- [EmployeemanagementSystem] [           main] org.hibernate.HQL_FUNCTIONS              : addtime(TIME datetime, TIME time)
2024-07-13T19:06:49.670+05:30 DEBUG 36136 --- [EmployeemanagementSystem] [           main] org.hibernate.HQL_FUNCTIONS              : Boolean any(BOOLEAN arg)
2024-07-13T19:06:49.670+05:30 DEBUG 36136 --- [EmployeemanagementSystem] [           main] org.hibernate.HQL_FUNCTIONS              : Integer ascii(STRING arg)
2024-07-13T19:06:49.670+05:30 DEBUG 36136 --- [EmployeemanagementSystem] [           main] org.hibernate.HQL_FUNCTIONS              : Double asin(NUMERIC arg)
2024-07-13T19:06:49.670+05:30 DEBUG 36136 --- [EmployeemanagementSystem] [           main] org.hibernate.HQL_FUNCTIONS              : Double atan(NUMERIC arg)
2024-07-13T19:06:49.670+05:30 DEBUG 36136 --- [EmployeemanagementSystem] [           main] org.hibernate.HQL_FUNCTIONS              : Double atan2(NUMERIC arg0, NUMERIC arg1)
2024-07-13T19:06:49.670+05:30 DEBUG 36136 --- [EmployeemanagementSystem] [           main] org.hibernate.HQL_FUNCTIONS              : avg(arg)
2024-07-13T19:06:49.670+05:30 DEBUG 36136 --- [EmployeemanagementSystem] [           main] org.hibernate.HQL_FUNCTIONS              : bit_and(arg)
2024-07-13T19:06:49.670+05:30 DEBUG 36136 --- [EmployeemanagementSystem] [           main] org.hibernate.HQL_FUNCTIONS              : Integer bit_length(STRING_OR_CLOB arg)
2024-07-13T19:06:49.670+05:30 DEBUG 36136 --- [EmployeemanagementSystem] [           main] org.hibernate.HQL_FUNCTIONS              : bit_or(arg)
2024-07-13T19:06:49.670+05:30 DEBUG 36136 --- [EmployeemanagementSystem] [           main] org.hibernate.HQL_FUNCTIONS              : bitand(arg0, arg1)
2024-07-13T19:06:49.670+05:30 DEBUG 36136 --- [EmployeemanagementSystem] [           main] org.hibernate.HQL_FUNCTIONS              : bitnot(arg)
2024-07-13T19:06:49.670+05:30 DEBUG 36136 --- [EmployeemanagementSystem] [           main] org.hibernate.HQL_FUNCTIONS              : bitor(arg0, arg1)
2024-07-13T19:06:49.671+05:30 DEBUG 36136 --- [EmployeemanagementSystem] [           main] org.hibernate.HQL_FUNCTIONS              : bitxor(arg0, arg1)
2024-07-13T19:06:49.672+05:30 DEBUG 36136 --- [EmployeemanagementSystem] [           main] org.hibernate.HQL_FUNCTIONS              : cast(arg as Type)
2024-07-13T19:06:49.672+05:30 DEBUG 36136 --- [EmployeemanagementSystem] [           main] org.hibernate.HQL_FUNCTIONS              : ceiling(NUMERIC arg)
2024-07-13T19:06:49.672+05:30 DEBUG 36136 --- [EmployeemanagementSystem] [           main] org.hibernate.HQL_FUNCTIONS              : Character char(INTEGER arg)
2024-07-13T19:06:49.672+05:30 DEBUG 36136 --- [EmployeemanagementSystem] [           main] org.hibernate.HQL_FUNCTIONS              : Integer character_length(STRING_OR_CLOB arg)
2024-07-13T19:06:49.672+05:30 DEBUG 36136 --- [EmployeemanagementSystem] [           main] org.hibernate.HQL_FUNCTIONS              : Character chr(INTEGER arg)
2024-07-13T19:06:49.673+05:30 DEBUG 36136 --- [EmployeemanagementSystem] [           main] org.hibernate.HQL_FUNCTIONS              : coalesce(arg0[, arg1[, ...]])
2024-07-13T19:06:49.673+05:30 DEBUG 36136 --- [EmployeemanagementSystem] [           main] org.hibernate.HQL_FUNCTIONS              : String collate(STRING string as COLLATION collation)
2024-07-13T19:06:49.673+05:30 DEBUG 36136 --- [EmployeemanagementSystem] [           main] org.hibernate.HQL_FUNCTIONS              : String concat(STRING string0[, STRING string1[, ...]])
2024-07-13T19:06:49.673+05:30 DEBUG 36136 --- [EmployeemanagementSystem] [           main] org.hibernate.HQL_FUNCTIONS              : Double cos(NUMERIC arg)
2024-07-13T19:06:49.673+05:30 DEBUG 36136 --- [EmployeemanagementSystem] [           main] org.hibernate.HQL_FUNCTIONS              : Double cosh(NUMERIC arg)
2024-07-13T19:06:49.673+05:30 DEBUG 36136 --- [EmployeemanagementSystem] [           main] org.hibernate.HQL_FUNCTIONS              : Double cot(NUMERIC arg)
2024-07-13T19:06:49.673+05:30 DEBUG 36136 --- [EmployeemanagementSystem] [           main] org.hibernate.HQL_FUNCTIONS              : Long count([distinct ]{arg|*})
2024-07-13T19:06:49.673+05:30 DEBUG 36136 --- [EmployeemanagementSystem] [           main] org.hibernate.HQL_FUNCTIONS              : Integer crc32(arg)
2024-07-13T19:06:49.673+05:30 DEBUG 36136 --- [EmployeemanagementSystem] [           main] org.hibernate.HQL_FUNCTIONS              : Double cume_dist([arg0[, ...]])
2024-07-13T19:06:49.673+05:30 DEBUG 36136 --- [EmployeemanagementSystem] [           main] org.hibernate.HQL_FUNCTIONS              : Date curdate()
2024-07-13T19:06:49.673+05:30 DEBUG 36136 --- [EmployeemanagementSystem] [           main] org.hibernate.HQL_FUNCTIONS              : Date current date
2024-07-13T19:06:49.673+05:30 DEBUG 36136 --- [EmployeemanagementSystem] [           main] org.hibernate.HQL_FUNCTIONS              : Time current time
2024-07-13T19:06:49.673+05:30 DEBUG 36136 --- [EmployeemanagementSystem] [           main] org.hibernate.HQL_FUNCTIONS              : Timestamp current timestamp
2024-07-13T19:06:49.673+05:30 DEBUG 36136 --- [EmployeemanagementSystem] [           main] org.hibernate.HQL_FUNCTIONS              : Date current_date
2024-07-13T19:06:49.673+05:30 DEBUG 36136 --- [EmployeemanagementSystem] [           main] org.hibernate.HQL_FUNCTIONS              : Instant current_instant
2024-07-13T19:06:49.673+05:30 DEBUG 36136 --- [EmployeemanagementSystem] [           main] org.hibernate.HQL_FUNCTIONS              : Time current_time
2024-07-13T19:06:49.673+05:30 DEBUG 36136 --- [EmployeemanagementSystem] [           main] org.hibernate.HQL_FUNCTIONS              : Timestamp current_timestamp
2024-07-13T19:06:49.673+05:30 DEBUG 36136 --- [EmployeemanagementSystem] [           main] org.hibernate.HQL_FUNCTIONS              : Time curtime()
2024-07-13T19:06:49.673+05:30 DEBUG 36136 --- [EmployeemanagementSystem] [           main] org.hibernate.HQL_FUNCTIONS              : Date date(arg)
2024-07-13T19:06:49.673+05:30 DEBUG 36136 --- [EmployeemanagementSystem] [           main] org.hibernate.HQL_FUNCTIONS              : dateadd(TEMPORAL_UNIT field, INTEGER magnitude, TEMPORAL datetime)
2024-07-13T19:06:49.673+05:30 DEBUG 36136 --- [EmployeemanagementSystem] [           main] org.hibernate.HQL_FUNCTIONS              : Integer datediff(DATE end, DATE start)
2024-07-13T19:06:49.673+05:30 DEBUG 36136 --- [EmployeemanagementSystem] [           main] org.hibernate.HQL_FUNCTIONS              : Integer day(DATE arg)
2024-07-13T19:06:49.673+05:30 DEBUG 36136 --- [EmployeemanagementSystem] [           main] org.hibernate.HQL_FUNCTIONS              : String dayname(DATE arg)
2024-07-13T19:06:49.673+05:30 DEBUG 36136 --- [EmployeemanagementSystem] [           main] org.hibernate.HQL_FUNCTIONS              : Integer dayofmonth(DATE arg)
2024-07-13T19:06:49.673+05:30 DEBUG 36136 --- [EmployeemanagementSystem] [           main] org.hibernate.HQL_FUNCTIONS              : Integer dayofweek(DATE arg)
2024-07-13T19:06:49.673+05:30 DEBUG 36136 --- [EmployeemanagementSystem] [           main] org.hibernate.HQL_FUNCTIONS              : Integer dayofyear(DATE arg)
2024-07-13T19:06:49.673+05:30 DEBUG 36136 --- [EmployeemanagementSystem] [           main] org.hibernate.HQL_FUNCTIONS              : Double degrees(NUMERIC arg)
2024-07-13T19:06:49.673+05:30 DEBUG 36136 --- [EmployeemanagementSystem] [           main] org.hibernate.HQL_FUNCTIONS              : Long dense_rank([arg0[, ...]])
2024-07-13T19:06:49.673+05:30 DEBUG 36136 --- [EmployeemanagementSystem] [           main] org.hibernate.HQL_FUNCTIONS              : Boolean every(BOOLEAN arg)
2024-07-13T19:06:49.673+05:30 DEBUG 36136 --- [EmployeemanagementSystem] [           main] org.hibernate.HQL_FUNCTIONS              : Double exp(NUMERIC arg)
2024-07-13T19:06:49.673+05:30 DEBUG 36136 --- [EmployeemanagementSystem] [           main] org.hibernate.HQL_FUNCTIONS              : extract(TEMPORAL_UNIT field from TEMPORAL arg)
2024-07-13T19:06:49.673+05:30 DEBUG 36136 --- [EmployeemanagementSystem] [           main] org.hibernate.HQL_FUNCTIONS              : first_valueANY value
2024-07-13T19:06:49.673+05:30 DEBUG 36136 --- [EmployeemanagementSystem] [           main] org.hibernate.HQL_FUNCTIONS              : floor(NUMERIC arg)
2024-07-13T19:06:49.673+05:30 DEBUG 36136 --- [EmployeemanagementSystem] [           main] org.hibernate.HQL_FUNCTIONS              : String format(TEMPORAL datetime as STRING pattern)
2024-07-13T19:06:49.673+05:30 DEBUG 36136 --- [EmployeemanagementSystem] [           main] org.hibernate.HQL_FUNCTIONS              : greatest(COMPARABLE arg0, COMPARABLE arg1[, arg2[, ...]])
2024-07-13T19:06:49.673+05:30 DEBUG 36136 --- [EmployeemanagementSystem] [           main] org.hibernate.HQL_FUNCTIONS              : Integer hour(TIME arg)
2024-07-13T19:06:49.674+05:30 DEBUG 36136 --- [EmployeemanagementSystem] [           main] org.hibernate.HQL_FUNCTIONS              : ifnull(arg0, arg1)
2024-07-13T19:06:49.674+05:30 DEBUG 36136 --- [EmployeemanagementSystem] [           main] org.hibernate.HQL_FUNCTIONS              : String insert(STRING string, INTEGER start, INTEGER length, STRING replacement)
2024-07-13T19:06:49.674+05:30 DEBUG 36136 --- [EmployeemanagementSystem] [           main] org.hibernate.HQL_FUNCTIONS              : Instant instant
2024-07-13T19:06:49.674+05:30 DEBUG 36136 --- [EmployeemanagementSystem] [           main] org.hibernate.HQL_FUNCTIONS              : Integer instr(STRING string, STRING pattern[, INTEGER start[, INTEGER occurrence]])
2024-07-13T19:06:49.674+05:30 DEBUG 36136 --- [EmployeemanagementSystem] [           main] org.hibernate.HQL_FUNCTIONS              : lagANY value[, INTEGER offset[, ANY default]]
2024-07-13T19:06:49.674+05:30 DEBUG 36136 --- [EmployeemanagementSystem] [           main] org.hibernate.HQL_FUNCTIONS              : Date last_day(DATE arg)
2024-07-13T19:06:49.674+05:30 DEBUG 36136 --- [EmployeemanagementSystem] [           main] org.hibernate.HQL_FUNCTIONS              : last_valueANY value
2024-07-13T19:06:49.674+05:30 DEBUG 36136 --- [EmployeemanagementSystem] [           main] org.hibernate.HQL_FUNCTIONS              : leadANY value[, INTEGER offset[, ANY default]]
2024-07-13T19:06:49.674+05:30 DEBUG 36136 --- [EmployeemanagementSystem] [           main] org.hibernate.HQL_FUNCTIONS              : least(COMPARABLE arg0, COMPARABLE arg1[, arg2[, ...]])
2024-07-13T19:06:49.674+05:30 DEBUG 36136 --- [EmployeemanagementSystem] [           main] org.hibernate.HQL_FUNCTIONS              : String left(STRING string, INTEGER length)
2024-07-13T19:06:49.674+05:30 DEBUG 36136 --- [EmployeemanagementSystem] [           main] org.hibernate.HQL_FUNCTIONS              : Integer length(STRING_OR_CLOB arg)
2024-07-13T19:06:49.674+05:30 DEBUG 36136 --- [EmployeemanagementSystem] [           main] org.hibernate.HQL_FUNCTIONS              : String listagg(STRING arg0, STRING arg1)
2024-07-13T19:06:49.674+05:30 DEBUG 36136 --- [EmployeemanagementSystem] [           main] org.hibernate.HQL_FUNCTIONS              : Double ln(NUMERIC arg)
2024-07-13T19:06:49.674+05:30 DEBUG 36136 --- [EmployeemanagementSystem] [           main] org.hibernate.HQL_FUNCTIONS              : LocalDate local date
2024-07-13T19:06:49.674+05:30 DEBUG 36136 --- [EmployeemanagementSystem] [           main] org.hibernate.HQL_FUNCTIONS              : LocalDateTime local datetime
2024-07-13T19:06:49.674+05:30 DEBUG 36136 --- [EmployeemanagementSystem] [           main] org.hibernate.HQL_FUNCTIONS              : LocalTime local time
2024-07-13T19:06:49.674+05:30 DEBUG 36136 --- [EmployeemanagementSystem] [           main] org.hibernate.HQL_FUNCTIONS              : LocalDate local_date
2024-07-13T19:06:49.674+05:30 DEBUG 36136 --- [EmployeemanagementSystem] [           main] org.hibernate.HQL_FUNCTIONS              : LocalDateTime local_datetime
2024-07-13T19:06:49.674+05:30 DEBUG 36136 --- [EmployeemanagementSystem] [           main] org.hibernate.HQL_FUNCTIONS              : LocalTime local_time
2024-07-13T19:06:49.674+05:30 DEBUG 36136 --- [EmployeemanagementSystem] [           main] org.hibernate.HQL_FUNCTIONS              : Timestamp localtime
2024-07-13T19:06:49.674+05:30 DEBUG 36136 --- [EmployeemanagementSystem] [           main] org.hibernate.HQL_FUNCTIONS              : Timestamp localtimestamp
2024-07-13T19:06:49.674+05:30 DEBUG 36136 --- [EmployeemanagementSystem] [           main] org.hibernate.HQL_FUNCTIONS              : Integer locate(STRING pattern, STRING string[, INTEGER start])
2024-07-13T19:06:49.674+05:30 DEBUG 36136 --- [EmployeemanagementSystem] [           main] org.hibernate.HQL_FUNCTIONS              : Double log(NUMERIC arg0[, NUMERIC arg1])
2024-07-13T19:06:49.674+05:30 DEBUG 36136 --- [EmployeemanagementSystem] [           main] org.hibernate.HQL_FUNCTIONS              : Double log10(NUMERIC arg)
2024-07-13T19:06:49.674+05:30 DEBUG 36136 --- [EmployeemanagementSystem] [           main] org.hibernate.HQL_FUNCTIONS              : Double log2(NUMERIC arg)
2024-07-13T19:06:49.674+05:30 DEBUG 36136 --- [EmployeemanagementSystem] [           main] org.hibernate.HQL_FUNCTIONS              : String lower(STRING string)
2024-07-13T19:06:49.674+05:30 DEBUG 36136 --- [EmployeemanagementSystem] [           main] org.hibernate.HQL_FUNCTIONS              : String lpad(string, length[, padding])
2024-07-13T19:06:49.674+05:30 DEBUG 36136 --- [EmployeemanagementSystem] [           main] org.hibernate.HQL_FUNCTIONS              : String ltrim(STRING string[, STRING characters])
2024-07-13T19:06:49.674+05:30 DEBUG 36136 --- [EmployeemanagementSystem] [           main] org.hibernate.HQL_FUNCTIONS              : Date makedate(INTEGER year, INTEGER dayofyear)
2024-07-13T19:06:49.674+05:30 DEBUG 36136 --- [EmployeemanagementSystem] [           main] org.hibernate.HQL_FUNCTIONS              : Time maketime(INTEGER hour, INTEGER min, INTEGER sec)
2024-07-13T19:06:49.674+05:30 DEBUG 36136 --- [EmployeemanagementSystem] [           main] org.hibernate.HQL_FUNCTIONS              : max(COMPARABLE arg)
2024-07-13T19:06:49.674+05:30 DEBUG 36136 --- [EmployeemanagementSystem] [           main] org.hibernate.HQL_FUNCTIONS              : String md5(arg)
2024-07-13T19:06:49.674+05:30 DEBUG 36136 --- [EmployeemanagementSystem] [           main] org.hibernate.HQL_FUNCTIONS              : Integer microsecond(TIME arg)
2024-07-13T19:06:49.675+05:30 DEBUG 36136 --- [EmployeemanagementSystem] [           main] org.hibernate.HQL_FUNCTIONS              : min(COMPARABLE arg)
2024-07-13T19:06:49.675+05:30 DEBUG 36136 --- [EmployeemanagementSystem] [           main] org.hibernate.HQL_FUNCTIONS              : Integer minute(TIME arg)
2024-07-13T19:06:49.675+05:30 DEBUG 36136 --- [EmployeemanagementSystem] [           main] org.hibernate.HQL_FUNCTIONS              : Integer mod(INTEGER arg0, INTEGER arg1)
2024-07-13T19:06:49.675+05:30 DEBUG 36136 --- [EmployeemanagementSystem] [           main] org.hibernate.HQL_FUNCTIONS              : Integer month(DATE arg)
2024-07-13T19:06:49.675+05:30 DEBUG 36136 --- [EmployeemanagementSystem] [           main] org.hibernate.HQL_FUNCTIONS              : String monthname(DATE arg)
2024-07-13T19:06:49.675+05:30 DEBUG 36136 --- [EmployeemanagementSystem] [           main] org.hibernate.HQL_FUNCTIONS              : Timestamp now()
2024-07-13T19:06:49.675+05:30 DEBUG 36136 --- [EmployeemanagementSystem] [           main] org.hibernate.HQL_FUNCTIONS              : nth_valueANY value, INTEGER nth
2024-07-13T19:06:49.675+05:30 DEBUG 36136 --- [EmployeemanagementSystem] [           main] org.hibernate.HQL_FUNCTIONS              : nullif(arg0, arg1)
2024-07-13T19:06:49.675+05:30 DEBUG 36136 --- [EmployeemanagementSystem] [           main] org.hibernate.HQL_FUNCTIONS              : Integer octet_length(STRING_OR_CLOB arg)
2024-07-13T19:06:49.675+05:30 DEBUG 36136 --- [EmployeemanagementSystem] [           main] org.hibernate.HQL_FUNCTIONS              : OffsetDateTime offset datetime
2024-07-13T19:06:49.675+05:30 DEBUG 36136 --- [EmployeemanagementSystem] [           main] org.hibernate.HQL_FUNCTIONS              : OffsetDateTime offset_datetime
2024-07-13T19:06:49.675+05:30 DEBUG 36136 --- [EmployeemanagementSystem] [           main] org.hibernate.HQL_FUNCTIONS              : String overlay(STRING string placing STRING replacement from INTEGER start[ for INTEGER length])
2024-07-13T19:06:49.675+05:30 DEBUG 36136 --- [EmployeemanagementSystem] [           main] org.hibernate.HQL_FUNCTIONS              : String pad(STRING string with INTEGER length {leading|trailing}[ STRING character])
2024-07-13T19:06:49.675+05:30 DEBUG 36136 --- [EmployeemanagementSystem] [           main] org.hibernate.HQL_FUNCTIONS              : Double percent_rank([arg0[, ...]])
2024-07-13T19:06:49.675+05:30 DEBUG 36136 --- [EmployeemanagementSystem] [           main] org.hibernate.HQL_FUNCTIONS              : Double pi
2024-07-13T19:06:49.675+05:30 DEBUG 36136 --- [EmployeemanagementSystem] [           main] org.hibernate.HQL_FUNCTIONS              : Integer position(STRING pattern in STRING string)
2024-07-13T19:06:49.675+05:30 DEBUG 36136 --- [EmployeemanagementSystem] [           main] org.hibernate.HQL_FUNCTIONS              : Double power(NUMERIC arg0, NUMERIC arg1)
2024-07-13T19:06:49.675+05:30 DEBUG 36136 --- [EmployeemanagementSystem] [           main] org.hibernate.HQL_FUNCTIONS              : Integer quarter(DATE arg)
2024-07-13T19:06:49.675+05:30 DEBUG 36136 --- [EmployeemanagementSystem] [           main] org.hibernate.HQL_FUNCTIONS              : Double radians(NUMERIC arg)
2024-07-13T19:06:49.675+05:30 DEBUG 36136 --- [EmployeemanagementSystem] [           main] org.hibernate.HQL_FUNCTIONS              : Double rand([INTEGER seed])
2024-07-13T19:06:49.675+05:30 DEBUG 36136 --- [EmployeemanagementSystem] [           main] org.hibernate.HQL_FUNCTIONS              : Long rank([arg0[, ...]])
2024-07-13T19:06:49.675+05:30 DEBUG 36136 --- [EmployeemanagementSystem] [           main] org.hibernate.HQL_FUNCTIONS              : String repeat(STRING string, INTEGER times)
2024-07-13T19:06:49.675+05:30 DEBUG 36136 --- [EmployeemanagementSystem] [           main] org.hibernate.HQL_FUNCTIONS              : String replace(STRING string, STRING pattern, STRING replacement)
2024-07-13T19:06:49.675+05:30 DEBUG 36136 --- [EmployeemanagementSystem] [           main] org.hibernate.HQL_FUNCTIONS              : String reverse(STRING arg)
2024-07-13T19:06:49.675+05:30 DEBUG 36136 --- [EmployeemanagementSystem] [           main] org.hibernate.HQL_FUNCTIONS              : String right(STRING string, INTEGER length)
2024-07-13T19:06:49.675+05:30 DEBUG 36136 --- [EmployeemanagementSystem] [           main] org.hibernate.HQL_FUNCTIONS              : round(NUMERIC number[, INTEGER places])
2024-07-13T19:06:49.675+05:30 DEBUG 36136 --- [EmployeemanagementSystem] [           main] org.hibernate.HQL_FUNCTIONS              : Long row_number()
2024-07-13T19:06:49.675+05:30 DEBUG 36136 --- [EmployeemanagementSystem] [           main] org.hibernate.HQL_FUNCTIONS              : String rpad(string, length[, padding])
2024-07-13T19:06:49.675+05:30 DEBUG 36136 --- [EmployeemanagementSystem] [           main] org.hibernate.HQL_FUNCTIONS              : String rtrim(STRING string[, STRING characters])
2024-07-13T19:06:49.675+05:30 DEBUG 36136 --- [EmployeemanagementSystem] [           main] org.hibernate.HQL_FUNCTIONS              : Integer second(TIME arg)
2024-07-13T19:06:49.675+05:30 DEBUG 36136 --- [EmployeemanagementSystem] [           main] org.hibernate.HQL_FUNCTIONS              : String sha(arg)
2024-07-13T19:06:49.675+05:30 DEBUG 36136 --- [EmployeemanagementSystem] [           main] org.hibernate.HQL_FUNCTIONS              : String sha1(arg)
2024-07-13T19:06:49.678+05:30 DEBUG 36136 --- [EmployeemanagementSystem] [           main] org.hibernate.HQL_FUNCTIONS              : String sha2(arg0, arg1)
2024-07-13T19:06:49.678+05:30 DEBUG 36136 --- [EmployeemanagementSystem] [           main] org.hibernate.HQL_FUNCTIONS              : Integer sign(NUMERIC arg)
2024-07-13T19:06:49.678+05:30 DEBUG 36136 --- [EmployeemanagementSystem] [           main] org.hibernate.HQL_FUNCTIONS              : Double sin(NUMERIC arg)
2024-07-13T19:06:49.678+05:30 DEBUG 36136 --- [EmployeemanagementSystem] [           main] org.hibernate.HQL_FUNCTIONS              : Double sinh(NUMERIC arg)
2024-07-13T19:06:49.678+05:30 DEBUG 36136 --- [EmployeemanagementSystem] [           main] org.hibernate.HQL_FUNCTIONS              : String soundex(arg)
2024-07-13T19:06:49.678+05:30 DEBUG 36136 --- [EmployeemanagementSystem] [           main] org.hibernate.HQL_FUNCTIONS              : String space(INTEGER arg)
2024-07-13T19:06:49.678+05:30 DEBUG 36136 --- [EmployeemanagementSystem] [           main] org.hibernate.HQL_FUNCTIONS              : Object sql
2024-07-13T19:06:49.678+05:30 DEBUG 36136 --- [EmployeemanagementSystem] [           main] org.hibernate.HQL_FUNCTIONS              : Double sqrt(NUMERIC arg)
2024-07-13T19:06:49.678+05:30 DEBUG 36136 --- [EmployeemanagementSystem] [           main] org.hibernate.HQL_FUNCTIONS              : Double stddev(NUMERIC arg)
2024-07-13T19:06:49.678+05:30 DEBUG 36136 --- [EmployeemanagementSystem] [           main] org.hibernate.HQL_FUNCTIONS              : Double stddev_pop(NUMERIC arg)
2024-07-13T19:06:49.678+05:30 DEBUG 36136 --- [EmployeemanagementSystem] [           main] org.hibernate.HQL_FUNCTIONS              : Double stddev_samp(NUMERIC arg)
2024-07-13T19:06:49.679+05:30 DEBUG 36136 --- [EmployeemanagementSystem] [           main] org.hibernate.HQL_FUNCTIONS              : String str(arg)
2024-07-13T19:06:49.679+05:30 DEBUG 36136 --- [EmployeemanagementSystem] [           main] org.hibernate.HQL_FUNCTIONS              : subdate(DATE datetime, INTEGER days)
2024-07-13T19:06:49.679+05:30 DEBUG 36136 --- [EmployeemanagementSystem] [           main] org.hibernate.HQL_FUNCTIONS              : String substr(STRING string, INTEGER start[, INTEGER length])
2024-07-13T19:06:49.679+05:30 DEBUG 36136 --- [EmployeemanagementSystem] [           main] org.hibernate.HQL_FUNCTIONS              : String substring(STRING string{ from|,} INTEGER start[{ for|,} INTEGER length])
2024-07-13T19:06:49.679+05:30 DEBUG 36136 --- [EmployeemanagementSystem] [           main] org.hibernate.HQL_FUNCTIONS              : subtime(TIME datetime, TIME time)
2024-07-13T19:06:49.679+05:30 DEBUG 36136 --- [EmployeemanagementSystem] [           main] org.hibernate.HQL_FUNCTIONS              : sum(arg)
2024-07-13T19:06:49.679+05:30 DEBUG 36136 --- [EmployeemanagementSystem] [           main] org.hibernate.HQL_FUNCTIONS              : Timestamp sysdate()
2024-07-13T19:06:49.679+05:30 DEBUG 36136 --- [EmployeemanagementSystem] [           main] org.hibernate.HQL_FUNCTIONS              : Double tan(NUMERIC arg)
2024-07-13T19:06:49.679+05:30 DEBUG 36136 --- [EmployeemanagementSystem] [           main] org.hibernate.HQL_FUNCTIONS              : Double tanh(NUMERIC arg)
2024-07-13T19:06:49.679+05:30 DEBUG 36136 --- [EmployeemanagementSystem] [           main] org.hibernate.HQL_FUNCTIONS              : String time(arg)
2024-07-13T19:06:49.679+05:30 DEBUG 36136 --- [EmployeemanagementSystem] [           main] org.hibernate.HQL_FUNCTIONS              : Timestamp timestamp(arg0[, arg1])
2024-07-13T19:06:49.679+05:30 DEBUG 36136 --- [EmployeemanagementSystem] [           main] org.hibernate.HQL_FUNCTIONS              : timestampadd(TEMPORAL_UNIT field, INTEGER magnitude, TEMPORAL datetime)
2024-07-13T19:06:49.679+05:30 DEBUG 36136 --- [EmployeemanagementSystem] [           main] org.hibernate.HQL_FUNCTIONS              : Long|Double timestampdiff(TEMPORAL_UNIT field, TEMPORAL start, TEMPORAL end)
2024-07-13T19:06:49.679+05:30 DEBUG 36136 --- [EmployeemanagementSystem] [           main] org.hibernate.HQL_FUNCTIONS              : String trim([[{leading|trailing|both} ][STRING arg0 ]from] STRING arg1)
2024-07-13T19:06:49.679+05:30 DEBUG 36136 --- [EmployeemanagementSystem] [           main] org.hibernate.HQL_FUNCTIONS              : trunc( ... )
2024-07-13T19:06:49.679+05:30 DEBUG 36136 --- [EmployeemanagementSystem] [           main] org.hibernate.HQL_FUNCTIONS              : truncate( ... )
2024-07-13T19:06:49.679+05:30 DEBUG 36136 --- [EmployeemanagementSystem] [           main] org.hibernate.HQL_FUNCTIONS              : String upper(STRING string)
2024-07-13T19:06:49.679+05:30 DEBUG 36136 --- [EmployeemanagementSystem] [           main] org.hibernate.HQL_FUNCTIONS              : Date utc_date
2024-07-13T19:06:49.679+05:30 DEBUG 36136 --- [EmployeemanagementSystem] [           main] org.hibernate.HQL_FUNCTIONS              : Time utc_time
2024-07-13T19:06:49.679+05:30 DEBUG 36136 --- [EmployeemanagementSystem] [           main] org.hibernate.HQL_FUNCTIONS              : Timestamp utc_timestamp
2024-07-13T19:06:49.679+05:30 DEBUG 36136 --- [EmployeemanagementSystem] [           main] org.hibernate.HQL_FUNCTIONS              : Double var_pop(NUMERIC arg)
2024-07-13T19:06:49.679+05:30 DEBUG 36136 --- [EmployeemanagementSystem] [           main] org.hibernate.HQL_FUNCTIONS              : Double var_samp(NUMERIC arg)
2024-07-13T19:06:49.679+05:30 DEBUG 36136 --- [EmployeemanagementSystem] [           main] org.hibernate.HQL_FUNCTIONS              : Double variance(NUMERIC arg)
2024-07-13T19:06:49.679+05:30 DEBUG 36136 --- [EmployeemanagementSystem] [           main] org.hibernate.HQL_FUNCTIONS              : Integer week(DATE arg)
2024-07-13T19:06:49.679+05:30 DEBUG 36136 --- [EmployeemanagementSystem] [           main] org.hibernate.HQL_FUNCTIONS              : Integer year(DATE arg)
2024-07-13T19:06:49.682+05:30 DEBUG 36136 --- [EmployeemanagementSystem] [           main] org.hibernate.orm.query.plan.cache       : Starting QueryInterpretationCache(2048)
2024-07-13T19:06:49.740+05:30 DEBUG 36136 --- [EmployeemanagementSystem] [           main] .h.s.i.SessionFactoryServiceRegistryImpl : EventListenerRegistry access via ServiceRegistry is deprecated.  Use `sessionFactory.getEventEngine().getListenerRegistry()` instead
2024-07-13T19:06:49.741+05:30 DEBUG 36136 --- [EmployeemanagementSystem] [           main] h.e.i.EntityCopyObserverFactoryInitiator : Configured EntityCopyObserver strategy: disallow
2024-07-13T19:06:49.804+05:30 DEBUG 36136 --- [EmployeemanagementSystem] [           main] o.h.boot.internal.ClassLoaderAccessImpl  : Not known whether passed class name [com.org.EmployeemanagementSystem.entities.User] is safe
2024-07-13T19:06:49.804+05:30 DEBUG 36136 --- [EmployeemanagementSystem] [           main] o.h.boot.internal.ClassLoaderAccessImpl  : No temp ClassLoader provided; using live ClassLoader for loading potentially unsafe class : com.org.EmployeemanagementSystem.entities.User
2024-07-13T19:06:50.053+05:30 DEBUG 36136 --- [EmployeemanagementSystem] [           main] o.h.b.i.bytebuddy.BytecodeProviderImpl   : HHH000513: Unable to create the ReflectionOptimizer for [com.org.EmployeemanagementSystem.entities.User]: private accessor [companyName]
2024-07-13T19:06:50.086+05:30 DEBUG 36136 --- [EmployeemanagementSystem] [           main] o.hibernate.orm.model.mapping.creation   : Starting post-init callbacks
2024-07-13T19:06:50.086+05:30 DEBUG 36136 --- [EmployeemanagementSystem] [           main] o.hibernate.orm.model.mapping.creation   : Starting PostInitCallbackEntry : Entity(com.org.EmployeemanagementSystem.entities.User) `staticFetchableList` generator
2024-07-13T19:06:50.086+05:30 DEBUG 36136 --- [EmployeemanagementSystem] [           main] o.hibernate.orm.model.mapping.creation   : Starting PostInitCallbackEntry : Entity(com.org.EmployeemanagementSystem.entities.User) `sqmMultiTableInsertStrategy` interpretation
2024-07-13T19:06:50.133+05:30 DEBUG 36136 --- [EmployeemanagementSystem] [           main] org.hibernate.orm.sql.ast.create         : Created new SQL alias : u1_0
2024-07-13T19:06:50.134+05:30 DEBUG 36136 --- [EmployeemanagementSystem] [           main] org.hibernate.orm.sql.ast.create         : Registration of TableGroup [StandardTableGroup(com.org.EmployeemanagementSystem.entities.User)] with identifierForTableGroup [com.org.EmployeemanagementSystem.entities.User] for NavigablePath [com.org.EmployeemanagementSystem.entities.User] 
2024-07-13T19:06:50.142+05:30 DEBUG 36136 --- [EmployeemanagementSystem] [           main] org.hibernate.orm.results.graph.AST      : DomainResult Graph:
 \-EntityResultImpl [com.org.EmployeemanagementSystem.entities.User]
 |  +-BasicFetch [com.org.EmployeemanagementSystem.entities.User.companyName]
 |  +-BasicFetch [com.org.EmployeemanagementSystem.entities.User.createdAt]
 |  +-BasicFetch [com.org.EmployeemanagementSystem.entities.User.emailId]
 |  +-BasicFetch [com.org.EmployeemanagementSystem.entities.User.employeeAge]
 |  +-BasicFetch [com.org.EmployeemanagementSystem.entities.User.enable]
 |  +-BasicFetch [com.org.EmployeemanagementSystem.entities.User.jobTitle]
 |  +-BasicFetch [com.org.EmployeemanagementSystem.entities.User.mobileNumber]
 |  +-BasicFetch [com.org.EmployeemanagementSystem.entities.User.password]
 |  +-BasicFetch [com.org.EmployeemanagementSystem.entities.User.role]
 |  +-BasicFetch [com.org.EmployeemanagementSystem.entities.User.totalSalary]
 |  +-BasicFetch [com.org.EmployeemanagementSystem.entities.User.updatedAt]
 |  \-BasicFetch [com.org.EmployeemanagementSystem.entities.User.username]

2024-07-13T19:06:50.144+05:30 DEBUG 36136 --- [EmployeemanagementSystem] [           main] org.hibernate.orm.sql.ast.tree           : SQL AST Tree:
    SelectStatement {
      FromClause {
        StandardTableGroup (u1 : com.org.EmployeemanagementSystem.entities.User) {
          primaryTableReference : employee_management as u1_0
        }
      }
    }

2024-07-13T19:06:50.149+05:30 DEBUG 36136 --- [EmployeemanagementSystem] [           main] o.h.p.entity.AbstractEntityPersister     : Static SQL for entity: com.org.EmployeemanagementSystem.entities.User
2024-07-13T19:06:50.149+05:30 DEBUG 36136 --- [EmployeemanagementSystem] [           main] o.h.p.entity.AbstractEntityPersister     :  Version select: select employee_id from employee_management where employee_id=?
2024-07-13T19:06:50.149+05:30 DEBUG 36136 --- [EmployeemanagementSystem] [           main] o.h.p.entity.AbstractEntityPersister     :  Insert (0): insert into employee_management (company_name,created_at,email_id,employee_age,enable,job_title,mobile_number,password,role,total_salary,updated_at,user_name,employee_id) values (?,?,?,?,?,?,?,?,?,?,?,?,?)
2024-07-13T19:06:50.149+05:30 DEBUG 36136 --- [EmployeemanagementSystem] [           main] o.h.p.entity.AbstractEntityPersister     :  Update (0): update employee_management set company_name=?,created_at=?,email_id=?,employee_age=?,enable=?,job_title=?,mobile_number=?,password=?,role=?,total_salary=?,updated_at=?,user_name=? where employee_id=?
2024-07-13T19:06:50.149+05:30 DEBUG 36136 --- [EmployeemanagementSystem] [           main] o.h.p.entity.AbstractEntityPersister     :  Delete (0): delete from employee_management where employee_id=?
2024-07-13T19:06:50.163+05:30  INFO 36136 --- [EmployeemanagementSystem] [           main] o.h.e.t.j.p.i.JtaPlatformInitiator       : HHH000489: No JTA platform available (set 'hibernate.transaction.jta.platform' to enable JTA platform integration)
2024-07-13T19:06:50.163+05:30 DEBUG 36136 --- [EmployeemanagementSystem] [           main] o.h.type.spi.TypeConfiguration$Scope     : Scoping TypeConfiguration [org.hibernate.type.spi.TypeConfiguration@45dc7be] to SessionFactoryImplementor [org.hibernate.internal.SessionFactoryImpl@552b15f6]
2024-07-13T19:06:50.164+05:30 DEBUG 36136 --- [EmployeemanagementSystem] [           main] o.h.query.named.NamedObjectRepository    : Checking 0 named HQL queries
2024-07-13T19:06:50.164+05:30 DEBUG 36136 --- [EmployeemanagementSystem] [           main] o.h.query.named.NamedObjectRepository    : Checking 0 named SQL queries
2024-07-13T19:06:50.207+05:30 DEBUG 36136 --- [EmployeemanagementSystem] [           main] org.hibernate.mapping.Table              : No alter strings for table : employee_management
2024-07-13T19:06:50.207+05:30 DEBUG 36136 --- [EmployeemanagementSystem] [           main] org.hibernate.mapping.Table              : No alter strings for table : employee_management_seq
2024-07-13T19:06:50.208+05:30 DEBUG 36136 --- [EmployeemanagementSystem] [           main] o.h.internal.SessionFactoryRegistry      : Initializing SessionFactoryRegistry : org.hibernate.internal.SessionFactoryRegistry@6b6939e1
2024-07-13T19:06:50.208+05:30 DEBUG 36136 --- [EmployeemanagementSystem] [           main] o.h.internal.SessionFactoryRegistry      : Registering SessionFactory: 4c7ca45b-54dc-4a7a-9a83-2245cf1c6cd0 (<unnamed>)
2024-07-13T19:06:50.208+05:30 DEBUG 36136 --- [EmployeemanagementSystem] [           main] o.h.internal.SessionFactoryRegistry      : Not binding SessionFactory to JNDI, no JNDI name configured
2024-07-13T19:06:50.208+05:30 DEBUG 36136 --- [EmployeemanagementSystem] [           main] o.hibernate.internal.SessionFactoryImpl  : Instantiated SessionFactory
2024-07-13T19:06:50.208+05:30  INFO 36136 --- [EmployeemanagementSystem] [           main] j.LocalContainerEntityManagerFactoryBean : Initialized JPA EntityManagerFactory for persistence unit 'default'
2024-07-13T19:06:50.283+05:30 DEBUG 36136 --- [EmployeemanagementSystem] [           main] o.h.stat.internal.StatisticsInitiator    : Statistics initialized [enabled=false]
2024-07-13T19:06:50.355+05:30 DEBUG 36136 --- [EmployeemanagementSystem] [           main] cResourceLocalTransactionCoordinatorImpl : JDBC transaction marked for rollback-only (exception provided for stack trace)

java.lang.Exception: exception just for purpose of providing stack trace
	at org.hibernate.resource.transaction.backend.jdbc.internal.JdbcResourceLocalTransactionCoordinatorImpl$TransactionDriverControlImpl.markRollbackOnly(JdbcResourceLocalTransactionCoordinatorImpl.java:309) ~[hibernate-core-6.5.2.Final.jar:6.5.2.Final]
	at org.hibernate.internal.AbstractSharedSessionContract.buildNamedQuery(AbstractSharedSessionContract.java:1109) ~[hibernate-core-6.5.2.Final.jar:6.5.2.Final]
	at org.hibernate.internal.AbstractSharedSessionContract.createNamedQuery(AbstractSharedSessionContract.java:987) ~[hibernate-core-6.5.2.Final.jar:6.5.2.Final]
	at org.hibernate.internal.AbstractSharedSessionContract.createNamedQuery(AbstractSharedSessionContract.java:140) ~[hibernate-core-6.5.2.Final.jar:6.5.2.Final]
	at java.base/jdk.internal.reflect.NativeMethodAccessorImpl.invoke0(Native Method) ~[na:na]
	at java.base/jdk.internal.reflect.NativeMethodAccessorImpl.invoke(NativeMethodAccessorImpl.java:77) ~[na:na]
	at java.base/jdk.internal.reflect.DelegatingMethodAccessorImpl.invoke(DelegatingMethodAccessorImpl.java:43) ~[na:na]
	at java.base/java.lang.reflect.Method.invoke(Method.java:568) ~[na:na]
	at org.springframework.orm.jpa.ExtendedEntityManagerCreator$ExtendedEntityManagerInvocationHandler.invoke(ExtendedEntityManagerCreator.java:364) ~[spring-orm-6.1.10.jar:6.1.10]
	at jdk.proxy2/jdk.proxy2.$Proxy136.createNamedQuery(Unknown Source) ~[na:na]
	at org.springframework.data.jpa.repository.query.NamedQuery.hasNamedQuery(NamedQuery.java:112) ~[spring-data-jpa-3.3.1.jar:3.3.1]
	at org.springframework.data.jpa.repository.query.NamedQuery.lookupFrom(NamedQuery.java:138) ~[spring-data-jpa-3.3.1.jar:3.3.1]
	at org.springframework.data.jpa.repository.query.JpaQueryLookupStrategy$DeclaredQueryLookupStrategy.resolveQuery(JpaQueryLookupStrategy.java:180) ~[spring-data-jpa-3.3.1.jar:3.3.1]
	at org.springframework.data.jpa.repository.query.JpaQueryLookupStrategy$CreateIfNotFoundQueryLookupStrategy.resolveQuery(JpaQueryLookupStrategy.java:252) ~[spring-data-jpa-3.3.1.jar:3.3.1]
	at org.springframework.data.jpa.repository.query.JpaQueryLookupStrategy$AbstractQueryLookupStrategy.resolveQuery(JpaQueryLookupStrategy.java:95) ~[spring-data-jpa-3.3.1.jar:3.3.1]
	at org.springframework.data.repository.core.support.QueryExecutorMethodInterceptor.lookupQuery(QueryExecutorMethodInterceptor.java:111) ~[spring-data-commons-3.3.1.jar:3.3.1]
	at org.springframework.data.repository.core.support.QueryExecutorMethodInterceptor.mapMethodsToQuery(QueryExecutorMethodInterceptor.java:99) ~[spring-data-commons-3.3.1.jar:3.3.1]
	at org.springframework.data.repository.core.support.QueryExecutorMethodInterceptor.lambda$new$0(QueryExecutorMethodInterceptor.java:88) ~[spring-data-commons-3.3.1.jar:3.3.1]
	at java.base/java.util.Optional.map(Optional.java:260) ~[na:na]
	at org.springframework.data.repository.core.support.QueryExecutorMethodInterceptor.<init>(QueryExecutorMethodInterceptor.java:88) ~[spring-data-commons-3.3.1.jar:3.3.1]
	at org.springframework.data.repository.core.support.RepositoryFactorySupport.getRepository(RepositoryFactorySupport.java:357) ~[spring-data-commons-3.3.1.jar:3.3.1]
	at org.springframework.data.repository.core.support.RepositoryFactoryBeanSupport.lambda$afterPropertiesSet$5(RepositoryFactoryBeanSupport.java:286) ~[spring-data-commons-3.3.1.jar:3.3.1]
	at org.springframework.data.util.Lazy.getNullable(Lazy.java:135) ~[spring-data-commons-3.3.1.jar:3.3.1]
	at org.springframework.data.util.Lazy.get(Lazy.java:113) ~[spring-data-commons-3.3.1.jar:3.3.1]
	at org.springframework.data.repository.core.support.RepositoryFactoryBeanSupport.afterPropertiesSet(RepositoryFactoryBeanSupport.java:292) ~[spring-data-commons-3.3.1.jar:3.3.1]
	at org.springframework.data.jpa.repository.support.JpaRepositoryFactoryBean.afterPropertiesSet(JpaRepositoryFactoryBean.java:132) ~[spring-data-jpa-3.3.1.jar:3.3.1]
	at org.springframework.beans.factory.support.AbstractAutowireCapableBeanFactory.invokeInitMethods(AbstractAutowireCapableBeanFactory.java:1835) ~[spring-beans-6.1.10.jar:6.1.10]
	at org.springframework.beans.factory.support.AbstractAutowireCapableBeanFactory.initializeBean(AbstractAutowireCapableBeanFactory.java:1784) ~[spring-beans-6.1.10.jar:6.1.10]
	at org.springframework.beans.factory.support.AbstractAutowireCapableBeanFactory.doCreateBean(AbstractAutowireCapableBeanFactory.java:600) ~[spring-beans-6.1.10.jar:6.1.10]
	at org.springframework.beans.factory.support.AbstractAutowireCapableBeanFactory.createBean(AbstractAutowireCapableBeanFactory.java:522) ~[spring-beans-6.1.10.jar:6.1.10]
	at org.springframework.beans.factory.support.AbstractBeanFactory.lambda$doGetBean$0(AbstractBeanFactory.java:337) ~[spring-beans-6.1.10.jar:6.1.10]
	at org.springframework.beans.factory.support.DefaultSingletonBeanRegistry.getSingleton(DefaultSingletonBeanRegistry.java:234) ~[spring-beans-6.1.10.jar:6.1.10]
	at org.springframework.beans.factory.support.AbstractBeanFactory.doGetBean(AbstractBeanFactory.java:335) ~[spring-beans-6.1.10.jar:6.1.10]
	at org.springframework.beans.factory.support.AbstractBeanFactory.getBean(AbstractBeanFactory.java:200) ~[spring-beans-6.1.10.jar:6.1.10]
	at org.springframework.beans.factory.config.DependencyDescriptor.resolveCandidate(DependencyDescriptor.java:254) ~[spring-beans-6.1.10.jar:6.1.10]
	at org.springframework.beans.factory.support.DefaultListableBeanFactory.doResolveDependency(DefaultListableBeanFactory.java:1443) ~[spring-beans-6.1.10.jar:6.1.10]
	at org.springframework.beans.factory.support.DefaultListableBeanFactory.resolveDependency(DefaultListableBeanFactory.java:1353) ~[spring-beans-6.1.10.jar:6.1.10]
	at org.springframework.beans.factory.annotation.AutowiredAnnotationBeanPostProcessor$AutowiredFieldElement.resolveFieldValue(AutowiredAnnotationBeanPostProcessor.java:784) ~[spring-beans-6.1.10.jar:6.1.10]
	at org.springframework.beans.factory.annotation.AutowiredAnnotationBeanPostProcessor$AutowiredFieldElement.inject(AutowiredAnnotationBeanPostProcessor.java:767) ~[spring-beans-6.1.10.jar:6.1.10]
	at org.springframework.beans.factory.annotation.InjectionMetadata.inject(InjectionMetadata.java:145) ~[spring-beans-6.1.10.jar:6.1.10]
	at org.springframework.beans.factory.annotation.AutowiredAnnotationBeanPostProcessor.postProcessProperties(AutowiredAnnotationBeanPostProcessor.java:508) ~[spring-beans-6.1.10.jar:6.1.10]
	at org.springframework.beans.factory.support.AbstractAutowireCapableBeanFactory.populateBean(AbstractAutowireCapableBeanFactory.java:1421) ~[spring-beans-6.1.10.jar:6.1.10]
	at org.springframework.beans.factory.support.AbstractAutowireCapableBeanFactory.doCreateBean(AbstractAutowireCapableBeanFactory.java:599) ~[spring-beans-6.1.10.jar:6.1.10]
	at org.springframework.beans.factory.support.AbstractAutowireCapableBeanFactory.createBean(AbstractAutowireCapableBeanFactory.java:522) ~[spring-beans-6.1.10.jar:6.1.10]
	at org.springframework.beans.factory.support.AbstractBeanFactory.lambda$doGetBean$0(AbstractBeanFactory.java:337) ~[spring-beans-6.1.10.jar:6.1.10]
	at org.springframework.beans.factory.support.DefaultSingletonBeanRegistry.getSingleton(DefaultSingletonBeanRegistry.java:234) ~[spring-beans-6.1.10.jar:6.1.10]
	at org.springframework.beans.factory.support.AbstractBeanFactory.doGetBean(AbstractBeanFactory.java:335) ~[spring-beans-6.1.10.jar:6.1.10]
	at org.springframework.beans.factory.support.AbstractBeanFactory.getBean(AbstractBeanFactory.java:200) ~[spring-beans-6.1.10.jar:6.1.10]
	at org.springframework.beans.factory.support.DefaultListableBeanFactory.preInstantiateSingletons(DefaultListableBeanFactory.java:975) ~[spring-beans-6.1.10.jar:6.1.10]
	at org.springframework.context.support.AbstractApplicationContext.finishBeanFactoryInitialization(AbstractApplicationContext.java:962) ~[spring-context-6.1.10.jar:6.1.10]
	at org.springframework.context.support.AbstractApplicationContext.refresh(AbstractApplicationContext.java:624) ~[spring-context-6.1.10.jar:6.1.10]
	at org.springframework.boot.SpringApplication.refresh(SpringApplication.java:754) ~[spring-boot-3.3.1.jar:3.3.1]
	at org.springframework.boot.SpringApplication.refreshContext(SpringApplication.java:456) ~[spring-boot-3.3.1.jar:3.3.1]
	at org.springframework.boot.SpringApplication.run(SpringApplication.java:335) ~[spring-boot-3.3.1.jar:3.3.1]
	at org.springframework.boot.test.context.SpringBootContextLoader.lambda$loadContext$3(SpringBootContextLoader.java:137) ~[spring-boot-test-3.3.1.jar:3.3.1]
	at org.springframework.util.function.ThrowingSupplier.get(ThrowingSupplier.java:58) ~[spring-core-6.1.10.jar:6.1.10]
	at org.springframework.util.function.ThrowingSupplier.get(ThrowingSupplier.java:46) ~[spring-core-6.1.10.jar:6.1.10]
	at org.springframework.boot.SpringApplication.withHook(SpringApplication.java:1463) ~[spring-boot-3.3.1.jar:3.3.1]
	at org.springframework.boot.test.context.SpringBootContextLoader$ContextLoaderHook.run(SpringBootContextLoader.java:553) ~[spring-boot-test-3.3.1.jar:3.3.1]
	at org.springframework.boot.test.context.SpringBootContextLoader.loadContext(SpringBootContextLoader.java:137) ~[spring-boot-test-3.3.1.jar:3.3.1]
	at org.springframework.boot.test.context.SpringBootContextLoader.loadContext(SpringBootContextLoader.java:108) ~[spring-boot-test-3.3.1.jar:3.3.1]
	at org.springframework.test.context.cache.DefaultCacheAwareContextLoaderDelegate.loadContextInternal(DefaultCacheAwareContextLoaderDelegate.java:225) ~[spring-test-6.1.10.jar:6.1.10]
	at org.springframework.test.context.cache.DefaultCacheAwareContextLoaderDelegate.loadContext(DefaultCacheAwareContextLoaderDelegate.java:152) ~[spring-test-6.1.10.jar:6.1.10]
	at org.springframework.test.context.support.DefaultTestContext.getApplicationContext(DefaultTestContext.java:130) ~[spring-test-6.1.10.jar:6.1.10]
	at org.springframework.test.context.web.ServletTestExecutionListener.setUpRequestContextIfNecessary(ServletTestExecutionListener.java:191) ~[spring-test-6.1.10.jar:6.1.10]
	at org.springframework.test.context.web.ServletTestExecutionListener.prepareTestInstance(ServletTestExecutionListener.java:130) ~[spring-test-6.1.10.jar:6.1.10]
	at org.springframework.test.context.TestContextManager.prepareTestInstance(TestContextManager.java:260) ~[spring-test-6.1.10.jar:6.1.10]
	at org.springframework.test.context.junit.jupiter.SpringExtension.postProcessTestInstance(SpringExtension.java:163) ~[spring-test-6.1.10.jar:6.1.10]
	at org.junit.jupiter.engine.descriptor.ClassBasedTestDescriptor.lambda$invokeTestInstancePostProcessors$10(ClassBasedTestDescriptor.java:378) ~[junit-jupiter-engine-5.10.2.jar:5.10.2]
	at org.junit.jupiter.engine.descriptor.ClassBasedTestDescriptor.executeAndMaskThrowable(ClassBasedTestDescriptor.java:383) ~[junit-jupiter-engine-5.10.2.jar:5.10.2]
	at org.junit.jupiter.engine.descriptor.ClassBasedTestDescriptor.lambda$invokeTestInstancePostProcessors$11(ClassBasedTestDescriptor.java:378) ~[junit-jupiter-engine-5.10.2.jar:5.10.2]
	at java.base/java.util.stream.ReferencePipeline$3$1.accept(ReferencePipeline.java:197) ~[na:na]
	at java.base/java.util.stream.ReferencePipeline$2$1.accept(ReferencePipeline.java:179) ~[na:na]
	at java.base/java.util.ArrayList$ArrayListSpliterator.forEachRemaining(ArrayList.java:1625) ~[na:na]
	at java.base/java.util.stream.AbstractPipeline.copyInto(AbstractPipeline.java:509) ~[na:na]
	at java.base/java.util.stream.AbstractPipeline.wrapAndCopyInto(AbstractPipeline.java:499) ~[na:na]
	at java.base/java.util.stream.StreamSpliterators$WrappingSpliterator.forEachRemaining(StreamSpliterators.java:310) ~[na:na]
	at java.base/java.util.stream.Streams$ConcatSpliterator.forEachRemaining(Streams.java:735) ~[na:na]
	at java.base/java.util.stream.Streams$ConcatSpliterator.forEachRemaining(Streams.java:734) ~[na:na]
	at java.base/java.util.stream.ReferencePipeline$Head.forEach(ReferencePipeline.java:762) ~[na:na]
	at org.junit.jupiter.engine.descriptor.ClassBasedTestDescriptor.invokeTestInstancePostProcessors(ClassBasedTestDescriptor.java:377) ~[junit-jupiter-engine-5.10.2.jar:5.10.2]
	at org.junit.jupiter.engine.descriptor.ClassBasedTestDescriptor.lambda$instantiateAndPostProcessTestInstance$6(ClassBasedTestDescriptor.java:290) ~[junit-jupiter-engine-5.10.2.jar:5.10.2]
	at org.junit.platform.engine.support.hierarchical.ThrowableCollector.execute(ThrowableCollector.java:73) ~[junit-platform-engine-1.10.2.jar:1.10.2]
	at org.junit.jupiter.engine.descriptor.ClassBasedTestDescriptor.instantiateAndPostProcessTestInstance(ClassBasedTestDescriptor.java:289) ~[junit-jupiter-engine-5.10.2.jar:5.10.2]
	at org.junit.jupiter.engine.descriptor.ClassBasedTestDescriptor.lambda$testInstancesProvider$4(ClassBasedTestDescriptor.java:279) ~[junit-jupiter-engine-5.10.2.jar:5.10.2]
	at java.base/java.util.Optional.orElseGet(Optional.java:364) ~[na:na]
	at org.junit.jupiter.engine.descriptor.ClassBasedTestDescriptor.lambda$testInstancesProvider$5(ClassBasedTestDescriptor.java:278) ~[junit-jupiter-engine-5.10.2.jar:5.10.2]
	at org.junit.jupiter.engine.execution.TestInstancesProvider.getTestInstances(TestInstancesProvider.java:31) ~[junit-jupiter-engine-5.10.2.jar:5.10.2]
	at org.junit.jupiter.engine.descriptor.TestMethodTestDescriptor.lambda$prepare$0(TestMethodTestDescriptor.java:106) ~[junit-jupiter-engine-5.10.2.jar:5.10.2]
	at org.junit.platform.engine.support.hierarchical.ThrowableCollector.execute(ThrowableCollector.java:73) ~[junit-platform-engine-1.10.2.jar:1.10.2]
	at org.junit.jupiter.engine.descriptor.TestMethodTestDescriptor.prepare(TestMethodTestDescriptor.java:105) ~[junit-jupiter-engine-5.10.2.jar:5.10.2]
	at org.junit.jupiter.engine.descriptor.TestMethodTestDescriptor.prepare(TestMethodTestDescriptor.java:69) ~[junit-jupiter-engine-5.10.2.jar:5.10.2]
	at org.junit.platform.engine.support.hierarchical.NodeTestTask.lambda$prepare$2(NodeTestTask.java:123) ~[junit-platform-engine-1.10.2.jar:1.10.2]
	at org.junit.platform.engine.support.hierarchical.ThrowableCollector.execute(ThrowableCollector.java:73) ~[junit-platform-engine-1.10.2.jar:1.10.2]
	at org.junit.platform.engine.support.hierarchical.NodeTestTask.prepare(NodeTestTask.java:123) ~[junit-platform-engine-1.10.2.jar:1.10.2]
	at org.junit.platform.engine.support.hierarchical.NodeTestTask.execute(NodeTestTask.java:90) ~[junit-platform-engine-1.10.2.jar:1.10.2]
	at java.base/java.util.ArrayList.forEach(ArrayList.java:1511) ~[na:na]
	at org.junit.platform.engine.support.hierarchical.SameThreadHierarchicalTestExecutorService.invokeAll(SameThreadHierarchicalTestExecutorService.java:41) ~[junit-platform-engine-1.10.2.jar:1.10.2]
	at org.junit.platform.engine.support.hierarchical.NodeTestTask.lambda$executeRecursively$6(NodeTestTask.java:155) ~[junit-platform-engine-1.10.2.jar:1.10.2]
	at org.junit.platform.engine.support.hierarchical.ThrowableCollector.execute(ThrowableCollector.java:73) ~[junit-platform-engine-1.10.2.jar:1.10.2]
	at org.junit.platform.engine.support.hierarchical.NodeTestTask.lambda$executeRecursively$8(NodeTestTask.java:141) ~[junit-platform-engine-1.10.2.jar:1.10.2]
	at org.junit.platform.engine.support.hierarchical.Node.around(Node.java:137) ~[junit-platform-engine-1.10.2.jar:1.10.2]
	at org.junit.platform.engine.support.hierarchical.NodeTestTask.lambda$executeRecursively$9(NodeTestTask.java:139) ~[junit-platform-engine-1.10.2.jar:1.10.2]
	at org.junit.platform.engine.support.hierarchical.ThrowableCollector.execute(ThrowableCollector.java:73) ~[junit-platform-engine-1.10.2.jar:1.10.2]
	at org.junit.platform.engine.support.hierarchical.NodeTestTask.executeRecursively(NodeTestTask.java:138) ~[junit-platform-engine-1.10.2.jar:1.10.2]
	at org.junit.platform.engine.support.hierarchical.NodeTestTask.execute(NodeTestTask.java:95) ~[junit-platform-engine-1.10.2.jar:1.10.2]
	at java.base/java.util.ArrayList.forEach(ArrayList.java:1511) ~[na:na]
	at org.junit.platform.engine.support.hierarchical.SameThreadHierarchicalTestExecutorService.invokeAll(SameThreadHierarchicalTestExecutorService.java:41) ~[junit-platform-engine-1.10.2.jar:1.10.2]
	at org.junit.platform.engine.support.hierarchical.NodeTestTask.lambda$executeRecursively$6(NodeTestTask.java:155) ~[junit-platform-engine-1.10.2.jar:1.10.2]
	at org.junit.platform.engine.support.hierarchical.ThrowableCollector.execute(ThrowableCollector.java:73) ~[junit-platform-engine-1.10.2.jar:1.10.2]
	at org.junit.platform.engine.support.hierarchical.NodeTestTask.lambda$executeRecursively$8(NodeTestTask.java:141) ~[junit-platform-engine-1.10.2.jar:1.10.2]
	at org.junit.platform.engine.support.hierarchical.Node.around(Node.java:137) ~[junit-platform-engine-1.10.2.jar:1.10.2]
	at org.junit.platform.engine.support.hierarchical.NodeTestTask.lambda$executeRecursively$9(NodeTestTask.java:139) ~[junit-platform-engine-1.10.2.jar:1.10.2]
	at org.junit.platform.engine.support.hierarchical.ThrowableCollector.execute(ThrowableCollector.java:73) ~[junit-platform-engine-1.10.2.jar:1.10.2]
	at org.junit.platform.engine.support.hierarchical.NodeTestTask.executeRecursively(NodeTestTask.java:138) ~[junit-platform-engine-1.10.2.jar:1.10.2]
	at org.junit.platform.engine.support.hierarchical.NodeTestTask.execute(NodeTestTask.java:95) ~[junit-platform-engine-1.10.2.jar:1.10.2]
	at org.junit.platform.engine.support.hierarchical.SameThreadHierarchicalTestExecutorService.submit(SameThreadHierarchicalTestExecutorService.java:35) ~[junit-platform-engine-1.10.2.jar:1.10.2]
	at org.junit.platform.engine.support.hierarchical.HierarchicalTestExecutor.execute(HierarchicalTestExecutor.java:57) ~[junit-platform-engine-1.10.2.jar:1.10.2]
	at org.junit.platform.engine.support.hierarchical.HierarchicalTestEngine.execute(HierarchicalTestEngine.java:54) ~[junit-platform-engine-1.10.2.jar:1.10.2]
	at org.junit.platform.launcher.core.EngineExecutionOrchestrator.execute(EngineExecutionOrchestrator.java:198) ~[junit-platform-launcher-1.10.2.jar:1.10.2]
	at org.junit.platform.launcher.core.EngineExecutionOrchestrator.execute(EngineExecutionOrchestrator.java:169) ~[junit-platform-launcher-1.10.2.jar:1.10.2]
	at org.junit.platform.launcher.core.EngineExecutionOrchestrator.execute(EngineExecutionOrchestrator.java:93) ~[junit-platform-launcher-1.10.2.jar:1.10.2]
	at org.junit.platform.launcher.core.EngineExecutionOrchestrator.lambda$execute$0(EngineExecutionOrchestrator.java:58) ~[junit-platform-launcher-1.10.2.jar:1.10.2]
	at org.junit.platform.launcher.core.EngineExecutionOrchestrator.withInterceptedStreams(EngineExecutionOrchestrator.java:141) ~[junit-platform-launcher-1.10.2.jar:1.10.2]
	at org.junit.platform.launcher.core.EngineExecutionOrchestrator.execute(EngineExecutionOrchestrator.java:57) ~[junit-platform-launcher-1.10.2.jar:1.10.2]
	at org.junit.platform.launcher.core.DefaultLauncher.execute(DefaultLauncher.java:103) ~[junit-platform-launcher-1.10.2.jar:1.10.2]
	at org.junit.platform.launcher.core.DefaultLauncher.execute(DefaultLauncher.java:85) ~[junit-platform-launcher-1.10.2.jar:1.10.2]
	at org.junit.platform.launcher.core.DelegatingLauncher.execute(DelegatingLauncher.java:47) ~[junit-platform-launcher-1.10.2.jar:1.10.2]
	at org.apache.maven.surefire.junitplatform.LazyLauncher.execute(LazyLauncher.java:56) ~[surefire-junit-platform-3.2.5.jar:3.2.5]
	at org.apache.maven.surefire.junitplatform.JUnitPlatformProvider.execute(JUnitPlatformProvider.java:184) ~[surefire-junit-platform-3.2.5.jar:3.2.5]
	at org.apache.maven.surefire.junitplatform.JUnitPlatformProvider.invokeAllTests(JUnitPlatformProvider.java:148) ~[surefire-junit-platform-3.2.5.jar:3.2.5]
	at org.apache.maven.surefire.junitplatform.JUnitPlatformProvider.invoke(JUnitPlatformProvider.java:122) ~[surefire-junit-platform-3.2.5.jar:3.2.5]
	at org.apache.maven.surefire.booter.ForkedBooter.runSuitesInProcess(ForkedBooter.java:385) ~[surefire-booter-3.2.5.jar:3.2.5]
	at org.apache.maven.surefire.booter.ForkedBooter.execute(ForkedBooter.java:162) ~[surefire-booter-3.2.5.jar:3.2.5]
	at org.apache.maven.surefire.booter.ForkedBooter.run(ForkedBooter.java:507) ~[surefire-booter-3.2.5.jar:3.2.5]
	at org.apache.maven.surefire.booter.ForkedBooter.main(ForkedBooter.java:495) ~[surefire-booter-3.2.5.jar:3.2.5]

2024-07-13T19:06:50.473+05:30  INFO 36136 --- [EmployeemanagementSystem] [           main] eAuthenticationProviderManagerConfigurer : Global AuthenticationManager configured with AuthenticationProvider bean with name authenticationProvider
2024-07-13T19:06:50.577+05:30  WARN 36136 --- [EmployeemanagementSystem] [           main] JpaBaseConfiguration$JpaWebConfiguration : spring.jpa.open-in-view is enabled by default. Therefore, database queries may be performed during view rendering. Explicitly configure spring.jpa.open-in-view to disable this warning
2024-07-13T19:06:50.854+05:30 DEBUG 36136 --- [EmployeemanagementSystem] [           main] o.s.s.web.DefaultSecurityFilterChain     : Will secure any request with filters: DisableEncodeUrlFilter, WebAsyncManagerIntegrationFilter, SecurityContextHolderFilter, HeaderWriterFilter, CorsFilter, LogoutFilter, JWTAuthenticatioFilter, RequestCacheAwareFilter, SecurityContextHolderAwareRequestFilter, AnonymousAuthenticationFilter, SessionManagementFilter, ExceptionTranslationFilter, AuthorizationFilter
2024-07-13T19:06:50.893+05:30 ERROR 36136 --- [EmployeemanagementSystem] [           main] o.a.catalina.core.AprLifecycleListener   : An incompatible version [1.2.31] of the Apache Tomcat Native library is installed, while Tomcat requires version [1.2.34]
2024-07-13T19:06:50.961+05:30 DEBUG 36136 --- [EmployeemanagementSystem] [           main] .h.v.m.ResourceBundleMessageInterpolator : Loaded expression factory via original TCCL
2024-07-13T19:06:50.962+05:30 DEBUG 36136 --- [EmployeemanagementSystem] [           main] o.h.v.i.e.AbstractConfigurationImpl      : Setting custom MessageInterpolator of type org.springframework.validation.beanvalidation.LocaleContextMessageInterpolator
2024-07-13T19:06:50.963+05:30 DEBUG 36136 --- [EmployeemanagementSystem] [           main] o.h.v.i.e.AbstractConfigurationImpl      : Setting custom ConstraintValidatorFactory of type org.springframework.validation.beanvalidation.SpringConstraintValidatorFactory
2024-07-13T19:06:50.964+05:30 DEBUG 36136 --- [EmployeemanagementSystem] [           main] o.h.v.i.xml.config.ValidationXmlParser   : Trying to load META-INF/validation.xml for XML based Validator configuration.
2024-07-13T19:06:50.964+05:30 DEBUG 36136 --- [EmployeemanagementSystem] [           main] o.h.v.i.xml.config.ResourceLoaderHelper  : Trying to load META-INF/validation.xml via user class loader
2024-07-13T19:06:50.964+05:30 DEBUG 36136 --- [EmployeemanagementSystem] [           main] o.h.v.i.xml.config.ResourceLoaderHelper  : Trying to load META-INF/validation.xml via TCCL
2024-07-13T19:06:50.964+05:30 DEBUG 36136 --- [EmployeemanagementSystem] [           main] o.h.v.i.xml.config.ResourceLoaderHelper  : Trying to load META-INF/validation.xml via Hibernate Validator's class loader
2024-07-13T19:06:50.964+05:30 DEBUG 36136 --- [EmployeemanagementSystem] [           main] o.h.v.i.xml.config.ValidationXmlParser   : No META-INF/validation.xml found. Using annotation based configuration only.
2024-07-13T19:06:50.964+05:30 DEBUG 36136 --- [EmployeemanagementSystem] [           main] o.h.v.i.e.resolver.TraversableResolvers  : Found jakarta.persistence.Persistence on classpath containing 'getPersistenceUtil'. Assuming JPA 2 environment. Trying to instantiate JPA aware TraversableResolver
2024-07-13T19:06:50.964+05:30 DEBUG 36136 --- [EmployeemanagementSystem] [           main] o.h.v.i.e.resolver.TraversableResolvers  : Instantiated JPA aware TraversableResolver of type org.hibernate.validator.internal.engine.resolver.JPATraversableResolver.
2024-07-13T19:06:50.965+05:30 DEBUG 36136 --- [EmployeemanagementSystem] [           main] .i.e.ValidatorFactoryConfigurationHelper : HV000252: Using org.hibernate.validator.internal.engine.DefaultPropertyNodeNameProvider as property node name provider.
2024-07-13T19:06:50.965+05:30 DEBUG 36136 --- [EmployeemanagementSystem] [           main] .i.e.ValidatorFactoryConfigurationHelper : HV000234: Using org.springframework.validation.beanvalidation.LocaleContextMessageInterpolator as ValidatorFactory-scoped message interpolator.
2024-07-13T19:06:50.966+05:30 DEBUG 36136 --- [EmployeemanagementSystem] [           main] .i.e.ValidatorFactoryConfigurationHelper : HV000234: Using org.hibernate.validator.internal.engine.resolver.JPATraversableResolver as ValidatorFactory-scoped traversable resolver.
2024-07-13T19:06:50.966+05:30 DEBUG 36136 --- [EmployeemanagementSystem] [           main] .i.e.ValidatorFactoryConfigurationHelper : HV000234: Using org.hibernate.validator.internal.util.ExecutableParameterNameProvider as ValidatorFactory-scoped parameter name provider.
2024-07-13T19:06:50.966+05:30 DEBUG 36136 --- [EmployeemanagementSystem] [           main] .i.e.ValidatorFactoryConfigurationHelper : HV000234: Using org.hibernate.validator.internal.engine.DefaultClockProvider as ValidatorFactory-scoped clock provider.
2024-07-13T19:06:50.966+05:30 DEBUG 36136 --- [EmployeemanagementSystem] [           main] .i.e.ValidatorFactoryConfigurationHelper : HV000234: Using org.hibernate.validator.internal.engine.scripting.DefaultScriptEvaluatorFactory as ValidatorFactory-scoped script evaluator factory.
2024-07-13T19:06:51.082+05:30  WARN 36136 --- [EmployeemanagementSystem] [           main] ion$DefaultTemplateResolverConfiguration : Cannot find template location: classpath:/templates/ (please add some templates, check your Thymeleaf configuration, or set spring.thymeleaf.check-template-location=false)
2024-07-13T19:06:51.268+05:30  INFO 36136 --- [EmployeemanagementSystem] [           main] EmployeemanagementSystemApplicationTests : Started EmployeemanagementSystemApplicationTests in 3.788 seconds (process running for 4.514)
]]></system-out>
  </testcase>
</testsuite>